
>> APP VARIABLES
REDIS_GET 1
REDIS_SET 1
DB_FETCHES 1
LRU_SET 0
LRU_GET 0

>> TEST OUTPUTS
TEST_RUN_TIME (s) 0
APP_EXECUTIONS_COUNT 1
APP_EXECUTION_TIME (ms) 318
AVERAGE(APP_EXECUTION_TIME) (ms) 318

>> CHART
     318.00 ┼ 

 =============================================================== 

>> APP VARIABLES
REDIS_GET 2
REDIS_SET 2
DB_FETCHES 2
LRU_SET 0
LRU_GET 0

>> TEST OUTPUTS
TEST_RUN_TIME (s) 0
APP_EXECUTIONS_COUNT 2
APP_EXECUTION_TIME (ms) 262
AVERAGE(APP_EXECUTION_TIME) (ms) 290

>> CHART
     318.00 ┼╮ 
     312.40 ┤│ 
     306.80 ┤│ 
     301.20 ┤│ 
     295.60 ┤│ 
     290.00 ┤│ 
     284.40 ┤│ 
     278.80 ┤│ 
     273.20 ┤│ 
     267.60 ┤│ 
     262.00 ┤╰ 

 =============================================================== 

>> APP VARIABLES
REDIS_GET 3
REDIS_SET 3
DB_FETCHES 3
LRU_SET 0
LRU_GET 0

>> TEST OUTPUTS
TEST_RUN_TIME (s) 1
APP_EXECUTIONS_COUNT 3
APP_EXECUTION_TIME (ms) 266
AVERAGE(APP_EXECUTION_TIME) (ms) 282

>> CHART
     318.00 ┼╮  
     312.40 ┤│  
     306.80 ┤│  
     301.20 ┤│  
     295.60 ┤│  
     290.00 ┤│  
     284.40 ┤│  
     278.80 ┤│  
     273.20 ┤│  
     267.60 ┤│╭ 
     262.00 ┤╰╯ 

 =============================================================== 

>> APP VARIABLES
REDIS_GET 4
REDIS_SET 4
DB_FETCHES 4
LRU_SET 0
LRU_GET 0

>> TEST OUTPUTS
TEST_RUN_TIME (s) 1
APP_EXECUTIONS_COUNT 4
APP_EXECUTION_TIME (ms) 267
AVERAGE(APP_EXECUTION_TIME) (ms) 278

>> CHART
     318.00 ┼╮   
     312.40 ┤│   
     306.80 ┤│   
     301.20 ┤│   
     295.60 ┤│   
     290.00 ┤│   
     284.40 ┤│   
     278.80 ┤│   
     273.20 ┤│   
     267.60 ┤│╭─ 
     262.00 ┤╰╯  

 =============================================================== 

>> APP VARIABLES
REDIS_GET 5
REDIS_SET 5
DB_FETCHES 5
LRU_SET 0
LRU_GET 0

>> TEST OUTPUTS
TEST_RUN_TIME (s) 1
APP_EXECUTIONS_COUNT 5
APP_EXECUTION_TIME (ms) 266
AVERAGE(APP_EXECUTION_TIME) (ms) 276

>> CHART
     318.00 ┼╮    
     312.40 ┤│    
     306.80 ┤│    
     301.20 ┤│    
     295.60 ┤│    
     290.00 ┤│    
     284.40 ┤│    
     278.80 ┤│    
     273.20 ┤│    
     267.60 ┤│╭── 
     262.00 ┤╰╯   

 =============================================================== 

>> APP VARIABLES
REDIS_GET 6
REDIS_SET 5
DB_FETCHES 5
LRU_SET 0
LRU_GET 0

>> TEST OUTPUTS
TEST_RUN_TIME (s) 1
APP_EXECUTIONS_COUNT 6
APP_EXECUTION_TIME (ms) 31
AVERAGE(APP_EXECUTION_TIME) (ms) 235

>> CHART
     318.00 ┼╮     
     289.30 ┤│     
     260.60 ┤╰───╮ 
     231.90 ┤    │ 
     203.20 ┤    │ 
     174.50 ┤    │ 
     145.80 ┤    │ 
     117.10 ┤    │ 
      88.40 ┤    │ 
      59.70 ┤    │ 
      31.00 ┤    ╰ 

 =============================================================== 

>> APP VARIABLES
REDIS_GET 7
REDIS_SET 5
DB_FETCHES 5
LRU_SET 0
LRU_GET 0

>> TEST OUTPUTS
TEST_RUN_TIME (s) 1
APP_EXECUTIONS_COUNT 7
APP_EXECUTION_TIME (ms) 30
AVERAGE(APP_EXECUTION_TIME) (ms) 206

>> CHART
     318.00 ┼╮      
     289.20 ┤│      
     260.40 ┤╰───╮  
     231.60 ┤    │  
     202.80 ┤    │  
     174.00 ┤    │  
     145.20 ┤    │  
     116.40 ┤    │  
      87.60 ┤    │  
      58.80 ┤    │  
      30.00 ┤    ╰─ 

 =============================================================== 

>> APP VARIABLES
REDIS_GET 8
REDIS_SET 6
DB_FETCHES 6
LRU_SET 0
LRU_GET 0

>> TEST OUTPUTS
TEST_RUN_TIME (s) 1
APP_EXECUTIONS_COUNT 8
APP_EXECUTION_TIME (ms) 266
AVERAGE(APP_EXECUTION_TIME) (ms) 213

>> CHART
     318.00 ┼╮       
     289.20 ┤│       
     260.40 ┤╰───╮ ╭ 
     231.60 ┤    │ │ 
     202.80 ┤    │ │ 
     174.00 ┤    │ │ 
     145.20 ┤    │ │ 
     116.40 ┤    │ │ 
      87.60 ┤    │ │ 
      58.80 ┤    │ │ 
      30.00 ┤    ╰─╯ 

 =============================================================== 

>> APP VARIABLES
REDIS_GET 9
REDIS_SET 6
DB_FETCHES 6
LRU_SET 0
LRU_GET 0

>> TEST OUTPUTS
TEST_RUN_TIME (s) 2
APP_EXECUTIONS_COUNT 9
APP_EXECUTION_TIME (ms) 30
AVERAGE(APP_EXECUTION_TIME) (ms) 193

>> CHART
     318.00 ┼╮        
     289.20 ┤│        
     260.40 ┤╰───╮ ╭╮ 
     231.60 ┤    │ ││ 
     202.80 ┤    │ ││ 
     174.00 ┤    │ ││ 
     145.20 ┤    │ ││ 
     116.40 ┤    │ ││ 
      87.60 ┤    │ ││ 
      58.80 ┤    │ ││ 
      30.00 ┤    ╰─╯╰ 

 =============================================================== 

>> APP VARIABLES
REDIS_GET 10
REDIS_SET 7
DB_FETCHES 7
LRU_SET 0
LRU_GET 0

>> TEST OUTPUTS
TEST_RUN_TIME (s) 2
APP_EXECUTIONS_COUNT 10
APP_EXECUTION_TIME (ms) 267
AVERAGE(APP_EXECUTION_TIME) (ms) 200

>> CHART
     318.00 ┼╮         
     289.20 ┤│         
     260.40 ┤╰───╮ ╭╮╭ 
     231.60 ┤    │ │││ 
     202.80 ┤    │ │││ 
     174.00 ┤    │ │││ 
     145.20 ┤    │ │││ 
     116.40 ┤    │ │││ 
      87.60 ┤    │ │││ 
      58.80 ┤    │ │││ 
      30.00 ┤    ╰─╯╰╯ 

 =============================================================== 

>> APP VARIABLES
REDIS_GET 11
REDIS_SET 7
DB_FETCHES 7
LRU_SET 0
LRU_GET 0

>> TEST OUTPUTS
TEST_RUN_TIME (s) 2
APP_EXECUTIONS_COUNT 11
APP_EXECUTION_TIME (ms) 32
AVERAGE(APP_EXECUTION_TIME) (ms) 185

>> CHART
     318.00 ┼╮          
     289.20 ┤│          
     260.40 ┤╰───╮ ╭╮╭╮ 
     231.60 ┤    │ ││││ 
     202.80 ┤    │ ││││ 
     174.00 ┤    │ ││││ 
     145.20 ┤    │ ││││ 
     116.40 ┤    │ ││││ 
      87.60 ┤    │ ││││ 
      58.80 ┤    │ ││││ 
      30.00 ┤    ╰─╯╰╯╰ 

 =============================================================== 

>> APP VARIABLES
REDIS_GET 12
REDIS_SET 7
DB_FETCHES 7
LRU_SET 0
LRU_GET 0

>> TEST OUTPUTS
TEST_RUN_TIME (s) 2
APP_EXECUTIONS_COUNT 12
APP_EXECUTION_TIME (ms) 31
AVERAGE(APP_EXECUTION_TIME) (ms) 172

>> CHART
     318.00 ┼╮           
     289.20 ┤│           
     260.40 ┤╰───╮ ╭╮╭╮  
     231.60 ┤    │ ││││  
     202.80 ┤    │ ││││  
     174.00 ┤    │ ││││  
     145.20 ┤    │ ││││  
     116.40 ┤    │ ││││  
      87.60 ┤    │ ││││  
      58.80 ┤    │ ││││  
      30.00 ┤    ╰─╯╰╯╰─ 

 =============================================================== 

>> APP VARIABLES
REDIS_GET 13
REDIS_SET 8
DB_FETCHES 8
LRU_SET 0
LRU_GET 0

>> TEST OUTPUTS
TEST_RUN_TIME (s) 2
APP_EXECUTIONS_COUNT 13
APP_EXECUTION_TIME (ms) 267
AVERAGE(APP_EXECUTION_TIME) (ms) 179

>> CHART
     318.00 ┼╮            
     289.20 ┤│            
     260.40 ┤╰───╮ ╭╮╭╮ ╭ 
     231.60 ┤    │ ││││ │ 
     202.80 ┤    │ ││││ │ 
     174.00 ┤    │ ││││ │ 
     145.20 ┤    │ ││││ │ 
     116.40 ┤    │ ││││ │ 
      87.60 ┤    │ ││││ │ 
      58.80 ┤    │ ││││ │ 
      30.00 ┤    ╰─╯╰╯╰─╯ 

 =============================================================== 

>> APP VARIABLES
REDIS_GET 14
REDIS_SET 8
DB_FETCHES 8
LRU_SET 0
LRU_GET 0

>> TEST OUTPUTS
TEST_RUN_TIME (s) 2
APP_EXECUTIONS_COUNT 14
APP_EXECUTION_TIME (ms) 31
AVERAGE(APP_EXECUTION_TIME) (ms) 169

>> CHART
     318.00 ┼╮             
     289.20 ┤│             
     260.40 ┤╰───╮ ╭╮╭╮ ╭╮ 
     231.60 ┤    │ ││││ ││ 
     202.80 ┤    │ ││││ ││ 
     174.00 ┤    │ ││││ ││ 
     145.20 ┤    │ ││││ ││ 
     116.40 ┤    │ ││││ ││ 
      87.60 ┤    │ ││││ ││ 
      58.80 ┤    │ ││││ ││ 
      30.00 ┤    ╰─╯╰╯╰─╯╰ 

 =============================================================== 

>> APP VARIABLES
REDIS_GET 15
REDIS_SET 9
DB_FETCHES 9
LRU_SET 0
LRU_GET 0

>> TEST OUTPUTS
TEST_RUN_TIME (s) 2
APP_EXECUTIONS_COUNT 15
APP_EXECUTION_TIME (ms) 268
AVERAGE(APP_EXECUTION_TIME) (ms) 175

>> CHART
     318.00 ┼╮              
     289.20 ┤│              
     260.40 ┤╰───╮ ╭╮╭╮ ╭╮╭ 
     231.60 ┤    │ ││││ │││ 
     202.80 ┤    │ ││││ │││ 
     174.00 ┤    │ ││││ │││ 
     145.20 ┤    │ ││││ │││ 
     116.40 ┤    │ ││││ │││ 
      87.60 ┤    │ ││││ │││ 
      58.80 ┤    │ ││││ │││ 
      30.00 ┤    ╰─╯╰╯╰─╯╰╯ 

 =============================================================== 

>> APP VARIABLES
REDIS_GET 16
REDIS_SET 9
DB_FETCHES 9
LRU_SET 0
LRU_GET 0

>> TEST OUTPUTS
TEST_RUN_TIME (s) 3
APP_EXECUTIONS_COUNT 16
APP_EXECUTION_TIME (ms) 30
AVERAGE(APP_EXECUTION_TIME) (ms) 166

>> CHART
     318.00 ┼╮               
     289.20 ┤│               
     260.40 ┤╰───╮ ╭╮╭╮ ╭╮╭╮ 
     231.60 ┤    │ ││││ ││││ 
     202.80 ┤    │ ││││ ││││ 
     174.00 ┤    │ ││││ ││││ 
     145.20 ┤    │ ││││ ││││ 
     116.40 ┤    │ ││││ ││││ 
      87.60 ┤    │ ││││ ││││ 
      58.80 ┤    │ ││││ ││││ 
      30.00 ┤    ╰─╯╰╯╰─╯╰╯╰ 

 =============================================================== 

>> APP VARIABLES
REDIS_GET 17
REDIS_SET 9
DB_FETCHES 9
LRU_SET 0
LRU_GET 0

>> TEST OUTPUTS
TEST_RUN_TIME (s) 3
APP_EXECUTIONS_COUNT 17
APP_EXECUTION_TIME (ms) 32
AVERAGE(APP_EXECUTION_TIME) (ms) 158

>> CHART
     318.00 ┼╮                
     289.20 ┤│                
     260.40 ┤╰───╮ ╭╮╭╮ ╭╮╭╮  
     231.60 ┤    │ ││││ ││││  
     202.80 ┤    │ ││││ ││││  
     174.00 ┤    │ ││││ ││││  
     145.20 ┤    │ ││││ ││││  
     116.40 ┤    │ ││││ ││││  
      87.60 ┤    │ ││││ ││││  
      58.80 ┤    │ ││││ ││││  
      30.00 ┤    ╰─╯╰╯╰─╯╰╯╰─ 

 =============================================================== 

>> APP VARIABLES
REDIS_GET 18
REDIS_SET 9
DB_FETCHES 9
LRU_SET 0
LRU_GET 0

>> TEST OUTPUTS
TEST_RUN_TIME (s) 3
APP_EXECUTIONS_COUNT 18
APP_EXECUTION_TIME (ms) 30
AVERAGE(APP_EXECUTION_TIME) (ms) 151

>> CHART
     318.00 ┼╮                 
     289.20 ┤│                 
     260.40 ┤╰───╮ ╭╮╭╮ ╭╮╭╮   
     231.60 ┤    │ ││││ ││││   
     202.80 ┤    │ ││││ ││││   
     174.00 ┤    │ ││││ ││││   
     145.20 ┤    │ ││││ ││││   
     116.40 ┤    │ ││││ ││││   
      87.60 ┤    │ ││││ ││││   
      58.80 ┤    │ ││││ ││││   
      30.00 ┤    ╰─╯╰╯╰─╯╰╯╰── 

 =============================================================== 

>> APP VARIABLES
REDIS_GET 19
REDIS_SET 9
DB_FETCHES 9
LRU_SET 0
LRU_GET 0

>> TEST OUTPUTS
TEST_RUN_TIME (s) 3
APP_EXECUTIONS_COUNT 19
APP_EXECUTION_TIME (ms) 31
AVERAGE(APP_EXECUTION_TIME) (ms) 145

>> CHART
     318.00 ┼╮                  
     289.20 ┤│                  
     260.40 ┤╰───╮ ╭╮╭╮ ╭╮╭╮    
     231.60 ┤    │ ││││ ││││    
     202.80 ┤    │ ││││ ││││    
     174.00 ┤    │ ││││ ││││    
     145.20 ┤    │ ││││ ││││    
     116.40 ┤    │ ││││ ││││    
      87.60 ┤    │ ││││ ││││    
      58.80 ┤    │ ││││ ││││    
      30.00 ┤    ╰─╯╰╯╰─╯╰╯╰─── 

 =============================================================== 

>> APP VARIABLES
REDIS_GET 20
REDIS_SET 9
DB_FETCHES 9
LRU_SET 0
LRU_GET 0

>> TEST OUTPUTS
TEST_RUN_TIME (s) 3
APP_EXECUTIONS_COUNT 20
APP_EXECUTION_TIME (ms) 31
AVERAGE(APP_EXECUTION_TIME) (ms) 139

>> CHART
     318.00 ┼╮                   
     289.20 ┤│                   
     260.40 ┤╰───╮ ╭╮╭╮ ╭╮╭╮     
     231.60 ┤    │ ││││ ││││     
     202.80 ┤    │ ││││ ││││     
     174.00 ┤    │ ││││ ││││     
     145.20 ┤    │ ││││ ││││     
     116.40 ┤    │ ││││ ││││     
      87.60 ┤    │ ││││ ││││     
      58.80 ┤    │ ││││ ││││     
      30.00 ┤    ╰─╯╰╯╰─╯╰╯╰──── 

 =============================================================== 

>> APP VARIABLES
REDIS_GET 21
REDIS_SET 9
DB_FETCHES 9
LRU_SET 0
LRU_GET 0

>> TEST OUTPUTS
TEST_RUN_TIME (s) 3
APP_EXECUTIONS_COUNT 21
APP_EXECUTION_TIME (ms) 31
AVERAGE(APP_EXECUTION_TIME) (ms) 134

>> CHART
     318.00 ┼╮                    
     289.20 ┤│                    
     260.40 ┤╰───╮ ╭╮╭╮ ╭╮╭╮      
     231.60 ┤    │ ││││ ││││      
     202.80 ┤    │ ││││ ││││      
     174.00 ┤    │ ││││ ││││      
     145.20 ┤    │ ││││ ││││      
     116.40 ┤    │ ││││ ││││      
      87.60 ┤    │ ││││ ││││      
      58.80 ┤    │ ││││ ││││      
      30.00 ┤    ╰─╯╰╯╰─╯╰╯╰───── 

 =============================================================== 

>> APP VARIABLES
REDIS_GET 22
REDIS_SET 9
DB_FETCHES 9
LRU_SET 0
LRU_GET 0

>> TEST OUTPUTS
TEST_RUN_TIME (s) 3
APP_EXECUTIONS_COUNT 22
APP_EXECUTION_TIME (ms) 31
AVERAGE(APP_EXECUTION_TIME) (ms) 129

>> CHART
     318.00 ┼╮                     
     289.20 ┤│                     
     260.40 ┤╰───╮ ╭╮╭╮ ╭╮╭╮       
     231.60 ┤    │ ││││ ││││       
     202.80 ┤    │ ││││ ││││       
     174.00 ┤    │ ││││ ││││       
     145.20 ┤    │ ││││ ││││       
     116.40 ┤    │ ││││ ││││       
      87.60 ┤    │ ││││ ││││       
      58.80 ┤    │ ││││ ││││       
      30.00 ┤    ╰─╯╰╯╰─╯╰╯╰────── 

 =============================================================== 

>> APP VARIABLES
REDIS_GET 23
REDIS_SET 9
DB_FETCHES 9
LRU_SET 0
LRU_GET 0

>> TEST OUTPUTS
TEST_RUN_TIME (s) 3
APP_EXECUTIONS_COUNT 23
APP_EXECUTION_TIME (ms) 31
AVERAGE(APP_EXECUTION_TIME) (ms) 125

>> CHART
     318.00 ┼╮                      
     289.20 ┤│                      
     260.40 ┤╰───╮ ╭╮╭╮ ╭╮╭╮        
     231.60 ┤    │ ││││ ││││        
     202.80 ┤    │ ││││ ││││        
     174.00 ┤    │ ││││ ││││        
     145.20 ┤    │ ││││ ││││        
     116.40 ┤    │ ││││ ││││        
      87.60 ┤    │ ││││ ││││        
      58.80 ┤    │ ││││ ││││        
      30.00 ┤    ╰─╯╰╯╰─╯╰╯╰─────── 

 =============================================================== 

>> APP VARIABLES
REDIS_GET 24
REDIS_SET 9
DB_FETCHES 9
LRU_SET 0
LRU_GET 0

>> TEST OUTPUTS
TEST_RUN_TIME (s) 3
APP_EXECUTIONS_COUNT 24
APP_EXECUTION_TIME (ms) 31
AVERAGE(APP_EXECUTION_TIME) (ms) 121

>> CHART
     318.00 ┼╮                       
     289.20 ┤│                       
     260.40 ┤╰───╮ ╭╮╭╮ ╭╮╭╮         
     231.60 ┤    │ ││││ ││││         
     202.80 ┤    │ ││││ ││││         
     174.00 ┤    │ ││││ ││││         
     145.20 ┤    │ ││││ ││││         
     116.40 ┤    │ ││││ ││││         
      87.60 ┤    │ ││││ ││││         
      58.80 ┤    │ ││││ ││││         
      30.00 ┤    ╰─╯╰╯╰─╯╰╯╰──────── 

 =============================================================== 

>> APP VARIABLES
REDIS_GET 25
REDIS_SET 9
DB_FETCHES 9
LRU_SET 0
LRU_GET 0

>> TEST OUTPUTS
TEST_RUN_TIME (s) 3
APP_EXECUTIONS_COUNT 25
APP_EXECUTION_TIME (ms) 30
AVERAGE(APP_EXECUTION_TIME) (ms) 118

>> CHART
     318.00 ┼╮                        
     289.20 ┤│                        
     260.40 ┤╰───╮ ╭╮╭╮ ╭╮╭╮          
     231.60 ┤    │ ││││ ││││          
     202.80 ┤    │ ││││ ││││          
     174.00 ┤    │ ││││ ││││          
     145.20 ┤    │ ││││ ││││          
     116.40 ┤    │ ││││ ││││          
      87.60 ┤    │ ││││ ││││          
      58.80 ┤    │ ││││ ││││          
      30.00 ┤    ╰─╯╰╯╰─╯╰╯╰───────── 

 =============================================================== 

>> APP VARIABLES
REDIS_GET 26
REDIS_SET 9
DB_FETCHES 9
LRU_SET 0
LRU_GET 0

>> TEST OUTPUTS
TEST_RUN_TIME (s) 3
APP_EXECUTIONS_COUNT 26
APP_EXECUTION_TIME (ms) 31
AVERAGE(APP_EXECUTION_TIME) (ms) 114

>> CHART
     318.00 ┼╮                         
     289.20 ┤│                         
     260.40 ┤╰───╮ ╭╮╭╮ ╭╮╭╮           
     231.60 ┤    │ ││││ ││││           
     202.80 ┤    │ ││││ ││││           
     174.00 ┤    │ ││││ ││││           
     145.20 ┤    │ ││││ ││││           
     116.40 ┤    │ ││││ ││││           
      87.60 ┤    │ ││││ ││││           
      58.80 ┤    │ ││││ ││││           
      30.00 ┤    ╰─╯╰╯╰─╯╰╯╰────────── 

 =============================================================== 

>> APP VARIABLES
REDIS_GET 27
REDIS_SET 9
DB_FETCHES 9
LRU_SET 0
LRU_GET 0

>> TEST OUTPUTS
TEST_RUN_TIME (s) 3
APP_EXECUTIONS_COUNT 27
APP_EXECUTION_TIME (ms) 31
AVERAGE(APP_EXECUTION_TIME) (ms) 111

>> CHART
     318.00 ┼╮                          
     289.20 ┤│                          
     260.40 ┤╰───╮ ╭╮╭╮ ╭╮╭╮            
     231.60 ┤    │ ││││ ││││            
     202.80 ┤    │ ││││ ││││            
     174.00 ┤    │ ││││ ││││            
     145.20 ┤    │ ││││ ││││            
     116.40 ┤    │ ││││ ││││            
      87.60 ┤    │ ││││ ││││            
      58.80 ┤    │ ││││ ││││            
      30.00 ┤    ╰─╯╰╯╰─╯╰╯╰─────────── 

 =============================================================== 

>> APP VARIABLES
REDIS_GET 28
REDIS_SET 9
DB_FETCHES 9
LRU_SET 0
LRU_GET 0

>> TEST OUTPUTS
TEST_RUN_TIME (s) 3
APP_EXECUTIONS_COUNT 28
APP_EXECUTION_TIME (ms) 31
AVERAGE(APP_EXECUTION_TIME) (ms) 108

>> CHART
     318.00 ┼╮                           
     289.20 ┤│                           
     260.40 ┤╰───╮ ╭╮╭╮ ╭╮╭╮             
     231.60 ┤    │ ││││ ││││             
     202.80 ┤    │ ││││ ││││             
     174.00 ┤    │ ││││ ││││             
     145.20 ┤    │ ││││ ││││             
     116.40 ┤    │ ││││ ││││             
      87.60 ┤    │ ││││ ││││             
      58.80 ┤    │ ││││ ││││             
      30.00 ┤    ╰─╯╰╯╰─╯╰╯╰──────────── 

 =============================================================== 

>> APP VARIABLES
REDIS_GET 29
REDIS_SET 9
DB_FETCHES 9
LRU_SET 0
LRU_GET 0

>> TEST OUTPUTS
TEST_RUN_TIME (s) 3
APP_EXECUTIONS_COUNT 29
APP_EXECUTION_TIME (ms) 30
AVERAGE(APP_EXECUTION_TIME) (ms) 106

>> CHART
     318.00 ┼╮                            
     289.20 ┤│                            
     260.40 ┤╰───╮ ╭╮╭╮ ╭╮╭╮              
     231.60 ┤    │ ││││ ││││              
     202.80 ┤    │ ││││ ││││              
     174.00 ┤    │ ││││ ││││              
     145.20 ┤    │ ││││ ││││              
     116.40 ┤    │ ││││ ││││              
      87.60 ┤    │ ││││ ││││              
      58.80 ┤    │ ││││ ││││              
      30.00 ┤    ╰─╯╰╯╰─╯╰╯╰───────────── 

 =============================================================== 

>> APP VARIABLES
REDIS_GET 30
REDIS_SET 9
DB_FETCHES 9
LRU_SET 0
LRU_GET 0

>> TEST OUTPUTS
TEST_RUN_TIME (s) 3
APP_EXECUTIONS_COUNT 30
APP_EXECUTION_TIME (ms) 31
AVERAGE(APP_EXECUTION_TIME) (ms) 103

>> CHART
     318.00 ┼╮                             
     289.20 ┤│                             
     260.40 ┤╰───╮ ╭╮╭╮ ╭╮╭╮               
     231.60 ┤    │ ││││ ││││               
     202.80 ┤    │ ││││ ││││               
     174.00 ┤    │ ││││ ││││               
     145.20 ┤    │ ││││ ││││               
     116.40 ┤    │ ││││ ││││               
      87.60 ┤    │ ││││ ││││               
      58.80 ┤    │ ││││ ││││               
      30.00 ┤    ╰─╯╰╯╰─╯╰╯╰────────────── 

 =============================================================== 

>> APP VARIABLES
REDIS_GET 31
REDIS_SET 9
DB_FETCHES 9
LRU_SET 0
LRU_GET 0

>> TEST OUTPUTS
TEST_RUN_TIME (s) 3
APP_EXECUTIONS_COUNT 31
APP_EXECUTION_TIME (ms) 31
AVERAGE(APP_EXECUTION_TIME) (ms) 101

>> CHART
     318.00 ┼╮                              
     289.20 ┤│                              
     260.40 ┤╰───╮ ╭╮╭╮ ╭╮╭╮                
     231.60 ┤    │ ││││ ││││                
     202.80 ┤    │ ││││ ││││                
     174.00 ┤    │ ││││ ││││                
     145.20 ┤    │ ││││ ││││                
     116.40 ┤    │ ││││ ││││                
      87.60 ┤    │ ││││ ││││                
      58.80 ┤    │ ││││ ││││                
      30.00 ┤    ╰─╯╰╯╰─╯╰╯╰─────────────── 

 =============================================================== 

>> APP VARIABLES
REDIS_GET 32
REDIS_SET 10
DB_FETCHES 10
LRU_SET 0
LRU_GET 0

>> TEST OUTPUTS
TEST_RUN_TIME (s) 3
APP_EXECUTIONS_COUNT 32
APP_EXECUTION_TIME (ms) 268
AVERAGE(APP_EXECUTION_TIME) (ms) 106

>> CHART
     318.00 ┼╮                               
     289.20 ┤│                               
     260.40 ┤╰───╮ ╭╮╭╮ ╭╮╭╮               ╭ 
     231.60 ┤    │ ││││ ││││               │ 
     202.80 ┤    │ ││││ ││││               │ 
     174.00 ┤    │ ││││ ││││               │ 
     145.20 ┤    │ ││││ ││││               │ 
     116.40 ┤    │ ││││ ││││               │ 
      87.60 ┤    │ ││││ ││││               │ 
      58.80 ┤    │ ││││ ││││               │ 
      30.00 ┤    ╰─╯╰╯╰─╯╰╯╰───────────────╯ 

 =============================================================== 

>> APP VARIABLES
REDIS_GET 33
REDIS_SET 10
DB_FETCHES 10
LRU_SET 0
LRU_GET 0

>> TEST OUTPUTS
TEST_RUN_TIME (s) 3
APP_EXECUTIONS_COUNT 33
APP_EXECUTION_TIME (ms) 30
AVERAGE(APP_EXECUTION_TIME) (ms) 104

>> CHART
     318.00 ┼╮                                
     289.20 ┤│                                
     260.40 ┤╰───╮ ╭╮╭╮ ╭╮╭╮               ╭╮ 
     231.60 ┤    │ ││││ ││││               ││ 
     202.80 ┤    │ ││││ ││││               ││ 
     174.00 ┤    │ ││││ ││││               ││ 
     145.20 ┤    │ ││││ ││││               ││ 
     116.40 ┤    │ ││││ ││││               ││ 
      87.60 ┤    │ ││││ ││││               ││ 
      58.80 ┤    │ ││││ ││││               ││ 
      30.00 ┤    ╰─╯╰╯╰─╯╰╯╰───────────────╯╰ 

 =============================================================== 

>> APP VARIABLES
REDIS_GET 34
REDIS_SET 10
DB_FETCHES 10
LRU_SET 0
LRU_GET 0

>> TEST OUTPUTS
TEST_RUN_TIME (s) 3
APP_EXECUTIONS_COUNT 34
APP_EXECUTION_TIME (ms) 31
AVERAGE(APP_EXECUTION_TIME) (ms) 102

>> CHART
     318.00 ┼╮                                 
     289.20 ┤│                                 
     260.40 ┤╰───╮ ╭╮╭╮ ╭╮╭╮               ╭╮  
     231.60 ┤    │ ││││ ││││               ││  
     202.80 ┤    │ ││││ ││││               ││  
     174.00 ┤    │ ││││ ││││               ││  
     145.20 ┤    │ ││││ ││││               ││  
     116.40 ┤    │ ││││ ││││               ││  
      87.60 ┤    │ ││││ ││││               ││  
      58.80 ┤    │ ││││ ││││               ││  
      30.00 ┤    ╰─╯╰╯╰─╯╰╯╰───────────────╯╰─ 

 =============================================================== 

>> APP VARIABLES
REDIS_GET 35
REDIS_SET 10
DB_FETCHES 10
LRU_SET 0
LRU_GET 0

>> TEST OUTPUTS
TEST_RUN_TIME (s) 4
APP_EXECUTIONS_COUNT 35
APP_EXECUTION_TIME (ms) 32
AVERAGE(APP_EXECUTION_TIME) (ms) 100

>> CHART
     318.00 ┼╮                                  
     289.20 ┤│                                  
     260.40 ┤╰───╮ ╭╮╭╮ ╭╮╭╮               ╭╮   
     231.60 ┤    │ ││││ ││││               ││   
     202.80 ┤    │ ││││ ││││               ││   
     174.00 ┤    │ ││││ ││││               ││   
     145.20 ┤    │ ││││ ││││               ││   
     116.40 ┤    │ ││││ ││││               ││   
      87.60 ┤    │ ││││ ││││               ││   
      58.80 ┤    │ ││││ ││││               ││   
      30.00 ┤    ╰─╯╰╯╰─╯╰╯╰───────────────╯╰── 

 =============================================================== 

>> APP VARIABLES
REDIS_GET 36
REDIS_SET 10
DB_FETCHES 10
LRU_SET 0
LRU_GET 0

>> TEST OUTPUTS
TEST_RUN_TIME (s) 4
APP_EXECUTIONS_COUNT 36
APP_EXECUTION_TIME (ms) 31
AVERAGE(APP_EXECUTION_TIME) (ms) 98

>> CHART
     318.00 ┼╮                                   
     289.20 ┤│                                   
     260.40 ┤╰───╮ ╭╮╭╮ ╭╮╭╮               ╭╮    
     231.60 ┤    │ ││││ ││││               ││    
     202.80 ┤    │ ││││ ││││               ││    
     174.00 ┤    │ ││││ ││││               ││    
     145.20 ┤    │ ││││ ││││               ││    
     116.40 ┤    │ ││││ ││││               ││    
      87.60 ┤    │ ││││ ││││               ││    
      58.80 ┤    │ ││││ ││││               ││    
      30.00 ┤    ╰─╯╰╯╰─╯╰╯╰───────────────╯╰─── 

 =============================================================== 

>> APP VARIABLES
REDIS_GET 37
REDIS_SET 10
DB_FETCHES 10
LRU_SET 0
LRU_GET 0

>> TEST OUTPUTS
TEST_RUN_TIME (s) 4
APP_EXECUTIONS_COUNT 37
APP_EXECUTION_TIME (ms) 29
AVERAGE(APP_EXECUTION_TIME) (ms) 96

>> CHART
     318.00 ┼╮                                    
     289.10 ┤│                                    
     260.20 ┤╰───╮ ╭╮╭╮ ╭╮╭╮               ╭╮     
     231.30 ┤    │ ││││ ││││               ││     
     202.40 ┤    │ ││││ ││││               ││     
     173.50 ┤    │ ││││ ││││               ││     
     144.60 ┤    │ ││││ ││││               ││     
     115.70 ┤    │ ││││ ││││               ││     
      86.80 ┤    │ ││││ ││││               ││     
      57.90 ┤    │ ││││ ││││               ││     
      29.00 ┤    ╰─╯╰╯╰─╯╰╯╰───────────────╯╰──── 

 =============================================================== 

>> APP VARIABLES
REDIS_GET 38
REDIS_SET 10
DB_FETCHES 10
LRU_SET 0
LRU_GET 0

>> TEST OUTPUTS
TEST_RUN_TIME (s) 4
APP_EXECUTIONS_COUNT 38
APP_EXECUTION_TIME (ms) 31
AVERAGE(APP_EXECUTION_TIME) (ms) 94

>> CHART
     318.00 ┼╮                                     
     289.10 ┤│                                     
     260.20 ┤╰───╮ ╭╮╭╮ ╭╮╭╮               ╭╮      
     231.30 ┤    │ ││││ ││││               ││      
     202.40 ┤    │ ││││ ││││               ││      
     173.50 ┤    │ ││││ ││││               ││      
     144.60 ┤    │ ││││ ││││               ││      
     115.70 ┤    │ ││││ ││││               ││      
      86.80 ┤    │ ││││ ││││               ││      
      57.90 ┤    │ ││││ ││││               ││      
      29.00 ┤    ╰─╯╰╯╰─╯╰╯╰───────────────╯╰───── 

 =============================================================== 

>> APP VARIABLES
REDIS_GET 39
REDIS_SET 10
DB_FETCHES 10
LRU_SET 0
LRU_GET 0

>> TEST OUTPUTS
TEST_RUN_TIME (s) 4
APP_EXECUTIONS_COUNT 39
APP_EXECUTION_TIME (ms) 31
AVERAGE(APP_EXECUTION_TIME) (ms) 93

>> CHART
     318.00 ┼╮                                      
     289.10 ┤│                                      
     260.20 ┤╰───╮ ╭╮╭╮ ╭╮╭╮               ╭╮       
     231.30 ┤    │ ││││ ││││               ││       
     202.40 ┤    │ ││││ ││││               ││       
     173.50 ┤    │ ││││ ││││               ││       
     144.60 ┤    │ ││││ ││││               ││       
     115.70 ┤    │ ││││ ││││               ││       
      86.80 ┤    │ ││││ ││││               ││       
      57.90 ┤    │ ││││ ││││               ││       
      29.00 ┤    ╰─╯╰╯╰─╯╰╯╰───────────────╯╰────── 

 =============================================================== 

>> APP VARIABLES
REDIS_GET 40
REDIS_SET 10
DB_FETCHES 10
LRU_SET 0
LRU_GET 0

>> TEST OUTPUTS
TEST_RUN_TIME (s) 4
APP_EXECUTIONS_COUNT 40
APP_EXECUTION_TIME (ms) 31
AVERAGE(APP_EXECUTION_TIME) (ms) 91

>> CHART
     318.00 ┼╮                                       
     289.10 ┤│                                       
     260.20 ┤╰───╮ ╭╮╭╮ ╭╮╭╮               ╭╮        
     231.30 ┤    │ ││││ ││││               ││        
     202.40 ┤    │ ││││ ││││               ││        
     173.50 ┤    │ ││││ ││││               ││        
     144.60 ┤    │ ││││ ││││               ││        
     115.70 ┤    │ ││││ ││││               ││        
      86.80 ┤    │ ││││ ││││               ││        
      57.90 ┤    │ ││││ ││││               ││        
      29.00 ┤    ╰─╯╰╯╰─╯╰╯╰───────────────╯╰─────── 

 =============================================================== 

>> APP VARIABLES
REDIS_GET 41
REDIS_SET 10
DB_FETCHES 10
LRU_SET 0
LRU_GET 0

>> TEST OUTPUTS
TEST_RUN_TIME (s) 4
APP_EXECUTIONS_COUNT 41
APP_EXECUTION_TIME (ms) 31
AVERAGE(APP_EXECUTION_TIME) (ms) 90

>> CHART
     318.00 ┼╮                                        
     289.10 ┤│                                        
     260.20 ┤╰───╮ ╭╮╭╮ ╭╮╭╮               ╭╮         
     231.30 ┤    │ ││││ ││││               ││         
     202.40 ┤    │ ││││ ││││               ││         
     173.50 ┤    │ ││││ ││││               ││         
     144.60 ┤    │ ││││ ││││               ││         
     115.70 ┤    │ ││││ ││││               ││         
      86.80 ┤    │ ││││ ││││               ││         
      57.90 ┤    │ ││││ ││││               ││         
      29.00 ┤    ╰─╯╰╯╰─╯╰╯╰───────────────╯╰──────── 

 =============================================================== 

>> APP VARIABLES
REDIS_GET 42
REDIS_SET 10
DB_FETCHES 10
LRU_SET 0
LRU_GET 0

>> TEST OUTPUTS
TEST_RUN_TIME (s) 4
APP_EXECUTIONS_COUNT 42
APP_EXECUTION_TIME (ms) 31
AVERAGE(APP_EXECUTION_TIME) (ms) 88

>> CHART
     318.00 ┼╮                                         
     289.10 ┤│                                         
     260.20 ┤╰───╮ ╭╮╭╮ ╭╮╭╮               ╭╮          
     231.30 ┤    │ ││││ ││││               ││          
     202.40 ┤    │ ││││ ││││               ││          
     173.50 ┤    │ ││││ ││││               ││          
     144.60 ┤    │ ││││ ││││               ││          
     115.70 ┤    │ ││││ ││││               ││          
      86.80 ┤    │ ││││ ││││               ││          
      57.90 ┤    │ ││││ ││││               ││          
      29.00 ┤    ╰─╯╰╯╰─╯╰╯╰───────────────╯╰───────── 

 =============================================================== 

>> APP VARIABLES
REDIS_GET 43
REDIS_SET 10
DB_FETCHES 10
LRU_SET 0
LRU_GET 0

>> TEST OUTPUTS
TEST_RUN_TIME (s) 4
APP_EXECUTIONS_COUNT 43
APP_EXECUTION_TIME (ms) 31
AVERAGE(APP_EXECUTION_TIME) (ms) 87

>> CHART
     318.00 ┼╮                                          
     289.10 ┤│                                          
     260.20 ┤╰───╮ ╭╮╭╮ ╭╮╭╮               ╭╮           
     231.30 ┤    │ ││││ ││││               ││           
     202.40 ┤    │ ││││ ││││               ││           
     173.50 ┤    │ ││││ ││││               ││           
     144.60 ┤    │ ││││ ││││               ││           
     115.70 ┤    │ ││││ ││││               ││           
      86.80 ┤    │ ││││ ││││               ││           
      57.90 ┤    │ ││││ ││││               ││           
      29.00 ┤    ╰─╯╰╯╰─╯╰╯╰───────────────╯╰────────── 

 =============================================================== 

>> APP VARIABLES
REDIS_GET 44
REDIS_SET 10
DB_FETCHES 10
LRU_SET 0
LRU_GET 0

>> TEST OUTPUTS
TEST_RUN_TIME (s) 4
APP_EXECUTIONS_COUNT 44
APP_EXECUTION_TIME (ms) 31
AVERAGE(APP_EXECUTION_TIME) (ms) 86

>> CHART
     318.00 ┼╮                                           
     289.10 ┤│                                           
     260.20 ┤╰───╮ ╭╮╭╮ ╭╮╭╮               ╭╮            
     231.30 ┤    │ ││││ ││││               ││            
     202.40 ┤    │ ││││ ││││               ││            
     173.50 ┤    │ ││││ ││││               ││            
     144.60 ┤    │ ││││ ││││               ││            
     115.70 ┤    │ ││││ ││││               ││            
      86.80 ┤    │ ││││ ││││               ││            
      57.90 ┤    │ ││││ ││││               ││            
      29.00 ┤    ╰─╯╰╯╰─╯╰╯╰───────────────╯╰─────────── 

 =============================================================== 

>> APP VARIABLES
REDIS_GET 45
REDIS_SET 10
DB_FETCHES 10
LRU_SET 0
LRU_GET 0

>> TEST OUTPUTS
TEST_RUN_TIME (s) 4
APP_EXECUTIONS_COUNT 45
APP_EXECUTION_TIME (ms) 31
AVERAGE(APP_EXECUTION_TIME) (ms) 84

>> CHART
     318.00 ┼╮                                            
     289.10 ┤│                                            
     260.20 ┤╰───╮ ╭╮╭╮ ╭╮╭╮               ╭╮             
     231.30 ┤    │ ││││ ││││               ││             
     202.40 ┤    │ ││││ ││││               ││             
     173.50 ┤    │ ││││ ││││               ││             
     144.60 ┤    │ ││││ ││││               ││             
     115.70 ┤    │ ││││ ││││               ││             
      86.80 ┤    │ ││││ ││││               ││             
      57.90 ┤    │ ││││ ││││               ││             
      29.00 ┤    ╰─╯╰╯╰─╯╰╯╰───────────────╯╰──────────── 

 =============================================================== 

>> APP VARIABLES
REDIS_GET 46
REDIS_SET 10
DB_FETCHES 10
LRU_SET 0
LRU_GET 0

>> TEST OUTPUTS
TEST_RUN_TIME (s) 4
APP_EXECUTIONS_COUNT 46
APP_EXECUTION_TIME (ms) 31
AVERAGE(APP_EXECUTION_TIME) (ms) 83

>> CHART
     318.00 ┼╮                                             
     289.10 ┤│                                             
     260.20 ┤╰───╮ ╭╮╭╮ ╭╮╭╮               ╭╮              
     231.30 ┤    │ ││││ ││││               ││              
     202.40 ┤    │ ││││ ││││               ││              
     173.50 ┤    │ ││││ ││││               ││              
     144.60 ┤    │ ││││ ││││               ││              
     115.70 ┤    │ ││││ ││││               ││              
      86.80 ┤    │ ││││ ││││               ││              
      57.90 ┤    │ ││││ ││││               ││              
      29.00 ┤    ╰─╯╰╯╰─╯╰╯╰───────────────╯╰───────────── 

 =============================================================== 

>> APP VARIABLES
REDIS_GET 47
REDIS_SET 10
DB_FETCHES 10
LRU_SET 0
LRU_GET 0

>> TEST OUTPUTS
TEST_RUN_TIME (s) 4
APP_EXECUTIONS_COUNT 47
APP_EXECUTION_TIME (ms) 31
AVERAGE(APP_EXECUTION_TIME) (ms) 82

>> CHART
     318.00 ┼╮                                              
     289.10 ┤│                                              
     260.20 ┤╰───╮ ╭╮╭╮ ╭╮╭╮               ╭╮               
     231.30 ┤    │ ││││ ││││               ││               
     202.40 ┤    │ ││││ ││││               ││               
     173.50 ┤    │ ││││ ││││               ││               
     144.60 ┤    │ ││││ ││││               ││               
     115.70 ┤    │ ││││ ││││               ││               
      86.80 ┤    │ ││││ ││││               ││               
      57.90 ┤    │ ││││ ││││               ││               
      29.00 ┤    ╰─╯╰╯╰─╯╰╯╰───────────────╯╰────────────── 

 =============================================================== 

>> APP VARIABLES
REDIS_GET 48
REDIS_SET 10
DB_FETCHES 10
LRU_SET 0
LRU_GET 0

>> TEST OUTPUTS
TEST_RUN_TIME (s) 4
APP_EXECUTIONS_COUNT 48
APP_EXECUTION_TIME (ms) 32
AVERAGE(APP_EXECUTION_TIME) (ms) 81

>> CHART
     318.00 ┼╮                                               
     289.10 ┤│                                               
     260.20 ┤╰───╮ ╭╮╭╮ ╭╮╭╮               ╭╮                
     231.30 ┤    │ ││││ ││││               ││                
     202.40 ┤    │ ││││ ││││               ││                
     173.50 ┤    │ ││││ ││││               ││                
     144.60 ┤    │ ││││ ││││               ││                
     115.70 ┤    │ ││││ ││││               ││                
      86.80 ┤    │ ││││ ││││               ││                
      57.90 ┤    │ ││││ ││││               ││                
      29.00 ┤    ╰─╯╰╯╰─╯╰╯╰───────────────╯╰─────────────── 

 =============================================================== 

>> APP VARIABLES
REDIS_GET 49
REDIS_SET 10
DB_FETCHES 10
LRU_SET 0
LRU_GET 0

>> TEST OUTPUTS
TEST_RUN_TIME (s) 4
APP_EXECUTIONS_COUNT 49
APP_EXECUTION_TIME (ms) 31
AVERAGE(APP_EXECUTION_TIME) (ms) 80

>> CHART
     318.00 ┼╮                                                
     289.10 ┤│                                                
     260.20 ┤╰───╮ ╭╮╭╮ ╭╮╭╮               ╭╮                 
     231.30 ┤    │ ││││ ││││               ││                 
     202.40 ┤    │ ││││ ││││               ││                 
     173.50 ┤    │ ││││ ││││               ││                 
     144.60 ┤    │ ││││ ││││               ││                 
     115.70 ┤    │ ││││ ││││               ││                 
      86.80 ┤    │ ││││ ││││               ││                 
      57.90 ┤    │ ││││ ││││               ││                 
      29.00 ┤    ╰─╯╰╯╰─╯╰╯╰───────────────╯╰──────────────── 

 =============================================================== 

>> APP VARIABLES
REDIS_GET 50
REDIS_SET 10
DB_FETCHES 10
LRU_SET 0
LRU_GET 0

>> TEST OUTPUTS
TEST_RUN_TIME (s) 4
APP_EXECUTIONS_COUNT 50
APP_EXECUTION_TIME (ms) 30
AVERAGE(APP_EXECUTION_TIME) (ms) 79

>> CHART
     318.00 ┼╮                                                 
     289.10 ┤│                                                 
     260.20 ┤╰───╮ ╭╮╭╮ ╭╮╭╮               ╭╮                  
     231.30 ┤    │ ││││ ││││               ││                  
     202.40 ┤    │ ││││ ││││               ││                  
     173.50 ┤    │ ││││ ││││               ││                  
     144.60 ┤    │ ││││ ││││               ││                  
     115.70 ┤    │ ││││ ││││               ││                  
      86.80 ┤    │ ││││ ││││               ││                  
      57.90 ┤    │ ││││ ││││               ││                  
      29.00 ┤    ╰─╯╰╯╰─╯╰╯╰───────────────╯╰───────────────── 

 =============================================================== 

>> APP VARIABLES
REDIS_GET 51
REDIS_SET 10
DB_FETCHES 10
LRU_SET 0
LRU_GET 0

>> TEST OUTPUTS
TEST_RUN_TIME (s) 4
APP_EXECUTIONS_COUNT 51
APP_EXECUTION_TIME (ms) 32
AVERAGE(APP_EXECUTION_TIME) (ms) 78

>> CHART
     318.00 ┼╮                                                  
     289.10 ┤│                                                  
     260.20 ┤╰───╮ ╭╮╭╮ ╭╮╭╮               ╭╮                   
     231.30 ┤    │ ││││ ││││               ││                   
     202.40 ┤    │ ││││ ││││               ││                   
     173.50 ┤    │ ││││ ││││               ││                   
     144.60 ┤    │ ││││ ││││               ││                   
     115.70 ┤    │ ││││ ││││               ││                   
      86.80 ┤    │ ││││ ││││               ││                   
      57.90 ┤    │ ││││ ││││               ││                   
      29.00 ┤    ╰─╯╰╯╰─╯╰╯╰───────────────╯╰────────────────── 

 =============================================================== 

>> APP VARIABLES
REDIS_GET 52
REDIS_SET 10
DB_FETCHES 10
LRU_SET 0
LRU_GET 0

>> TEST OUTPUTS
TEST_RUN_TIME (s) 4
APP_EXECUTIONS_COUNT 52
APP_EXECUTION_TIME (ms) 31
AVERAGE(APP_EXECUTION_TIME) (ms) 77

>> CHART
     318.00 ┼╮                                                   
     289.10 ┤│                                                   
     260.20 ┤╰───╮ ╭╮╭╮ ╭╮╭╮               ╭╮                    
     231.30 ┤    │ ││││ ││││               ││                    
     202.40 ┤    │ ││││ ││││               ││                    
     173.50 ┤    │ ││││ ││││               ││                    
     144.60 ┤    │ ││││ ││││               ││                    
     115.70 ┤    │ ││││ ││││               ││                    
      86.80 ┤    │ ││││ ││││               ││                    
      57.90 ┤    │ ││││ ││││               ││                    
      29.00 ┤    ╰─╯╰╯╰─╯╰╯╰───────────────╯╰─────────────────── 

 =============================================================== 

>> APP VARIABLES
REDIS_GET 53
REDIS_SET 10
DB_FETCHES 10
LRU_SET 0
LRU_GET 0

>> TEST OUTPUTS
TEST_RUN_TIME (s) 4
APP_EXECUTIONS_COUNT 53
APP_EXECUTION_TIME (ms) 31
AVERAGE(APP_EXECUTION_TIME) (ms) 76

>> CHART
     318.00 ┼╮                                                    
     289.10 ┤│                                                    
     260.20 ┤╰───╮ ╭╮╭╮ ╭╮╭╮               ╭╮                     
     231.30 ┤    │ ││││ ││││               ││                     
     202.40 ┤    │ ││││ ││││               ││                     
     173.50 ┤    │ ││││ ││││               ││                     
     144.60 ┤    │ ││││ ││││               ││                     
     115.70 ┤    │ ││││ ││││               ││                     
      86.80 ┤    │ ││││ ││││               ││                     
      57.90 ┤    │ ││││ ││││               ││                     
      29.00 ┤    ╰─╯╰╯╰─╯╰╯╰───────────────╯╰──────────────────── 

 =============================================================== 

>> APP VARIABLES
REDIS_GET 54
REDIS_SET 10
DB_FETCHES 10
LRU_SET 0
LRU_GET 0

>> TEST OUTPUTS
TEST_RUN_TIME (s) 4
APP_EXECUTIONS_COUNT 54
APP_EXECUTION_TIME (ms) 31
AVERAGE(APP_EXECUTION_TIME) (ms) 75

>> CHART
     318.00 ┼╮                                                     
     289.10 ┤│                                                     
     260.20 ┤╰───╮ ╭╮╭╮ ╭╮╭╮               ╭╮                      
     231.30 ┤    │ ││││ ││││               ││                      
     202.40 ┤    │ ││││ ││││               ││                      
     173.50 ┤    │ ││││ ││││               ││                      
     144.60 ┤    │ ││││ ││││               ││                      
     115.70 ┤    │ ││││ ││││               ││                      
      86.80 ┤    │ ││││ ││││               ││                      
      57.90 ┤    │ ││││ ││││               ││                      
      29.00 ┤    ╰─╯╰╯╰─╯╰╯╰───────────────╯╰───────────────────── 

 =============================================================== 

>> APP VARIABLES
REDIS_GET 55
REDIS_SET 10
DB_FETCHES 10
LRU_SET 0
LRU_GET 0

>> TEST OUTPUTS
TEST_RUN_TIME (s) 4
APP_EXECUTIONS_COUNT 55
APP_EXECUTION_TIME (ms) 31
AVERAGE(APP_EXECUTION_TIME) (ms) 75

>> CHART
     318.00 ┼╮                                                      
     289.10 ┤│                                                      
     260.20 ┤╰───╮ ╭╮╭╮ ╭╮╭╮               ╭╮                       
     231.30 ┤    │ ││││ ││││               ││                       
     202.40 ┤    │ ││││ ││││               ││                       
     173.50 ┤    │ ││││ ││││               ││                       
     144.60 ┤    │ ││││ ││││               ││                       
     115.70 ┤    │ ││││ ││││               ││                       
      86.80 ┤    │ ││││ ││││               ││                       
      57.90 ┤    │ ││││ ││││               ││                       
      29.00 ┤    ╰─╯╰╯╰─╯╰╯╰───────────────╯╰────────────────────── 

 =============================================================== 

>> APP VARIABLES
REDIS_GET 56
REDIS_SET 10
DB_FETCHES 10
LRU_SET 0
LRU_GET 0

>> TEST OUTPUTS
TEST_RUN_TIME (s) 4
APP_EXECUTIONS_COUNT 56
APP_EXECUTION_TIME (ms) 31
AVERAGE(APP_EXECUTION_TIME) (ms) 74

>> CHART
     318.00 ┼╮                                                       
     289.10 ┤│                                                       
     260.20 ┤╰───╮ ╭╮╭╮ ╭╮╭╮               ╭╮                        
     231.30 ┤    │ ││││ ││││               ││                        
     202.40 ┤    │ ││││ ││││               ││                        
     173.50 ┤    │ ││││ ││││               ││                        
     144.60 ┤    │ ││││ ││││               ││                        
     115.70 ┤    │ ││││ ││││               ││                        
      86.80 ┤    │ ││││ ││││               ││                        
      57.90 ┤    │ ││││ ││││               ││                        
      29.00 ┤    ╰─╯╰╯╰─╯╰╯╰───────────────╯╰─────────────────────── 

 =============================================================== 

>> APP VARIABLES
REDIS_GET 57
REDIS_SET 10
DB_FETCHES 10
LRU_SET 0
LRU_GET 0

>> TEST OUTPUTS
TEST_RUN_TIME (s) 4
APP_EXECUTIONS_COUNT 57
APP_EXECUTION_TIME (ms) 31
AVERAGE(APP_EXECUTION_TIME) (ms) 73

>> CHART
     318.00 ┼╮                                                        
     289.10 ┤│                                                        
     260.20 ┤╰───╮ ╭╮╭╮ ╭╮╭╮               ╭╮                         
     231.30 ┤    │ ││││ ││││               ││                         
     202.40 ┤    │ ││││ ││││               ││                         
     173.50 ┤    │ ││││ ││││               ││                         
     144.60 ┤    │ ││││ ││││               ││                         
     115.70 ┤    │ ││││ ││││               ││                         
      86.80 ┤    │ ││││ ││││               ││                         
      57.90 ┤    │ ││││ ││││               ││                         
      29.00 ┤    ╰─╯╰╯╰─╯╰╯╰───────────────╯╰──────────────────────── 

 =============================================================== 

>> APP VARIABLES
REDIS_GET 58
REDIS_SET 10
DB_FETCHES 10
LRU_SET 0
LRU_GET 0

>> TEST OUTPUTS
TEST_RUN_TIME (s) 4
APP_EXECUTIONS_COUNT 58
APP_EXECUTION_TIME (ms) 31
AVERAGE(APP_EXECUTION_TIME) (ms) 72

>> CHART
     318.00 ┼╮                                                         
     289.10 ┤│                                                         
     260.20 ┤╰───╮ ╭╮╭╮ ╭╮╭╮               ╭╮                          
     231.30 ┤    │ ││││ ││││               ││                          
     202.40 ┤    │ ││││ ││││               ││                          
     173.50 ┤    │ ││││ ││││               ││                          
     144.60 ┤    │ ││││ ││││               ││                          
     115.70 ┤    │ ││││ ││││               ││                          
      86.80 ┤    │ ││││ ││││               ││                          
      57.90 ┤    │ ││││ ││││               ││                          
      29.00 ┤    ╰─╯╰╯╰─╯╰╯╰───────────────╯╰───────────────────────── 

 =============================================================== 

>> APP VARIABLES
REDIS_GET 59
REDIS_SET 10
DB_FETCHES 10
LRU_SET 0
LRU_GET 0

>> TEST OUTPUTS
TEST_RUN_TIME (s) 4
APP_EXECUTIONS_COUNT 59
APP_EXECUTION_TIME (ms) 31
AVERAGE(APP_EXECUTION_TIME) (ms) 72

>> CHART
     318.00 ┼╮                                                          
     289.10 ┤│                                                          
     260.20 ┤╰───╮ ╭╮╭╮ ╭╮╭╮               ╭╮                           
     231.30 ┤    │ ││││ ││││               ││                           
     202.40 ┤    │ ││││ ││││               ││                           
     173.50 ┤    │ ││││ ││││               ││                           
     144.60 ┤    │ ││││ ││││               ││                           
     115.70 ┤    │ ││││ ││││               ││                           
      86.80 ┤    │ ││││ ││││               ││                           
      57.90 ┤    │ ││││ ││││               ││                           
      29.00 ┤    ╰─╯╰╯╰─╯╰╯╰───────────────╯╰────────────────────────── 

 =============================================================== 

>> APP VARIABLES
REDIS_GET 60
REDIS_SET 10
DB_FETCHES 10
LRU_SET 0
LRU_GET 0

>> TEST OUTPUTS
TEST_RUN_TIME (s) 4
APP_EXECUTIONS_COUNT 60
APP_EXECUTION_TIME (ms) 31
AVERAGE(APP_EXECUTION_TIME) (ms) 71

>> CHART
     318.00 ┼╮                                                           
     289.10 ┤│                                                           
     260.20 ┤╰───╮ ╭╮╭╮ ╭╮╭╮               ╭╮                            
     231.30 ┤    │ ││││ ││││               ││                            
     202.40 ┤    │ ││││ ││││               ││                            
     173.50 ┤    │ ││││ ││││               ││                            
     144.60 ┤    │ ││││ ││││               ││                            
     115.70 ┤    │ ││││ ││││               ││                            
      86.80 ┤    │ ││││ ││││               ││                            
      57.90 ┤    │ ││││ ││││               ││                            
      29.00 ┤    ╰─╯╰╯╰─╯╰╯╰───────────────╯╰─────────────────────────── 

 =============================================================== 

>> APP VARIABLES
REDIS_GET 61
REDIS_SET 10
DB_FETCHES 10
LRU_SET 0
LRU_GET 0

>> TEST OUTPUTS
TEST_RUN_TIME (s) 4
APP_EXECUTIONS_COUNT 61
APP_EXECUTION_TIME (ms) 31
AVERAGE(APP_EXECUTION_TIME) (ms) 70

>> CHART
     318.00 ┼╮                                                            
     289.10 ┤│                                                            
     260.20 ┤╰───╮ ╭╮╭╮ ╭╮╭╮               ╭╮                             
     231.30 ┤    │ ││││ ││││               ││                             
     202.40 ┤    │ ││││ ││││               ││                             
     173.50 ┤    │ ││││ ││││               ││                             
     144.60 ┤    │ ││││ ││││               ││                             
     115.70 ┤    │ ││││ ││││               ││                             
      86.80 ┤    │ ││││ ││││               ││                             
      57.90 ┤    │ ││││ ││││               ││                             
      29.00 ┤    ╰─╯╰╯╰─╯╰╯╰───────────────╯╰──────────────────────────── 

 =============================================================== 

>> APP VARIABLES
REDIS_GET 62
REDIS_SET 10
DB_FETCHES 10
LRU_SET 0
LRU_GET 0

>> TEST OUTPUTS
TEST_RUN_TIME (s) 4
APP_EXECUTIONS_COUNT 62
APP_EXECUTION_TIME (ms) 31
AVERAGE(APP_EXECUTION_TIME) (ms) 70

>> CHART
     318.00 ┼╮                                                             
     289.10 ┤│                                                             
     260.20 ┤╰───╮ ╭╮╭╮ ╭╮╭╮               ╭╮                              
     231.30 ┤    │ ││││ ││││               ││                              
     202.40 ┤    │ ││││ ││││               ││                              
     173.50 ┤    │ ││││ ││││               ││                              
     144.60 ┤    │ ││││ ││││               ││                              
     115.70 ┤    │ ││││ ││││               ││                              
      86.80 ┤    │ ││││ ││││               ││                              
      57.90 ┤    │ ││││ ││││               ││                              
      29.00 ┤    ╰─╯╰╯╰─╯╰╯╰───────────────╯╰───────────────────────────── 

 =============================================================== 

>> APP VARIABLES
REDIS_GET 63
REDIS_SET 10
DB_FETCHES 10
LRU_SET 0
LRU_GET 0

>> TEST OUTPUTS
TEST_RUN_TIME (s) 4
APP_EXECUTIONS_COUNT 63
APP_EXECUTION_TIME (ms) 32
AVERAGE(APP_EXECUTION_TIME) (ms) 69

>> CHART
     318.00 ┼╮                                                              
     289.10 ┤│                                                              
     260.20 ┤╰───╮ ╭╮╭╮ ╭╮╭╮               ╭╮                               
     231.30 ┤    │ ││││ ││││               ││                               
     202.40 ┤    │ ││││ ││││               ││                               
     173.50 ┤    │ ││││ ││││               ││                               
     144.60 ┤    │ ││││ ││││               ││                               
     115.70 ┤    │ ││││ ││││               ││                               
      86.80 ┤    │ ││││ ││││               ││                               
      57.90 ┤    │ ││││ ││││               ││                               
      29.00 ┤    ╰─╯╰╯╰─╯╰╯╰───────────────╯╰────────────────────────────── 

 =============================================================== 

>> APP VARIABLES
REDIS_GET 64
REDIS_SET 10
DB_FETCHES 10
LRU_SET 0
LRU_GET 0

>> TEST OUTPUTS
TEST_RUN_TIME (s) 4
APP_EXECUTIONS_COUNT 64
APP_EXECUTION_TIME (ms) 31
AVERAGE(APP_EXECUTION_TIME) (ms) 69

>> CHART
     318.00 ┼╮                                                               
     289.10 ┤│                                                               
     260.20 ┤╰───╮ ╭╮╭╮ ╭╮╭╮               ╭╮                                
     231.30 ┤    │ ││││ ││││               ││                                
     202.40 ┤    │ ││││ ││││               ││                                
     173.50 ┤    │ ││││ ││││               ││                                
     144.60 ┤    │ ││││ ││││               ││                                
     115.70 ┤    │ ││││ ││││               ││                                
      86.80 ┤    │ ││││ ││││               ││                                
      57.90 ┤    │ ││││ ││││               ││                                
      29.00 ┤    ╰─╯╰╯╰─╯╰╯╰───────────────╯╰─────────────────────────────── 

 =============================================================== 

>> APP VARIABLES
REDIS_GET 65
REDIS_SET 10
DB_FETCHES 10
LRU_SET 0
LRU_GET 0

>> TEST OUTPUTS
TEST_RUN_TIME (s) 4
APP_EXECUTIONS_COUNT 65
APP_EXECUTION_TIME (ms) 31
AVERAGE(APP_EXECUTION_TIME) (ms) 68

>> CHART
     318.00 ┼╮                                                                
     289.10 ┤│                                                                
     260.20 ┤╰───╮ ╭╮╭╮ ╭╮╭╮               ╭╮                                 
     231.30 ┤    │ ││││ ││││               ││                                 
     202.40 ┤    │ ││││ ││││               ││                                 
     173.50 ┤    │ ││││ ││││               ││                                 
     144.60 ┤    │ ││││ ││││               ││                                 
     115.70 ┤    │ ││││ ││││               ││                                 
      86.80 ┤    │ ││││ ││││               ││                                 
      57.90 ┤    │ ││││ ││││               ││                                 
      29.00 ┤    ╰─╯╰╯╰─╯╰╯╰───────────────╯╰──────────────────────────────── 

 =============================================================== 

>> APP VARIABLES
REDIS_GET 66
REDIS_SET 10
DB_FETCHES 10
LRU_SET 0
LRU_GET 0

>> TEST OUTPUTS
TEST_RUN_TIME (s) 4
APP_EXECUTIONS_COUNT 66
APP_EXECUTION_TIME (ms) 31
AVERAGE(APP_EXECUTION_TIME) (ms) 67

>> CHART
     318.00 ┼╮                                                                 
     289.10 ┤│                                                                 
     260.20 ┤╰───╮ ╭╮╭╮ ╭╮╭╮               ╭╮                                  
     231.30 ┤    │ ││││ ││││               ││                                  
     202.40 ┤    │ ││││ ││││               ││                                  
     173.50 ┤    │ ││││ ││││               ││                                  
     144.60 ┤    │ ││││ ││││               ││                                  
     115.70 ┤    │ ││││ ││││               ││                                  
      86.80 ┤    │ ││││ ││││               ││                                  
      57.90 ┤    │ ││││ ││││               ││                                  
      29.00 ┤    ╰─╯╰╯╰─╯╰╯╰───────────────╯╰───────────────────────────────── 

 =============================================================== 

>> APP VARIABLES
REDIS_GET 67
REDIS_SET 10
DB_FETCHES 10
LRU_SET 0
LRU_GET 0

>> TEST OUTPUTS
TEST_RUN_TIME (s) 5
APP_EXECUTIONS_COUNT 67
APP_EXECUTION_TIME (ms) 31
AVERAGE(APP_EXECUTION_TIME) (ms) 67

>> CHART
     318.00 ┼╮                                                                  
     289.10 ┤│                                                                  
     260.20 ┤╰───╮ ╭╮╭╮ ╭╮╭╮               ╭╮                                   
     231.30 ┤    │ ││││ ││││               ││                                   
     202.40 ┤    │ ││││ ││││               ││                                   
     173.50 ┤    │ ││││ ││││               ││                                   
     144.60 ┤    │ ││││ ││││               ││                                   
     115.70 ┤    │ ││││ ││││               ││                                   
      86.80 ┤    │ ││││ ││││               ││                                   
      57.90 ┤    │ ││││ ││││               ││                                   
      29.00 ┤    ╰─╯╰╯╰─╯╰╯╰───────────────╯╰────────────────────────────────── 

 =============================================================== 

>> APP VARIABLES
REDIS_GET 68
REDIS_SET 10
DB_FETCHES 10
LRU_SET 0
LRU_GET 0

>> TEST OUTPUTS
TEST_RUN_TIME (s) 5
APP_EXECUTIONS_COUNT 68
APP_EXECUTION_TIME (ms) 29
AVERAGE(APP_EXECUTION_TIME) (ms) 66

>> CHART
     318.00 ┼╮                                                                   
     289.10 ┤│                                                                   
     260.20 ┤╰───╮ ╭╮╭╮ ╭╮╭╮               ╭╮                                    
     231.30 ┤    │ ││││ ││││               ││                                    
     202.40 ┤    │ ││││ ││││               ││                                    
     173.50 ┤    │ ││││ ││││               ││                                    
     144.60 ┤    │ ││││ ││││               ││                                    
     115.70 ┤    │ ││││ ││││               ││                                    
      86.80 ┤    │ ││││ ││││               ││                                    
      57.90 ┤    │ ││││ ││││               ││                                    
      29.00 ┤    ╰─╯╰╯╰─╯╰╯╰───────────────╯╰─────────────────────────────────── 

 =============================================================== 

>> APP VARIABLES
REDIS_GET 69
REDIS_SET 10
DB_FETCHES 10
LRU_SET 0
LRU_GET 0

>> TEST OUTPUTS
TEST_RUN_TIME (s) 5
APP_EXECUTIONS_COUNT 69
APP_EXECUTION_TIME (ms) 30
AVERAGE(APP_EXECUTION_TIME) (ms) 66

>> CHART
     318.00 ┼╮                                                                    
     289.10 ┤│                                                                    
     260.20 ┤╰───╮ ╭╮╭╮ ╭╮╭╮               ╭╮                                     
     231.30 ┤    │ ││││ ││││               ││                                     
     202.40 ┤    │ ││││ ││││               ││                                     
     173.50 ┤    │ ││││ ││││               ││                                     
     144.60 ┤    │ ││││ ││││               ││                                     
     115.70 ┤    │ ││││ ││││               ││                                     
      86.80 ┤    │ ││││ ││││               ││                                     
      57.90 ┤    │ ││││ ││││               ││                                     
      29.00 ┤    ╰─╯╰╯╰─╯╰╯╰───────────────╯╰──────────────────────────────────── 

 =============================================================== 

>> APP VARIABLES
REDIS_GET 70
REDIS_SET 10
DB_FETCHES 10
LRU_SET 0
LRU_GET 0

>> TEST OUTPUTS
TEST_RUN_TIME (s) 5
APP_EXECUTIONS_COUNT 70
APP_EXECUTION_TIME (ms) 32
AVERAGE(APP_EXECUTION_TIME) (ms) 65

>> CHART
     318.00 ┼╮                                                                     
     289.10 ┤│                                                                     
     260.20 ┤╰───╮ ╭╮╭╮ ╭╮╭╮               ╭╮                                      
     231.30 ┤    │ ││││ ││││               ││                                      
     202.40 ┤    │ ││││ ││││               ││                                      
     173.50 ┤    │ ││││ ││││               ││                                      
     144.60 ┤    │ ││││ ││││               ││                                      
     115.70 ┤    │ ││││ ││││               ││                                      
      86.80 ┤    │ ││││ ││││               ││                                      
      57.90 ┤    │ ││││ ││││               ││                                      
      29.00 ┤    ╰─╯╰╯╰─╯╰╯╰───────────────╯╰───────────────────────────────────── 

 =============================================================== 

>> APP VARIABLES
REDIS_GET 71
REDIS_SET 10
DB_FETCHES 10
LRU_SET 0
LRU_GET 0

>> TEST OUTPUTS
TEST_RUN_TIME (s) 5
APP_EXECUTIONS_COUNT 71
APP_EXECUTION_TIME (ms) 31
AVERAGE(APP_EXECUTION_TIME) (ms) 65

>> CHART
     318.00 ┼╮                                                                      
     289.10 ┤│                                                                      
     260.20 ┤╰───╮ ╭╮╭╮ ╭╮╭╮               ╭╮                                       
     231.30 ┤    │ ││││ ││││               ││                                       
     202.40 ┤    │ ││││ ││││               ││                                       
     173.50 ┤    │ ││││ ││││               ││                                       
     144.60 ┤    │ ││││ ││││               ││                                       
     115.70 ┤    │ ││││ ││││               ││                                       
      86.80 ┤    │ ││││ ││││               ││                                       
      57.90 ┤    │ ││││ ││││               ││                                       
      29.00 ┤    ╰─╯╰╯╰─╯╰╯╰───────────────╯╰────────────────────────────────────── 

 =============================================================== 

>> APP VARIABLES
REDIS_GET 72
REDIS_SET 10
DB_FETCHES 10
LRU_SET 0
LRU_GET 0

>> TEST OUTPUTS
TEST_RUN_TIME (s) 5
APP_EXECUTIONS_COUNT 72
APP_EXECUTION_TIME (ms) 30
AVERAGE(APP_EXECUTION_TIME) (ms) 64

>> CHART
     318.00 ┼╮                                                                       
     289.10 ┤│                                                                       
     260.20 ┤╰───╮ ╭╮╭╮ ╭╮╭╮               ╭╮                                        
     231.30 ┤    │ ││││ ││││               ││                                        
     202.40 ┤    │ ││││ ││││               ││                                        
     173.50 ┤    │ ││││ ││││               ││                                        
     144.60 ┤    │ ││││ ││││               ││                                        
     115.70 ┤    │ ││││ ││││               ││                                        
      86.80 ┤    │ ││││ ││││               ││                                        
      57.90 ┤    │ ││││ ││││               ││                                        
      29.00 ┤    ╰─╯╰╯╰─╯╰╯╰───────────────╯╰─────────────────────────────────────── 

 =============================================================== 

>> APP VARIABLES
REDIS_GET 73
REDIS_SET 10
DB_FETCHES 10
LRU_SET 0
LRU_GET 0

>> TEST OUTPUTS
TEST_RUN_TIME (s) 5
APP_EXECUTIONS_COUNT 73
APP_EXECUTION_TIME (ms) 31
AVERAGE(APP_EXECUTION_TIME) (ms) 64

>> CHART
     318.00 ┼╮                                                                        
     289.10 ┤│                                                                        
     260.20 ┤╰───╮ ╭╮╭╮ ╭╮╭╮               ╭╮                                         
     231.30 ┤    │ ││││ ││││               ││                                         
     202.40 ┤    │ ││││ ││││               ││                                         
     173.50 ┤    │ ││││ ││││               ││                                         
     144.60 ┤    │ ││││ ││││               ││                                         
     115.70 ┤    │ ││││ ││││               ││                                         
      86.80 ┤    │ ││││ ││││               ││                                         
      57.90 ┤    │ ││││ ││││               ││                                         
      29.00 ┤    ╰─╯╰╯╰─╯╰╯╰───────────────╯╰──────────────────────────────────────── 

 =============================================================== 

>> APP VARIABLES
REDIS_GET 74
REDIS_SET 10
DB_FETCHES 10
LRU_SET 0
LRU_GET 0

>> TEST OUTPUTS
TEST_RUN_TIME (s) 5
APP_EXECUTIONS_COUNT 74
APP_EXECUTION_TIME (ms) 31
AVERAGE(APP_EXECUTION_TIME) (ms) 63

>> CHART
     318.00 ┼╮                                                                         
     289.10 ┤│                                                                         
     260.20 ┤╰───╮ ╭╮╭╮ ╭╮╭╮               ╭╮                                          
     231.30 ┤    │ ││││ ││││               ││                                          
     202.40 ┤    │ ││││ ││││               ││                                          
     173.50 ┤    │ ││││ ││││               ││                                          
     144.60 ┤    │ ││││ ││││               ││                                          
     115.70 ┤    │ ││││ ││││               ││                                          
      86.80 ┤    │ ││││ ││││               ││                                          
      57.90 ┤    │ ││││ ││││               ││                                          
      29.00 ┤    ╰─╯╰╯╰─╯╰╯╰───────────────╯╰───────────────────────────────────────── 

 =============================================================== 

>> APP VARIABLES
REDIS_GET 75
REDIS_SET 10
DB_FETCHES 10
LRU_SET 0
LRU_GET 0

>> TEST OUTPUTS
TEST_RUN_TIME (s) 5
APP_EXECUTIONS_COUNT 75
APP_EXECUTION_TIME (ms) 31
AVERAGE(APP_EXECUTION_TIME) (ms) 63

>> CHART
     318.00 ┼╮                                                                          
     289.10 ┤│                                                                          
     260.20 ┤╰───╮ ╭╮╭╮ ╭╮╭╮               ╭╮                                           
     231.30 ┤    │ ││││ ││││               ││                                           
     202.40 ┤    │ ││││ ││││               ││                                           
     173.50 ┤    │ ││││ ││││               ││                                           
     144.60 ┤    │ ││││ ││││               ││                                           
     115.70 ┤    │ ││││ ││││               ││                                           
      86.80 ┤    │ ││││ ││││               ││                                           
      57.90 ┤    │ ││││ ││││               ││                                           
      29.00 ┤    ╰─╯╰╯╰─╯╰╯╰───────────────╯╰────────────────────────────────────────── 

 =============================================================== 

>> APP VARIABLES
REDIS_GET 76
REDIS_SET 10
DB_FETCHES 10
LRU_SET 0
LRU_GET 0

>> TEST OUTPUTS
TEST_RUN_TIME (s) 5
APP_EXECUTIONS_COUNT 76
APP_EXECUTION_TIME (ms) 32
AVERAGE(APP_EXECUTION_TIME) (ms) 63

>> CHART
     318.00 ┼╮                                                                           
     289.10 ┤│                                                                           
     260.20 ┤╰───╮ ╭╮╭╮ ╭╮╭╮               ╭╮                                            
     231.30 ┤    │ ││││ ││││               ││                                            
     202.40 ┤    │ ││││ ││││               ││                                            
     173.50 ┤    │ ││││ ││││               ││                                            
     144.60 ┤    │ ││││ ││││               ││                                            
     115.70 ┤    │ ││││ ││││               ││                                            
      86.80 ┤    │ ││││ ││││               ││                                            
      57.90 ┤    │ ││││ ││││               ││                                            
      29.00 ┤    ╰─╯╰╯╰─╯╰╯╰───────────────╯╰─────────────────────────────────────────── 

 =============================================================== 

>> APP VARIABLES
REDIS_GET 77
REDIS_SET 10
DB_FETCHES 10
LRU_SET 0
LRU_GET 0

>> TEST OUTPUTS
TEST_RUN_TIME (s) 5
APP_EXECUTIONS_COUNT 77
APP_EXECUTION_TIME (ms) 31
AVERAGE(APP_EXECUTION_TIME) (ms) 62

>> CHART
     318.00 ┼╮                                                                            
     289.10 ┤│                                                                            
     260.20 ┤╰───╮ ╭╮╭╮ ╭╮╭╮               ╭╮                                             
     231.30 ┤    │ ││││ ││││               ││                                             
     202.40 ┤    │ ││││ ││││               ││                                             
     173.50 ┤    │ ││││ ││││               ││                                             
     144.60 ┤    │ ││││ ││││               ││                                             
     115.70 ┤    │ ││││ ││││               ││                                             
      86.80 ┤    │ ││││ ││││               ││                                             
      57.90 ┤    │ ││││ ││││               ││                                             
      29.00 ┤    ╰─╯╰╯╰─╯╰╯╰───────────────╯╰──────────────────────────────────────────── 

 =============================================================== 

>> APP VARIABLES
REDIS_GET 78
REDIS_SET 10
DB_FETCHES 10
LRU_SET 0
LRU_GET 0

>> TEST OUTPUTS
TEST_RUN_TIME (s) 5
APP_EXECUTIONS_COUNT 78
APP_EXECUTION_TIME (ms) 31
AVERAGE(APP_EXECUTION_TIME) (ms) 62

>> CHART
     318.00 ┼╮                                                                             
     289.10 ┤│                                                                             
     260.20 ┤╰───╮ ╭╮╭╮ ╭╮╭╮               ╭╮                                              
     231.30 ┤    │ ││││ ││││               ││                                              
     202.40 ┤    │ ││││ ││││               ││                                              
     173.50 ┤    │ ││││ ││││               ││                                              
     144.60 ┤    │ ││││ ││││               ││                                              
     115.70 ┤    │ ││││ ││││               ││                                              
      86.80 ┤    │ ││││ ││││               ││                                              
      57.90 ┤    │ ││││ ││││               ││                                              
      29.00 ┤    ╰─╯╰╯╰─╯╰╯╰───────────────╯╰───────────────────────────────────────────── 

 =============================================================== 

>> APP VARIABLES
REDIS_GET 79
REDIS_SET 10
DB_FETCHES 10
LRU_SET 0
LRU_GET 0

>> TEST OUTPUTS
TEST_RUN_TIME (s) 5
APP_EXECUTIONS_COUNT 79
APP_EXECUTION_TIME (ms) 31
AVERAGE(APP_EXECUTION_TIME) (ms) 61

>> CHART
     318.00 ┼╮                                                                              
     289.10 ┤│                                                                              
     260.20 ┤╰───╮ ╭╮╭╮ ╭╮╭╮               ╭╮                                               
     231.30 ┤    │ ││││ ││││               ││                                               
     202.40 ┤    │ ││││ ││││               ││                                               
     173.50 ┤    │ ││││ ││││               ││                                               
     144.60 ┤    │ ││││ ││││               ││                                               
     115.70 ┤    │ ││││ ││││               ││                                               
      86.80 ┤    │ ││││ ││││               ││                                               
      57.90 ┤    │ ││││ ││││               ││                                               
      29.00 ┤    ╰─╯╰╯╰─╯╰╯╰───────────────╯╰────────────────────────────────────────────── 

 =============================================================== 

>> APP VARIABLES
REDIS_GET 80
REDIS_SET 10
DB_FETCHES 10
LRU_SET 0
LRU_GET 0

>> TEST OUTPUTS
TEST_RUN_TIME (s) 5
APP_EXECUTIONS_COUNT 80
APP_EXECUTION_TIME (ms) 30
AVERAGE(APP_EXECUTION_TIME) (ms) 61

>> CHART
     318.00 ┼╮                                                                               
     289.10 ┤│                                                                               
     260.20 ┤╰───╮ ╭╮╭╮ ╭╮╭╮               ╭╮                                                
     231.30 ┤    │ ││││ ││││               ││                                                
     202.40 ┤    │ ││││ ││││               ││                                                
     173.50 ┤    │ ││││ ││││               ││                                                
     144.60 ┤    │ ││││ ││││               ││                                                
     115.70 ┤    │ ││││ ││││               ││                                                
      86.80 ┤    │ ││││ ││││               ││                                                
      57.90 ┤    │ ││││ ││││               ││                                                
      29.00 ┤    ╰─╯╰╯╰─╯╰╯╰───────────────╯╰─────────────────────────────────────────────── 

 =============================================================== 

>> APP VARIABLES
REDIS_GET 81
REDIS_SET 10
DB_FETCHES 10
LRU_SET 0
LRU_GET 0

>> TEST OUTPUTS
TEST_RUN_TIME (s) 5
APP_EXECUTIONS_COUNT 81
APP_EXECUTION_TIME (ms) 31
AVERAGE(APP_EXECUTION_TIME) (ms) 61

>> CHART
     318.00 ┼╮                                                                                
     289.10 ┤│                                                                                
     260.20 ┤╰───╮ ╭╮╭╮ ╭╮╭╮               ╭╮                                                 
     231.30 ┤    │ ││││ ││││               ││                                                 
     202.40 ┤    │ ││││ ││││               ││                                                 
     173.50 ┤    │ ││││ ││││               ││                                                 
     144.60 ┤    │ ││││ ││││               ││                                                 
     115.70 ┤    │ ││││ ││││               ││                                                 
      86.80 ┤    │ ││││ ││││               ││                                                 
      57.90 ┤    │ ││││ ││││               ││                                                 
      29.00 ┤    ╰─╯╰╯╰─╯╰╯╰───────────────╯╰──────────────────────────────────────────────── 

 =============================================================== 

>> APP VARIABLES
REDIS_GET 82
REDIS_SET 10
DB_FETCHES 10
LRU_SET 0
LRU_GET 0

>> TEST OUTPUTS
TEST_RUN_TIME (s) 5
APP_EXECUTIONS_COUNT 82
APP_EXECUTION_TIME (ms) 31
AVERAGE(APP_EXECUTION_TIME) (ms) 60

>> CHART
     318.00 ┼╮                                                                                 
     289.10 ┤│                                                                                 
     260.20 ┤╰───╮ ╭╮╭╮ ╭╮╭╮               ╭╮                                                  
     231.30 ┤    │ ││││ ││││               ││                                                  
     202.40 ┤    │ ││││ ││││               ││                                                  
     173.50 ┤    │ ││││ ││││               ││                                                  
     144.60 ┤    │ ││││ ││││               ││                                                  
     115.70 ┤    │ ││││ ││││               ││                                                  
      86.80 ┤    │ ││││ ││││               ││                                                  
      57.90 ┤    │ ││││ ││││               ││                                                  
      29.00 ┤    ╰─╯╰╯╰─╯╰╯╰───────────────╯╰───────────────────────────────────────────────── 

 =============================================================== 

>> APP VARIABLES
REDIS_GET 83
REDIS_SET 10
DB_FETCHES 10
LRU_SET 0
LRU_GET 0

>> TEST OUTPUTS
TEST_RUN_TIME (s) 5
APP_EXECUTIONS_COUNT 83
APP_EXECUTION_TIME (ms) 31
AVERAGE(APP_EXECUTION_TIME) (ms) 60

>> CHART
     318.00 ┼╮                                                                                  
     289.10 ┤│                                                                                  
     260.20 ┤╰───╮ ╭╮╭╮ ╭╮╭╮               ╭╮                                                   
     231.30 ┤    │ ││││ ││││               ││                                                   
     202.40 ┤    │ ││││ ││││               ││                                                   
     173.50 ┤    │ ││││ ││││               ││                                                   
     144.60 ┤    │ ││││ ││││               ││                                                   
     115.70 ┤    │ ││││ ││││               ││                                                   
      86.80 ┤    │ ││││ ││││               ││                                                   
      57.90 ┤    │ ││││ ││││               ││                                                   
      29.00 ┤    ╰─╯╰╯╰─╯╰╯╰───────────────╯╰────────────────────────────────────────────────── 

 =============================================================== 

>> APP VARIABLES
REDIS_GET 84
REDIS_SET 10
DB_FETCHES 10
LRU_SET 0
LRU_GET 0

>> TEST OUTPUTS
TEST_RUN_TIME (s) 5
APP_EXECUTIONS_COUNT 84
APP_EXECUTION_TIME (ms) 31
AVERAGE(APP_EXECUTION_TIME) (ms) 60

>> CHART
     318.00 ┼╮                                                                                   
     289.10 ┤│                                                                                   
     260.20 ┤╰───╮ ╭╮╭╮ ╭╮╭╮               ╭╮                                                    
     231.30 ┤    │ ││││ ││││               ││                                                    
     202.40 ┤    │ ││││ ││││               ││                                                    
     173.50 ┤    │ ││││ ││││               ││                                                    
     144.60 ┤    │ ││││ ││││               ││                                                    
     115.70 ┤    │ ││││ ││││               ││                                                    
      86.80 ┤    │ ││││ ││││               ││                                                    
      57.90 ┤    │ ││││ ││││               ││                                                    
      29.00 ┤    ╰─╯╰╯╰─╯╰╯╰───────────────╯╰─────────────────────────────────────────────────── 

 =============================================================== 

>> APP VARIABLES
REDIS_GET 85
REDIS_SET 10
DB_FETCHES 10
LRU_SET 0
LRU_GET 0

>> TEST OUTPUTS
TEST_RUN_TIME (s) 5
APP_EXECUTIONS_COUNT 85
APP_EXECUTION_TIME (ms) 31
AVERAGE(APP_EXECUTION_TIME) (ms) 59

>> CHART
     318.00 ┼╮                                                                                    
     289.10 ┤│                                                                                    
     260.20 ┤╰───╮ ╭╮╭╮ ╭╮╭╮               ╭╮                                                     
     231.30 ┤    │ ││││ ││││               ││                                                     
     202.40 ┤    │ ││││ ││││               ││                                                     
     173.50 ┤    │ ││││ ││││               ││                                                     
     144.60 ┤    │ ││││ ││││               ││                                                     
     115.70 ┤    │ ││││ ││││               ││                                                     
      86.80 ┤    │ ││││ ││││               ││                                                     
      57.90 ┤    │ ││││ ││││               ││                                                     
      29.00 ┤    ╰─╯╰╯╰─╯╰╯╰───────────────╯╰──────────────────────────────────────────────────── 

 =============================================================== 

>> APP VARIABLES
REDIS_GET 86
REDIS_SET 10
DB_FETCHES 10
LRU_SET 0
LRU_GET 0

>> TEST OUTPUTS
TEST_RUN_TIME (s) 5
APP_EXECUTIONS_COUNT 86
APP_EXECUTION_TIME (ms) 32
AVERAGE(APP_EXECUTION_TIME) (ms) 59

>> CHART
     318.00 ┼╮                                                                                     
     289.10 ┤│                                                                                     
     260.20 ┤╰───╮ ╭╮╭╮ ╭╮╭╮               ╭╮                                                      
     231.30 ┤    │ ││││ ││││               ││                                                      
     202.40 ┤    │ ││││ ││││               ││                                                      
     173.50 ┤    │ ││││ ││││               ││                                                      
     144.60 ┤    │ ││││ ││││               ││                                                      
     115.70 ┤    │ ││││ ││││               ││                                                      
      86.80 ┤    │ ││││ ││││               ││                                                      
      57.90 ┤    │ ││││ ││││               ││                                                      
      29.00 ┤    ╰─╯╰╯╰─╯╰╯╰───────────────╯╰───────────────────────────────────────────────────── 

 =============================================================== 

>> APP VARIABLES
REDIS_GET 87
REDIS_SET 10
DB_FETCHES 10
LRU_SET 0
LRU_GET 0

>> TEST OUTPUTS
TEST_RUN_TIME (s) 5
APP_EXECUTIONS_COUNT 87
APP_EXECUTION_TIME (ms) 31
AVERAGE(APP_EXECUTION_TIME) (ms) 59

>> CHART
     318.00 ┼╮                                                                                      
     289.10 ┤│                                                                                      
     260.20 ┤╰───╮ ╭╮╭╮ ╭╮╭╮               ╭╮                                                       
     231.30 ┤    │ ││││ ││││               ││                                                       
     202.40 ┤    │ ││││ ││││               ││                                                       
     173.50 ┤    │ ││││ ││││               ││                                                       
     144.60 ┤    │ ││││ ││││               ││                                                       
     115.70 ┤    │ ││││ ││││               ││                                                       
      86.80 ┤    │ ││││ ││││               ││                                                       
      57.90 ┤    │ ││││ ││││               ││                                                       
      29.00 ┤    ╰─╯╰╯╰─╯╰╯╰───────────────╯╰────────────────────────────────────────────────────── 

 =============================================================== 

>> APP VARIABLES
REDIS_GET 88
REDIS_SET 10
DB_FETCHES 10
LRU_SET 0
LRU_GET 0

>> TEST OUTPUTS
TEST_RUN_TIME (s) 5
APP_EXECUTIONS_COUNT 88
APP_EXECUTION_TIME (ms) 31
AVERAGE(APP_EXECUTION_TIME) (ms) 58

>> CHART
     318.00 ┼╮                                                                                       
     289.10 ┤│                                                                                       
     260.20 ┤╰───╮ ╭╮╭╮ ╭╮╭╮               ╭╮                                                        
     231.30 ┤    │ ││││ ││││               ││                                                        
     202.40 ┤    │ ││││ ││││               ││                                                        
     173.50 ┤    │ ││││ ││││               ││                                                        
     144.60 ┤    │ ││││ ││││               ││                                                        
     115.70 ┤    │ ││││ ││││               ││                                                        
      86.80 ┤    │ ││││ ││││               ││                                                        
      57.90 ┤    │ ││││ ││││               ││                                                        
      29.00 ┤    ╰─╯╰╯╰─╯╰╯╰───────────────╯╰─────────────────────────────────────────────────────── 

 =============================================================== 

>> APP VARIABLES
REDIS_GET 89
REDIS_SET 10
DB_FETCHES 10
LRU_SET 0
LRU_GET 0

>> TEST OUTPUTS
TEST_RUN_TIME (s) 5
APP_EXECUTIONS_COUNT 89
APP_EXECUTION_TIME (ms) 31
AVERAGE(APP_EXECUTION_TIME) (ms) 58

>> CHART
     318.00 ┼╮                                                                                        
     289.10 ┤│                                                                                        
     260.20 ┤╰───╮ ╭╮╭╮ ╭╮╭╮               ╭╮                                                         
     231.30 ┤    │ ││││ ││││               ││                                                         
     202.40 ┤    │ ││││ ││││               ││                                                         
     173.50 ┤    │ ││││ ││││               ││                                                         
     144.60 ┤    │ ││││ ││││               ││                                                         
     115.70 ┤    │ ││││ ││││               ││                                                         
      86.80 ┤    │ ││││ ││││               ││                                                         
      57.90 ┤    │ ││││ ││││               ││                                                         
      29.00 ┤    ╰─╯╰╯╰─╯╰╯╰───────────────╯╰──────────────────────────────────────────────────────── 

 =============================================================== 

>> APP VARIABLES
REDIS_GET 90
REDIS_SET 10
DB_FETCHES 10
LRU_SET 0
LRU_GET 0

>> TEST OUTPUTS
TEST_RUN_TIME (s) 5
APP_EXECUTIONS_COUNT 90
APP_EXECUTION_TIME (ms) 31
AVERAGE(APP_EXECUTION_TIME) (ms) 58

>> CHART
     318.00 ┼╮                                                                                         
     289.10 ┤│                                                                                         
     260.20 ┤╰───╮ ╭╮╭╮ ╭╮╭╮               ╭╮                                                          
     231.30 ┤    │ ││││ ││││               ││                                                          
     202.40 ┤    │ ││││ ││││               ││                                                          
     173.50 ┤    │ ││││ ││││               ││                                                          
     144.60 ┤    │ ││││ ││││               ││                                                          
     115.70 ┤    │ ││││ ││││               ││                                                          
      86.80 ┤    │ ││││ ││││               ││                                                          
      57.90 ┤    │ ││││ ││││               ││                                                          
      29.00 ┤    ╰─╯╰╯╰─╯╰╯╰───────────────╯╰───────────────────────────────────────────────────────── 

 =============================================================== 

>> APP VARIABLES
REDIS_GET 91
REDIS_SET 10
DB_FETCHES 10
LRU_SET 0
LRU_GET 0

>> TEST OUTPUTS
TEST_RUN_TIME (s) 5
APP_EXECUTIONS_COUNT 91
APP_EXECUTION_TIME (ms) 31
AVERAGE(APP_EXECUTION_TIME) (ms) 57

>> CHART
     318.00 ┼╮                                                                                          
     289.10 ┤│                                                                                          
     260.20 ┤╰───╮ ╭╮╭╮ ╭╮╭╮               ╭╮                                                           
     231.30 ┤    │ ││││ ││││               ││                                                           
     202.40 ┤    │ ││││ ││││               ││                                                           
     173.50 ┤    │ ││││ ││││               ││                                                           
     144.60 ┤    │ ││││ ││││               ││                                                           
     115.70 ┤    │ ││││ ││││               ││                                                           
      86.80 ┤    │ ││││ ││││               ││                                                           
      57.90 ┤    │ ││││ ││││               ││                                                           
      29.00 ┤    ╰─╯╰╯╰─╯╰╯╰───────────────╯╰────────────────────────────────────────────────────────── 

 =============================================================== 

>> APP VARIABLES
REDIS_GET 92
REDIS_SET 10
DB_FETCHES 10
LRU_SET 0
LRU_GET 0

>> TEST OUTPUTS
TEST_RUN_TIME (s) 5
APP_EXECUTIONS_COUNT 92
APP_EXECUTION_TIME (ms) 31
AVERAGE(APP_EXECUTION_TIME) (ms) 57

>> CHART
     318.00 ┼╮                                                                                           
     289.10 ┤│                                                                                           
     260.20 ┤╰───╮ ╭╮╭╮ ╭╮╭╮               ╭╮                                                            
     231.30 ┤    │ ││││ ││││               ││                                                            
     202.40 ┤    │ ││││ ││││               ││                                                            
     173.50 ┤    │ ││││ ││││               ││                                                            
     144.60 ┤    │ ││││ ││││               ││                                                            
     115.70 ┤    │ ││││ ││││               ││                                                            
      86.80 ┤    │ ││││ ││││               ││                                                            
      57.90 ┤    │ ││││ ││││               ││                                                            
      29.00 ┤    ╰─╯╰╯╰─╯╰╯╰───────────────╯╰─────────────────────────────────────────────────────────── 

 =============================================================== 

>> APP VARIABLES
REDIS_GET 93
REDIS_SET 10
DB_FETCHES 10
LRU_SET 0
LRU_GET 0

>> TEST OUTPUTS
TEST_RUN_TIME (s) 5
APP_EXECUTIONS_COUNT 93
APP_EXECUTION_TIME (ms) 31
AVERAGE(APP_EXECUTION_TIME) (ms) 57

>> CHART
     318.00 ┼╮                                                                                            
     289.10 ┤│                                                                                            
     260.20 ┤╰───╮ ╭╮╭╮ ╭╮╭╮               ╭╮                                                             
     231.30 ┤    │ ││││ ││││               ││                                                             
     202.40 ┤    │ ││││ ││││               ││                                                             
     173.50 ┤    │ ││││ ││││               ││                                                             
     144.60 ┤    │ ││││ ││││               ││                                                             
     115.70 ┤    │ ││││ ││││               ││                                                             
      86.80 ┤    │ ││││ ││││               ││                                                             
      57.90 ┤    │ ││││ ││││               ││                                                             
      29.00 ┤    ╰─╯╰╯╰─╯╰╯╰───────────────╯╰──────────────────────────────────────────────────────────── 

 =============================================================== 

>> APP VARIABLES
REDIS_GET 94
REDIS_SET 10
DB_FETCHES 10
LRU_SET 0
LRU_GET 0

>> TEST OUTPUTS
TEST_RUN_TIME (s) 5
APP_EXECUTIONS_COUNT 94
APP_EXECUTION_TIME (ms) 32
AVERAGE(APP_EXECUTION_TIME) (ms) 57

>> CHART
     318.00 ┼╮                                                                                             
     289.10 ┤│                                                                                             
     260.20 ┤╰───╮ ╭╮╭╮ ╭╮╭╮               ╭╮                                                              
     231.30 ┤    │ ││││ ││││               ││                                                              
     202.40 ┤    │ ││││ ││││               ││                                                              
     173.50 ┤    │ ││││ ││││               ││                                                              
     144.60 ┤    │ ││││ ││││               ││                                                              
     115.70 ┤    │ ││││ ││││               ││                                                              
      86.80 ┤    │ ││││ ││││               ││                                                              
      57.90 ┤    │ ││││ ││││               ││                                                              
      29.00 ┤    ╰─╯╰╯╰─╯╰╯╰───────────────╯╰───────────────────────────────────────────────────────────── 

 =============================================================== 

>> APP VARIABLES
REDIS_GET 95
REDIS_SET 10
DB_FETCHES 10
LRU_SET 0
LRU_GET 0

>> TEST OUTPUTS
TEST_RUN_TIME (s) 5
APP_EXECUTIONS_COUNT 95
APP_EXECUTION_TIME (ms) 32
AVERAGE(APP_EXECUTION_TIME) (ms) 56

>> CHART
     318.00 ┼╮                                                                                              
     289.10 ┤│                                                                                              
     260.20 ┤╰───╮ ╭╮╭╮ ╭╮╭╮               ╭╮                                                               
     231.30 ┤    │ ││││ ││││               ││                                                               
     202.40 ┤    │ ││││ ││││               ││                                                               
     173.50 ┤    │ ││││ ││││               ││                                                               
     144.60 ┤    │ ││││ ││││               ││                                                               
     115.70 ┤    │ ││││ ││││               ││                                                               
      86.80 ┤    │ ││││ ││││               ││                                                               
      57.90 ┤    │ ││││ ││││               ││                                                               
      29.00 ┤    ╰─╯╰╯╰─╯╰╯╰───────────────╯╰────────────────────────────────────────────────────────────── 

 =============================================================== 

>> APP VARIABLES
REDIS_GET 96
REDIS_SET 10
DB_FETCHES 10
LRU_SET 0
LRU_GET 0

>> TEST OUTPUTS
TEST_RUN_TIME (s) 5
APP_EXECUTIONS_COUNT 96
APP_EXECUTION_TIME (ms) 31
AVERAGE(APP_EXECUTION_TIME) (ms) 56

>> CHART
     318.00 ┼╮                                                                                               
     289.10 ┤│                                                                                               
     260.20 ┤╰───╮ ╭╮╭╮ ╭╮╭╮               ╭╮                                                                
     231.30 ┤    │ ││││ ││││               ││                                                                
     202.40 ┤    │ ││││ ││││               ││                                                                
     173.50 ┤    │ ││││ ││││               ││                                                                
     144.60 ┤    │ ││││ ││││               ││                                                                
     115.70 ┤    │ ││││ ││││               ││                                                                
      86.80 ┤    │ ││││ ││││               ││                                                                
      57.90 ┤    │ ││││ ││││               ││                                                                
      29.00 ┤    ╰─╯╰╯╰─╯╰╯╰───────────────╯╰─────────────────────────────────────────────────────────────── 

 =============================================================== 

>> APP VARIABLES
REDIS_GET 97
REDIS_SET 10
DB_FETCHES 10
LRU_SET 0
LRU_GET 0

>> TEST OUTPUTS
TEST_RUN_TIME (s) 5
APP_EXECUTIONS_COUNT 97
APP_EXECUTION_TIME (ms) 30
AVERAGE(APP_EXECUTION_TIME) (ms) 56

>> CHART
     318.00 ┼╮                                                                                                
     289.10 ┤│                                                                                                
     260.20 ┤╰───╮ ╭╮╭╮ ╭╮╭╮               ╭╮                                                                 
     231.30 ┤    │ ││││ ││││               ││                                                                 
     202.40 ┤    │ ││││ ││││               ││                                                                 
     173.50 ┤    │ ││││ ││││               ││                                                                 
     144.60 ┤    │ ││││ ││││               ││                                                                 
     115.70 ┤    │ ││││ ││││               ││                                                                 
      86.80 ┤    │ ││││ ││││               ││                                                                 
      57.90 ┤    │ ││││ ││││               ││                                                                 
      29.00 ┤    ╰─╯╰╯╰─╯╰╯╰───────────────╯╰──────────────────────────────────────────────────────────────── 

 =============================================================== 

>> APP VARIABLES
REDIS_GET 98
REDIS_SET 10
DB_FETCHES 10
LRU_SET 0
LRU_GET 0

>> TEST OUTPUTS
TEST_RUN_TIME (s) 5
APP_EXECUTIONS_COUNT 98
APP_EXECUTION_TIME (ms) 31
AVERAGE(APP_EXECUTION_TIME) (ms) 55

>> CHART
     318.00 ┼╮                                                                                                 
     289.10 ┤│                                                                                                 
     260.20 ┤╰───╮ ╭╮╭╮ ╭╮╭╮               ╭╮                                                                  
     231.30 ┤    │ ││││ ││││               ││                                                                  
     202.40 ┤    │ ││││ ││││               ││                                                                  
     173.50 ┤    │ ││││ ││││               ││                                                                  
     144.60 ┤    │ ││││ ││││               ││                                                                  
     115.70 ┤    │ ││││ ││││               ││                                                                  
      86.80 ┤    │ ││││ ││││               ││                                                                  
      57.90 ┤    │ ││││ ││││               ││                                                                  
      29.00 ┤    ╰─╯╰╯╰─╯╰╯╰───────────────╯╰───────────────────────────────────────────────────────────────── 

 =============================================================== 

>> APP VARIABLES
REDIS_GET 99
REDIS_SET 10
DB_FETCHES 10
LRU_SET 0
LRU_GET 0

>> TEST OUTPUTS
TEST_RUN_TIME (s) 6
APP_EXECUTIONS_COUNT 99
APP_EXECUTION_TIME (ms) 32
AVERAGE(APP_EXECUTION_TIME) (ms) 55

>> CHART
     318.00 ┼╮                                                                                                  
     289.10 ┤│                                                                                                  
     260.20 ┤╰───╮ ╭╮╭╮ ╭╮╭╮               ╭╮                                                                   
     231.30 ┤    │ ││││ ││││               ││                                                                   
     202.40 ┤    │ ││││ ││││               ││                                                                   
     173.50 ┤    │ ││││ ││││               ││                                                                   
     144.60 ┤    │ ││││ ││││               ││                                                                   
     115.70 ┤    │ ││││ ││││               ││                                                                   
      86.80 ┤    │ ││││ ││││               ││                                                                   
      57.90 ┤    │ ││││ ││││               ││                                                                   
      29.00 ┤    ╰─╯╰╯╰─╯╰╯╰───────────────╯╰────────────────────────────────────────────────────────────────── 

 =============================================================== 

>> APP VARIABLES
REDIS_GET 100
REDIS_SET 10
DB_FETCHES 10
LRU_SET 0
LRU_GET 0

>> TEST OUTPUTS
TEST_RUN_TIME (s) 6
APP_EXECUTIONS_COUNT 100
APP_EXECUTION_TIME (ms) 31
AVERAGE(APP_EXECUTION_TIME) (ms) 55

>> CHART
     318.00 ┼╮                                                                                                   
     289.10 ┤│                                                                                                   
     260.20 ┤╰───╮ ╭╮╭╮ ╭╮╭╮               ╭╮                                                                    
     231.30 ┤    │ ││││ ││││               ││                                                                    
     202.40 ┤    │ ││││ ││││               ││                                                                    
     173.50 ┤    │ ││││ ││││               ││                                                                    
     144.60 ┤    │ ││││ ││││               ││                                                                    
     115.70 ┤    │ ││││ ││││               ││                                                                    
      86.80 ┤    │ ││││ ││││               ││                                                                    
      57.90 ┤    │ ││││ ││││               ││                                                                    
      29.00 ┤    ╰─╯╰╯╰─╯╰╯╰───────────────╯╰─────────────────────────────────────────────────────────────────── 

 =============================================================== 
