
>> APP VARIABLES
REDIS_GET 1
REDIS_SET 1
DB_FETCHES 1
LRU_SET 0
LRU_GET 0

>> TEST OUTPUTS
TEST_RUN_TIME (s) 0
APP_EXECUTIONS_COUNT 1
APP_EXECUTION_TIME (ms) 331
AVERAGE(APP_EXECUTION_TIME) (ms) 331

>> CHART
     331.00 ┼ 

 =============================================================== 

>> APP VARIABLES
REDIS_GET 2
REDIS_SET 2
DB_FETCHES 2
LRU_SET 0
LRU_GET 0

>> TEST OUTPUTS
TEST_RUN_TIME (s) 0
APP_EXECUTIONS_COUNT 2
APP_EXECUTION_TIME (ms) 265
AVERAGE(APP_EXECUTION_TIME) (ms) 298

>> CHART
     331.00 ┼╮ 
     324.40 ┤│ 
     317.80 ┤│ 
     311.20 ┤│ 
     304.60 ┤│ 
     298.00 ┤│ 
     291.40 ┤│ 
     284.80 ┤│ 
     278.20 ┤│ 
     271.60 ┤│ 
     265.00 ┤╰ 

 =============================================================== 

>> APP VARIABLES
REDIS_GET 3
REDIS_SET 3
DB_FETCHES 3
LRU_SET 0
LRU_GET 0

>> TEST OUTPUTS
TEST_RUN_TIME (s) 1
APP_EXECUTIONS_COUNT 3
APP_EXECUTION_TIME (ms) 267
AVERAGE(APP_EXECUTION_TIME) (ms) 288

>> CHART
     331.00 ┼╮  
     324.40 ┤│  
     317.80 ┤│  
     311.20 ┤│  
     304.60 ┤│  
     298.00 ┤│  
     291.40 ┤│  
     284.80 ┤│  
     278.20 ┤│  
     271.60 ┤│  
     265.00 ┤╰─ 

 =============================================================== 

>> APP VARIABLES
REDIS_GET 4
REDIS_SET 4
DB_FETCHES 4
LRU_SET 0
LRU_GET 0

>> TEST OUTPUTS
TEST_RUN_TIME (s) 1
APP_EXECUTIONS_COUNT 4
APP_EXECUTION_TIME (ms) 266
AVERAGE(APP_EXECUTION_TIME) (ms) 282

>> CHART
     331.00 ┼╮   
     324.40 ┤│   
     317.80 ┤│   
     311.20 ┤│   
     304.60 ┤│   
     298.00 ┤│   
     291.40 ┤│   
     284.80 ┤│   
     278.20 ┤│   
     271.60 ┤│   
     265.00 ┤╰── 

 =============================================================== 

>> APP VARIABLES
REDIS_GET 5
REDIS_SET 5
DB_FETCHES 5
LRU_SET 0
LRU_GET 0

>> TEST OUTPUTS
TEST_RUN_TIME (s) 1
APP_EXECUTIONS_COUNT 5
APP_EXECUTION_TIME (ms) 267
AVERAGE(APP_EXECUTION_TIME) (ms) 279

>> CHART
     331.00 ┼╮    
     324.40 ┤│    
     317.80 ┤│    
     311.20 ┤│    
     304.60 ┤│    
     298.00 ┤│    
     291.40 ┤│    
     284.80 ┤│    
     278.20 ┤│    
     271.60 ┤│    
     265.00 ┤╰─── 

 =============================================================== 

>> APP VARIABLES
REDIS_GET 6
REDIS_SET 5
DB_FETCHES 5
LRU_SET 0
LRU_GET 0

>> TEST OUTPUTS
TEST_RUN_TIME (s) 1
APP_EXECUTIONS_COUNT 6
APP_EXECUTION_TIME (ms) 31
AVERAGE(APP_EXECUTION_TIME) (ms) 238

>> CHART
     331.00 ┼╮     
     301.00 ┤│     
     271.00 ┤╰───╮ 
     241.00 ┤    │ 
     211.00 ┤    │ 
     181.00 ┤    │ 
     151.00 ┤    │ 
     121.00 ┤    │ 
      91.00 ┤    │ 
      61.00 ┤    │ 
      31.00 ┤    ╰ 

 =============================================================== 

>> APP VARIABLES
REDIS_GET 7
REDIS_SET 5
DB_FETCHES 5
LRU_SET 0
LRU_GET 0

>> TEST OUTPUTS
TEST_RUN_TIME (s) 1
APP_EXECUTIONS_COUNT 7
APP_EXECUTION_TIME (ms) 31
AVERAGE(APP_EXECUTION_TIME) (ms) 208

>> CHART
     331.00 ┼╮      
     301.00 ┤│      
     271.00 ┤╰───╮  
     241.00 ┤    │  
     211.00 ┤    │  
     181.00 ┤    │  
     151.00 ┤    │  
     121.00 ┤    │  
      91.00 ┤    │  
      61.00 ┤    │  
      31.00 ┤    ╰─ 

 =============================================================== 

>> APP VARIABLES
REDIS_GET 8
REDIS_SET 6
DB_FETCHES 6
LRU_SET 0
LRU_GET 0

>> TEST OUTPUTS
TEST_RUN_TIME (s) 1
APP_EXECUTIONS_COUNT 8
APP_EXECUTION_TIME (ms) 267
AVERAGE(APP_EXECUTION_TIME) (ms) 216

>> CHART
     331.00 ┼╮       
     301.00 ┤│       
     271.00 ┤╰───╮ ╭ 
     241.00 ┤    │ │ 
     211.00 ┤    │ │ 
     181.00 ┤    │ │ 
     151.00 ┤    │ │ 
     121.00 ┤    │ │ 
      91.00 ┤    │ │ 
      61.00 ┤    │ │ 
      31.00 ┤    ╰─╯ 

 =============================================================== 

>> APP VARIABLES
REDIS_GET 9
REDIS_SET 6
DB_FETCHES 6
LRU_SET 0
LRU_GET 0

>> TEST OUTPUTS
TEST_RUN_TIME (s) 2
APP_EXECUTIONS_COUNT 9
APP_EXECUTION_TIME (ms) 31
AVERAGE(APP_EXECUTION_TIME) (ms) 195

>> CHART
     331.00 ┼╮        
     301.00 ┤│        
     271.00 ┤╰───╮ ╭╮ 
     241.00 ┤    │ ││ 
     211.00 ┤    │ ││ 
     181.00 ┤    │ ││ 
     151.00 ┤    │ ││ 
     121.00 ┤    │ ││ 
      91.00 ┤    │ ││ 
      61.00 ┤    │ ││ 
      31.00 ┤    ╰─╯╰ 

 =============================================================== 

>> APP VARIABLES
REDIS_GET 10
REDIS_SET 7
DB_FETCHES 7
LRU_SET 0
LRU_GET 0

>> TEST OUTPUTS
TEST_RUN_TIME (s) 2
APP_EXECUTIONS_COUNT 10
APP_EXECUTION_TIME (ms) 267
AVERAGE(APP_EXECUTION_TIME) (ms) 202

>> CHART
     331.00 ┼╮         
     301.00 ┤│         
     271.00 ┤╰───╮ ╭╮╭ 
     241.00 ┤    │ │││ 
     211.00 ┤    │ │││ 
     181.00 ┤    │ │││ 
     151.00 ┤    │ │││ 
     121.00 ┤    │ │││ 
      91.00 ┤    │ │││ 
      61.00 ┤    │ │││ 
      31.00 ┤    ╰─╯╰╯ 

 =============================================================== 

>> APP VARIABLES
REDIS_GET 11
REDIS_SET 7
DB_FETCHES 7
LRU_SET 0
LRU_GET 0

>> TEST OUTPUTS
TEST_RUN_TIME (s) 2
APP_EXECUTIONS_COUNT 11
APP_EXECUTION_TIME (ms) 31
AVERAGE(APP_EXECUTION_TIME) (ms) 187

>> CHART
     331.00 ┼╮          
     301.00 ┤│          
     271.00 ┤╰───╮ ╭╮╭╮ 
     241.00 ┤    │ ││││ 
     211.00 ┤    │ ││││ 
     181.00 ┤    │ ││││ 
     151.00 ┤    │ ││││ 
     121.00 ┤    │ ││││ 
      91.00 ┤    │ ││││ 
      61.00 ┤    │ ││││ 
      31.00 ┤    ╰─╯╰╯╰ 

 =============================================================== 

>> APP VARIABLES
REDIS_GET 12
REDIS_SET 7
DB_FETCHES 7
LRU_SET 0
LRU_GET 0

>> TEST OUTPUTS
TEST_RUN_TIME (s) 2
APP_EXECUTIONS_COUNT 12
APP_EXECUTION_TIME (ms) 32
AVERAGE(APP_EXECUTION_TIME) (ms) 174

>> CHART
     331.00 ┼╮           
     301.00 ┤│           
     271.00 ┤╰───╮ ╭╮╭╮  
     241.00 ┤    │ ││││  
     211.00 ┤    │ ││││  
     181.00 ┤    │ ││││  
     151.00 ┤    │ ││││  
     121.00 ┤    │ ││││  
      91.00 ┤    │ ││││  
      61.00 ┤    │ ││││  
      31.00 ┤    ╰─╯╰╯╰─ 

 =============================================================== 

>> APP VARIABLES
REDIS_GET 13
REDIS_SET 8
DB_FETCHES 8
LRU_SET 0
LRU_GET 0

>> TEST OUTPUTS
TEST_RUN_TIME (s) 2
APP_EXECUTIONS_COUNT 13
APP_EXECUTION_TIME (ms) 268
AVERAGE(APP_EXECUTION_TIME) (ms) 181

>> CHART
     331.00 ┼╮            
     301.00 ┤│            
     271.00 ┤╰───╮ ╭╮╭╮ ╭ 
     241.00 ┤    │ ││││ │ 
     211.00 ┤    │ ││││ │ 
     181.00 ┤    │ ││││ │ 
     151.00 ┤    │ ││││ │ 
     121.00 ┤    │ ││││ │ 
      91.00 ┤    │ ││││ │ 
      61.00 ┤    │ ││││ │ 
      31.00 ┤    ╰─╯╰╯╰─╯ 

 =============================================================== 

>> APP VARIABLES
REDIS_GET 14
REDIS_SET 8
DB_FETCHES 8
LRU_SET 0
LRU_GET 0

>> TEST OUTPUTS
TEST_RUN_TIME (s) 2
APP_EXECUTIONS_COUNT 14
APP_EXECUTION_TIME (ms) 31
AVERAGE(APP_EXECUTION_TIME) (ms) 170

>> CHART
     331.00 ┼╮             
     301.00 ┤│             
     271.00 ┤╰───╮ ╭╮╭╮ ╭╮ 
     241.00 ┤    │ ││││ ││ 
     211.00 ┤    │ ││││ ││ 
     181.00 ┤    │ ││││ ││ 
     151.00 ┤    │ ││││ ││ 
     121.00 ┤    │ ││││ ││ 
      91.00 ┤    │ ││││ ││ 
      61.00 ┤    │ ││││ ││ 
      31.00 ┤    ╰─╯╰╯╰─╯╰ 

 =============================================================== 

>> APP VARIABLES
REDIS_GET 15
REDIS_SET 9
DB_FETCHES 9
LRU_SET 0
LRU_GET 0

>> TEST OUTPUTS
TEST_RUN_TIME (s) 2
APP_EXECUTIONS_COUNT 15
APP_EXECUTION_TIME (ms) 267
AVERAGE(APP_EXECUTION_TIME) (ms) 177

>> CHART
     331.00 ┼╮              
     301.00 ┤│              
     271.00 ┤╰───╮ ╭╮╭╮ ╭╮╭ 
     241.00 ┤    │ ││││ │││ 
     211.00 ┤    │ ││││ │││ 
     181.00 ┤    │ ││││ │││ 
     151.00 ┤    │ ││││ │││ 
     121.00 ┤    │ ││││ │││ 
      91.00 ┤    │ ││││ │││ 
      61.00 ┤    │ ││││ │││ 
      31.00 ┤    ╰─╯╰╯╰─╯╰╯ 

 =============================================================== 

>> APP VARIABLES
REDIS_GET 16
REDIS_SET 9
DB_FETCHES 9
LRU_SET 0
LRU_GET 0

>> TEST OUTPUTS
TEST_RUN_TIME (s) 3
APP_EXECUTIONS_COUNT 16
APP_EXECUTION_TIME (ms) 30
AVERAGE(APP_EXECUTION_TIME) (ms) 168

>> CHART
     331.00 ┼╮               
     300.90 ┤│               
     270.80 ┤╰───╮ ╭╮╭╮ ╭╮╭╮ 
     240.70 ┤    │ ││││ ││││ 
     210.60 ┤    │ ││││ ││││ 
     180.50 ┤    │ ││││ ││││ 
     150.40 ┤    │ ││││ ││││ 
     120.30 ┤    │ ││││ ││││ 
      90.20 ┤    │ ││││ ││││ 
      60.10 ┤    │ ││││ ││││ 
      30.00 ┤    ╰─╯╰╯╰─╯╰╯╰ 

 =============================================================== 

>> APP VARIABLES
REDIS_GET 17
REDIS_SET 9
DB_FETCHES 9
LRU_SET 0
LRU_GET 0

>> TEST OUTPUTS
TEST_RUN_TIME (s) 3
APP_EXECUTIONS_COUNT 17
APP_EXECUTION_TIME (ms) 31
AVERAGE(APP_EXECUTION_TIME) (ms) 160

>> CHART
     331.00 ┼╮                
     300.90 ┤│                
     270.80 ┤╰───╮ ╭╮╭╮ ╭╮╭╮  
     240.70 ┤    │ ││││ ││││  
     210.60 ┤    │ ││││ ││││  
     180.50 ┤    │ ││││ ││││  
     150.40 ┤    │ ││││ ││││  
     120.30 ┤    │ ││││ ││││  
      90.20 ┤    │ ││││ ││││  
      60.10 ┤    │ ││││ ││││  
      30.00 ┤    ╰─╯╰╯╰─╯╰╯╰─ 

 =============================================================== 

>> APP VARIABLES
REDIS_GET 18
REDIS_SET 9
DB_FETCHES 9
LRU_SET 0
LRU_GET 0

>> TEST OUTPUTS
TEST_RUN_TIME (s) 3
APP_EXECUTIONS_COUNT 18
APP_EXECUTION_TIME (ms) 31
AVERAGE(APP_EXECUTION_TIME) (ms) 152

>> CHART
     331.00 ┼╮                 
     300.90 ┤│                 
     270.80 ┤╰───╮ ╭╮╭╮ ╭╮╭╮   
     240.70 ┤    │ ││││ ││││   
     210.60 ┤    │ ││││ ││││   
     180.50 ┤    │ ││││ ││││   
     150.40 ┤    │ ││││ ││││   
     120.30 ┤    │ ││││ ││││   
      90.20 ┤    │ ││││ ││││   
      60.10 ┤    │ ││││ ││││   
      30.00 ┤    ╰─╯╰╯╰─╯╰╯╰── 

 =============================================================== 

>> APP VARIABLES
REDIS_GET 19
REDIS_SET 9
DB_FETCHES 9
LRU_SET 0
LRU_GET 0

>> TEST OUTPUTS
TEST_RUN_TIME (s) 3
APP_EXECUTIONS_COUNT 19
APP_EXECUTION_TIME (ms) 31
AVERAGE(APP_EXECUTION_TIME) (ms) 146

>> CHART
     331.00 ┼╮                  
     300.90 ┤│                  
     270.80 ┤╰───╮ ╭╮╭╮ ╭╮╭╮    
     240.70 ┤    │ ││││ ││││    
     210.60 ┤    │ ││││ ││││    
     180.50 ┤    │ ││││ ││││    
     150.40 ┤    │ ││││ ││││    
     120.30 ┤    │ ││││ ││││    
      90.20 ┤    │ ││││ ││││    
      60.10 ┤    │ ││││ ││││    
      30.00 ┤    ╰─╯╰╯╰─╯╰╯╰─── 

 =============================================================== 

>> APP VARIABLES
REDIS_GET 20
REDIS_SET 9
DB_FETCHES 9
LRU_SET 0
LRU_GET 0

>> TEST OUTPUTS
TEST_RUN_TIME (s) 3
APP_EXECUTIONS_COUNT 20
APP_EXECUTION_TIME (ms) 31
AVERAGE(APP_EXECUTION_TIME) (ms) 140

>> CHART
     331.00 ┼╮                   
     300.90 ┤│                   
     270.80 ┤╰───╮ ╭╮╭╮ ╭╮╭╮     
     240.70 ┤    │ ││││ ││││     
     210.60 ┤    │ ││││ ││││     
     180.50 ┤    │ ││││ ││││     
     150.40 ┤    │ ││││ ││││     
     120.30 ┤    │ ││││ ││││     
      90.20 ┤    │ ││││ ││││     
      60.10 ┤    │ ││││ ││││     
      30.00 ┤    ╰─╯╰╯╰─╯╰╯╰──── 

 =============================================================== 

>> APP VARIABLES
REDIS_GET 21
REDIS_SET 9
DB_FETCHES 9
LRU_SET 0
LRU_GET 0

>> TEST OUTPUTS
TEST_RUN_TIME (s) 3
APP_EXECUTIONS_COUNT 21
APP_EXECUTION_TIME (ms) 30
AVERAGE(APP_EXECUTION_TIME) (ms) 135

>> CHART
     331.00 ┼╮                    
     300.90 ┤│                    
     270.80 ┤╰───╮ ╭╮╭╮ ╭╮╭╮      
     240.70 ┤    │ ││││ ││││      
     210.60 ┤    │ ││││ ││││      
     180.50 ┤    │ ││││ ││││      
     150.40 ┤    │ ││││ ││││      
     120.30 ┤    │ ││││ ││││      
      90.20 ┤    │ ││││ ││││      
      60.10 ┤    │ ││││ ││││      
      30.00 ┤    ╰─╯╰╯╰─╯╰╯╰───── 

 =============================================================== 

>> APP VARIABLES
REDIS_GET 22
REDIS_SET 9
DB_FETCHES 9
LRU_SET 0
LRU_GET 0

>> TEST OUTPUTS
TEST_RUN_TIME (s) 3
APP_EXECUTIONS_COUNT 22
APP_EXECUTION_TIME (ms) 31
AVERAGE(APP_EXECUTION_TIME) (ms) 130

>> CHART
     331.00 ┼╮                     
     300.90 ┤│                     
     270.80 ┤╰───╮ ╭╮╭╮ ╭╮╭╮       
     240.70 ┤    │ ││││ ││││       
     210.60 ┤    │ ││││ ││││       
     180.50 ┤    │ ││││ ││││       
     150.40 ┤    │ ││││ ││││       
     120.30 ┤    │ ││││ ││││       
      90.20 ┤    │ ││││ ││││       
      60.10 ┤    │ ││││ ││││       
      30.00 ┤    ╰─╯╰╯╰─╯╰╯╰────── 

 =============================================================== 

>> APP VARIABLES
REDIS_GET 23
REDIS_SET 9
DB_FETCHES 9
LRU_SET 0
LRU_GET 0

>> TEST OUTPUTS
TEST_RUN_TIME (s) 3
APP_EXECUTIONS_COUNT 23
APP_EXECUTION_TIME (ms) 30
AVERAGE(APP_EXECUTION_TIME) (ms) 126

>> CHART
     331.00 ┼╮                      
     300.90 ┤│                      
     270.80 ┤╰───╮ ╭╮╭╮ ╭╮╭╮        
     240.70 ┤    │ ││││ ││││        
     210.60 ┤    │ ││││ ││││        
     180.50 ┤    │ ││││ ││││        
     150.40 ┤    │ ││││ ││││        
     120.30 ┤    │ ││││ ││││        
      90.20 ┤    │ ││││ ││││        
      60.10 ┤    │ ││││ ││││        
      30.00 ┤    ╰─╯╰╯╰─╯╰╯╰─────── 

 =============================================================== 

>> APP VARIABLES
REDIS_GET 24
REDIS_SET 9
DB_FETCHES 9
LRU_SET 0
LRU_GET 0

>> TEST OUTPUTS
TEST_RUN_TIME (s) 3
APP_EXECUTIONS_COUNT 24
APP_EXECUTION_TIME (ms) 31
AVERAGE(APP_EXECUTION_TIME) (ms) 122

>> CHART
     331.00 ┼╮                       
     300.90 ┤│                       
     270.80 ┤╰───╮ ╭╮╭╮ ╭╮╭╮         
     240.70 ┤    │ ││││ ││││         
     210.60 ┤    │ ││││ ││││         
     180.50 ┤    │ ││││ ││││         
     150.40 ┤    │ ││││ ││││         
     120.30 ┤    │ ││││ ││││         
      90.20 ┤    │ ││││ ││││         
      60.10 ┤    │ ││││ ││││         
      30.00 ┤    ╰─╯╰╯╰─╯╰╯╰──────── 

 =============================================================== 

>> APP VARIABLES
REDIS_GET 25
REDIS_SET 9
DB_FETCHES 9
LRU_SET 0
LRU_GET 0

>> TEST OUTPUTS
TEST_RUN_TIME (s) 3
APP_EXECUTIONS_COUNT 25
APP_EXECUTION_TIME (ms) 31
AVERAGE(APP_EXECUTION_TIME) (ms) 118

>> CHART
     331.00 ┼╮                        
     300.90 ┤│                        
     270.80 ┤╰───╮ ╭╮╭╮ ╭╮╭╮          
     240.70 ┤    │ ││││ ││││          
     210.60 ┤    │ ││││ ││││          
     180.50 ┤    │ ││││ ││││          
     150.40 ┤    │ ││││ ││││          
     120.30 ┤    │ ││││ ││││          
      90.20 ┤    │ ││││ ││││          
      60.10 ┤    │ ││││ ││││          
      30.00 ┤    ╰─╯╰╯╰─╯╰╯╰───────── 

 =============================================================== 

>> APP VARIABLES
REDIS_GET 26
REDIS_SET 9
DB_FETCHES 9
LRU_SET 0
LRU_GET 0

>> TEST OUTPUTS
TEST_RUN_TIME (s) 3
APP_EXECUTIONS_COUNT 26
APP_EXECUTION_TIME (ms) 30
AVERAGE(APP_EXECUTION_TIME) (ms) 115

>> CHART
     331.00 ┼╮                         
     300.90 ┤│                         
     270.80 ┤╰───╮ ╭╮╭╮ ╭╮╭╮           
     240.70 ┤    │ ││││ ││││           
     210.60 ┤    │ ││││ ││││           
     180.50 ┤    │ ││││ ││││           
     150.40 ┤    │ ││││ ││││           
     120.30 ┤    │ ││││ ││││           
      90.20 ┤    │ ││││ ││││           
      60.10 ┤    │ ││││ ││││           
      30.00 ┤    ╰─╯╰╯╰─╯╰╯╰────────── 

 =============================================================== 

>> APP VARIABLES
REDIS_GET 27
REDIS_SET 9
DB_FETCHES 9
LRU_SET 0
LRU_GET 0

>> TEST OUTPUTS
TEST_RUN_TIME (s) 3
APP_EXECUTIONS_COUNT 27
APP_EXECUTION_TIME (ms) 31
AVERAGE(APP_EXECUTION_TIME) (ms) 112

>> CHART
     331.00 ┼╮                          
     300.90 ┤│                          
     270.80 ┤╰───╮ ╭╮╭╮ ╭╮╭╮            
     240.70 ┤    │ ││││ ││││            
     210.60 ┤    │ ││││ ││││            
     180.50 ┤    │ ││││ ││││            
     150.40 ┤    │ ││││ ││││            
     120.30 ┤    │ ││││ ││││            
      90.20 ┤    │ ││││ ││││            
      60.10 ┤    │ ││││ ││││            
      30.00 ┤    ╰─╯╰╯╰─╯╰╯╰─────────── 

 =============================================================== 

>> APP VARIABLES
REDIS_GET 28
REDIS_SET 9
DB_FETCHES 9
LRU_SET 0
LRU_GET 0

>> TEST OUTPUTS
TEST_RUN_TIME (s) 3
APP_EXECUTIONS_COUNT 28
APP_EXECUTION_TIME (ms) 32
AVERAGE(APP_EXECUTION_TIME) (ms) 109

>> CHART
     331.00 ┼╮                           
     300.90 ┤│                           
     270.80 ┤╰───╮ ╭╮╭╮ ╭╮╭╮             
     240.70 ┤    │ ││││ ││││             
     210.60 ┤    │ ││││ ││││             
     180.50 ┤    │ ││││ ││││             
     150.40 ┤    │ ││││ ││││             
     120.30 ┤    │ ││││ ││││             
      90.20 ┤    │ ││││ ││││             
      60.10 ┤    │ ││││ ││││             
      30.00 ┤    ╰─╯╰╯╰─╯╰╯╰──────────── 

 =============================================================== 

>> APP VARIABLES
REDIS_GET 29
REDIS_SET 9
DB_FETCHES 9
LRU_SET 0
LRU_GET 0

>> TEST OUTPUTS
TEST_RUN_TIME (s) 3
APP_EXECUTIONS_COUNT 29
APP_EXECUTION_TIME (ms) 30
AVERAGE(APP_EXECUTION_TIME) (ms) 106

>> CHART
     331.00 ┼╮                            
     300.90 ┤│                            
     270.80 ┤╰───╮ ╭╮╭╮ ╭╮╭╮              
     240.70 ┤    │ ││││ ││││              
     210.60 ┤    │ ││││ ││││              
     180.50 ┤    │ ││││ ││││              
     150.40 ┤    │ ││││ ││││              
     120.30 ┤    │ ││││ ││││              
      90.20 ┤    │ ││││ ││││              
      60.10 ┤    │ ││││ ││││              
      30.00 ┤    ╰─╯╰╯╰─╯╰╯╰───────────── 

 =============================================================== 

>> APP VARIABLES
REDIS_GET 30
REDIS_SET 9
DB_FETCHES 9
LRU_SET 0
LRU_GET 0

>> TEST OUTPUTS
TEST_RUN_TIME (s) 3
APP_EXECUTIONS_COUNT 30
APP_EXECUTION_TIME (ms) 31
AVERAGE(APP_EXECUTION_TIME) (ms) 104

>> CHART
     331.00 ┼╮                             
     300.90 ┤│                             
     270.80 ┤╰───╮ ╭╮╭╮ ╭╮╭╮               
     240.70 ┤    │ ││││ ││││               
     210.60 ┤    │ ││││ ││││               
     180.50 ┤    │ ││││ ││││               
     150.40 ┤    │ ││││ ││││               
     120.30 ┤    │ ││││ ││││               
      90.20 ┤    │ ││││ ││││               
      60.10 ┤    │ ││││ ││││               
      30.00 ┤    ╰─╯╰╯╰─╯╰╯╰────────────── 

 =============================================================== 

>> APP VARIABLES
REDIS_GET 31
REDIS_SET 9
DB_FETCHES 9
LRU_SET 0
LRU_GET 0

>> TEST OUTPUTS
TEST_RUN_TIME (s) 3
APP_EXECUTIONS_COUNT 31
APP_EXECUTION_TIME (ms) 31
AVERAGE(APP_EXECUTION_TIME) (ms) 101

>> CHART
     331.00 ┼╮                              
     300.90 ┤│                              
     270.80 ┤╰───╮ ╭╮╭╮ ╭╮╭╮                
     240.70 ┤    │ ││││ ││││                
     210.60 ┤    │ ││││ ││││                
     180.50 ┤    │ ││││ ││││                
     150.40 ┤    │ ││││ ││││                
     120.30 ┤    │ ││││ ││││                
      90.20 ┤    │ ││││ ││││                
      60.10 ┤    │ ││││ ││││                
      30.00 ┤    ╰─╯╰╯╰─╯╰╯╰─────────────── 

 =============================================================== 

>> APP VARIABLES
REDIS_GET 32
REDIS_SET 10
DB_FETCHES 10
LRU_SET 0
LRU_GET 0

>> TEST OUTPUTS
TEST_RUN_TIME (s) 3
APP_EXECUTIONS_COUNT 32
APP_EXECUTION_TIME (ms) 267
AVERAGE(APP_EXECUTION_TIME) (ms) 107

>> CHART
     331.00 ┼╮                               
     300.90 ┤│                               
     270.80 ┤╰───╮ ╭╮╭╮ ╭╮╭╮               ╭ 
     240.70 ┤    │ ││││ ││││               │ 
     210.60 ┤    │ ││││ ││││               │ 
     180.50 ┤    │ ││││ ││││               │ 
     150.40 ┤    │ ││││ ││││               │ 
     120.30 ┤    │ ││││ ││││               │ 
      90.20 ┤    │ ││││ ││││               │ 
      60.10 ┤    │ ││││ ││││               │ 
      30.00 ┤    ╰─╯╰╯╰─╯╰╯╰───────────────╯ 

 =============================================================== 

>> APP VARIABLES
REDIS_GET 33
REDIS_SET 10
DB_FETCHES 10
LRU_SET 0
LRU_GET 0

>> TEST OUTPUTS
TEST_RUN_TIME (s) 3
APP_EXECUTIONS_COUNT 33
APP_EXECUTION_TIME (ms) 31
AVERAGE(APP_EXECUTION_TIME) (ms) 104

>> CHART
     331.00 ┼╮                                
     300.90 ┤│                                
     270.80 ┤╰───╮ ╭╮╭╮ ╭╮╭╮               ╭╮ 
     240.70 ┤    │ ││││ ││││               ││ 
     210.60 ┤    │ ││││ ││││               ││ 
     180.50 ┤    │ ││││ ││││               ││ 
     150.40 ┤    │ ││││ ││││               ││ 
     120.30 ┤    │ ││││ ││││               ││ 
      90.20 ┤    │ ││││ ││││               ││ 
      60.10 ┤    │ ││││ ││││               ││ 
      30.00 ┤    ╰─╯╰╯╰─╯╰╯╰───────────────╯╰ 

 =============================================================== 

>> APP VARIABLES
REDIS_GET 34
REDIS_SET 10
DB_FETCHES 10
LRU_SET 0
LRU_GET 0

>> TEST OUTPUTS
TEST_RUN_TIME (s) 3
APP_EXECUTIONS_COUNT 34
APP_EXECUTION_TIME (ms) 31
AVERAGE(APP_EXECUTION_TIME) (ms) 102

>> CHART
     331.00 ┼╮                                 
     300.90 ┤│                                 
     270.80 ┤╰───╮ ╭╮╭╮ ╭╮╭╮               ╭╮  
     240.70 ┤    │ ││││ ││││               ││  
     210.60 ┤    │ ││││ ││││               ││  
     180.50 ┤    │ ││││ ││││               ││  
     150.40 ┤    │ ││││ ││││               ││  
     120.30 ┤    │ ││││ ││││               ││  
      90.20 ┤    │ ││││ ││││               ││  
      60.10 ┤    │ ││││ ││││               ││  
      30.00 ┤    ╰─╯╰╯╰─╯╰╯╰───────────────╯╰─ 

 =============================================================== 

>> APP VARIABLES
REDIS_GET 35
REDIS_SET 10
DB_FETCHES 10
LRU_SET 0
LRU_GET 0

>> TEST OUTPUTS
TEST_RUN_TIME (s) 4
APP_EXECUTIONS_COUNT 35
APP_EXECUTION_TIME (ms) 30
AVERAGE(APP_EXECUTION_TIME) (ms) 100

>> CHART
     331.00 ┼╮                                  
     300.90 ┤│                                  
     270.80 ┤╰───╮ ╭╮╭╮ ╭╮╭╮               ╭╮   
     240.70 ┤    │ ││││ ││││               ││   
     210.60 ┤    │ ││││ ││││               ││   
     180.50 ┤    │ ││││ ││││               ││   
     150.40 ┤    │ ││││ ││││               ││   
     120.30 ┤    │ ││││ ││││               ││   
      90.20 ┤    │ ││││ ││││               ││   
      60.10 ┤    │ ││││ ││││               ││   
      30.00 ┤    ╰─╯╰╯╰─╯╰╯╰───────────────╯╰── 

 =============================================================== 

>> APP VARIABLES
REDIS_GET 36
REDIS_SET 10
DB_FETCHES 10
LRU_SET 0
LRU_GET 0

>> TEST OUTPUTS
TEST_RUN_TIME (s) 4
APP_EXECUTIONS_COUNT 36
APP_EXECUTION_TIME (ms) 31
AVERAGE(APP_EXECUTION_TIME) (ms) 98

>> CHART
     331.00 ┼╮                                   
     300.90 ┤│                                   
     270.80 ┤╰───╮ ╭╮╭╮ ╭╮╭╮               ╭╮    
     240.70 ┤    │ ││││ ││││               ││    
     210.60 ┤    │ ││││ ││││               ││    
     180.50 ┤    │ ││││ ││││               ││    
     150.40 ┤    │ ││││ ││││               ││    
     120.30 ┤    │ ││││ ││││               ││    
      90.20 ┤    │ ││││ ││││               ││    
      60.10 ┤    │ ││││ ││││               ││    
      30.00 ┤    ╰─╯╰╯╰─╯╰╯╰───────────────╯╰─── 

 =============================================================== 

>> APP VARIABLES
REDIS_GET 37
REDIS_SET 10
DB_FETCHES 10
LRU_SET 0
LRU_GET 0

>> TEST OUTPUTS
TEST_RUN_TIME (s) 4
APP_EXECUTIONS_COUNT 37
APP_EXECUTION_TIME (ms) 30
AVERAGE(APP_EXECUTION_TIME) (ms) 96

>> CHART
     331.00 ┼╮                                    
     300.90 ┤│                                    
     270.80 ┤╰───╮ ╭╮╭╮ ╭╮╭╮               ╭╮     
     240.70 ┤    │ ││││ ││││               ││     
     210.60 ┤    │ ││││ ││││               ││     
     180.50 ┤    │ ││││ ││││               ││     
     150.40 ┤    │ ││││ ││││               ││     
     120.30 ┤    │ ││││ ││││               ││     
      90.20 ┤    │ ││││ ││││               ││     
      60.10 ┤    │ ││││ ││││               ││     
      30.00 ┤    ╰─╯╰╯╰─╯╰╯╰───────────────╯╰──── 

 =============================================================== 

>> APP VARIABLES
REDIS_GET 38
REDIS_SET 10
DB_FETCHES 10
LRU_SET 0
LRU_GET 0

>> TEST OUTPUTS
TEST_RUN_TIME (s) 4
APP_EXECUTIONS_COUNT 38
APP_EXECUTION_TIME (ms) 31
AVERAGE(APP_EXECUTION_TIME) (ms) 95

>> CHART
     331.00 ┼╮                                     
     300.90 ┤│                                     
     270.80 ┤╰───╮ ╭╮╭╮ ╭╮╭╮               ╭╮      
     240.70 ┤    │ ││││ ││││               ││      
     210.60 ┤    │ ││││ ││││               ││      
     180.50 ┤    │ ││││ ││││               ││      
     150.40 ┤    │ ││││ ││││               ││      
     120.30 ┤    │ ││││ ││││               ││      
      90.20 ┤    │ ││││ ││││               ││      
      60.10 ┤    │ ││││ ││││               ││      
      30.00 ┤    ╰─╯╰╯╰─╯╰╯╰───────────────╯╰───── 

 =============================================================== 

>> APP VARIABLES
REDIS_GET 39
REDIS_SET 10
DB_FETCHES 10
LRU_SET 0
LRU_GET 0

>> TEST OUTPUTS
TEST_RUN_TIME (s) 4
APP_EXECUTIONS_COUNT 39
APP_EXECUTION_TIME (ms) 31
AVERAGE(APP_EXECUTION_TIME) (ms) 93

>> CHART
     331.00 ┼╮                                      
     300.90 ┤│                                      
     270.80 ┤╰───╮ ╭╮╭╮ ╭╮╭╮               ╭╮       
     240.70 ┤    │ ││││ ││││               ││       
     210.60 ┤    │ ││││ ││││               ││       
     180.50 ┤    │ ││││ ││││               ││       
     150.40 ┤    │ ││││ ││││               ││       
     120.30 ┤    │ ││││ ││││               ││       
      90.20 ┤    │ ││││ ││││               ││       
      60.10 ┤    │ ││││ ││││               ││       
      30.00 ┤    ╰─╯╰╯╰─╯╰╯╰───────────────╯╰────── 

 =============================================================== 

>> APP VARIABLES
REDIS_GET 40
REDIS_SET 10
DB_FETCHES 10
LRU_SET 0
LRU_GET 0

>> TEST OUTPUTS
TEST_RUN_TIME (s) 4
APP_EXECUTIONS_COUNT 40
APP_EXECUTION_TIME (ms) 31
AVERAGE(APP_EXECUTION_TIME) (ms) 91

>> CHART
     331.00 ┼╮                                       
     300.90 ┤│                                       
     270.80 ┤╰───╮ ╭╮╭╮ ╭╮╭╮               ╭╮        
     240.70 ┤    │ ││││ ││││               ││        
     210.60 ┤    │ ││││ ││││               ││        
     180.50 ┤    │ ││││ ││││               ││        
     150.40 ┤    │ ││││ ││││               ││        
     120.30 ┤    │ ││││ ││││               ││        
      90.20 ┤    │ ││││ ││││               ││        
      60.10 ┤    │ ││││ ││││               ││        
      30.00 ┤    ╰─╯╰╯╰─╯╰╯╰───────────────╯╰─────── 

 =============================================================== 

>> APP VARIABLES
REDIS_GET 41
REDIS_SET 10
DB_FETCHES 10
LRU_SET 0
LRU_GET 0

>> TEST OUTPUTS
TEST_RUN_TIME (s) 4
APP_EXECUTIONS_COUNT 41
APP_EXECUTION_TIME (ms) 31
AVERAGE(APP_EXECUTION_TIME) (ms) 90

>> CHART
     331.00 ┼╮                                        
     300.90 ┤│                                        
     270.80 ┤╰───╮ ╭╮╭╮ ╭╮╭╮               ╭╮         
     240.70 ┤    │ ││││ ││││               ││         
     210.60 ┤    │ ││││ ││││               ││         
     180.50 ┤    │ ││││ ││││               ││         
     150.40 ┤    │ ││││ ││││               ││         
     120.30 ┤    │ ││││ ││││               ││         
      90.20 ┤    │ ││││ ││││               ││         
      60.10 ┤    │ ││││ ││││               ││         
      30.00 ┤    ╰─╯╰╯╰─╯╰╯╰───────────────╯╰──────── 

 =============================================================== 

>> APP VARIABLES
REDIS_GET 42
REDIS_SET 10
DB_FETCHES 10
LRU_SET 0
LRU_GET 0

>> TEST OUTPUTS
TEST_RUN_TIME (s) 4
APP_EXECUTIONS_COUNT 42
APP_EXECUTION_TIME (ms) 31
AVERAGE(APP_EXECUTION_TIME) (ms) 89

>> CHART
     331.00 ┼╮                                         
     300.90 ┤│                                         
     270.80 ┤╰───╮ ╭╮╭╮ ╭╮╭╮               ╭╮          
     240.70 ┤    │ ││││ ││││               ││          
     210.60 ┤    │ ││││ ││││               ││          
     180.50 ┤    │ ││││ ││││               ││          
     150.40 ┤    │ ││││ ││││               ││          
     120.30 ┤    │ ││││ ││││               ││          
      90.20 ┤    │ ││││ ││││               ││          
      60.10 ┤    │ ││││ ││││               ││          
      30.00 ┤    ╰─╯╰╯╰─╯╰╯╰───────────────╯╰───────── 

 =============================================================== 

>> APP VARIABLES
REDIS_GET 43
REDIS_SET 10
DB_FETCHES 10
LRU_SET 0
LRU_GET 0

>> TEST OUTPUTS
TEST_RUN_TIME (s) 4
APP_EXECUTIONS_COUNT 43
APP_EXECUTION_TIME (ms) 31
AVERAGE(APP_EXECUTION_TIME) (ms) 87

>> CHART
     331.00 ┼╮                                          
     300.90 ┤│                                          
     270.80 ┤╰───╮ ╭╮╭╮ ╭╮╭╮               ╭╮           
     240.70 ┤    │ ││││ ││││               ││           
     210.60 ┤    │ ││││ ││││               ││           
     180.50 ┤    │ ││││ ││││               ││           
     150.40 ┤    │ ││││ ││││               ││           
     120.30 ┤    │ ││││ ││││               ││           
      90.20 ┤    │ ││││ ││││               ││           
      60.10 ┤    │ ││││ ││││               ││           
      30.00 ┤    ╰─╯╰╯╰─╯╰╯╰───────────────╯╰────────── 

 =============================================================== 

>> APP VARIABLES
REDIS_GET 44
REDIS_SET 10
DB_FETCHES 10
LRU_SET 0
LRU_GET 0

>> TEST OUTPUTS
TEST_RUN_TIME (s) 4
APP_EXECUTIONS_COUNT 44
APP_EXECUTION_TIME (ms) 31
AVERAGE(APP_EXECUTION_TIME) (ms) 86

>> CHART
     331.00 ┼╮                                           
     300.90 ┤│                                           
     270.80 ┤╰───╮ ╭╮╭╮ ╭╮╭╮               ╭╮            
     240.70 ┤    │ ││││ ││││               ││            
     210.60 ┤    │ ││││ ││││               ││            
     180.50 ┤    │ ││││ ││││               ││            
     150.40 ┤    │ ││││ ││││               ││            
     120.30 ┤    │ ││││ ││││               ││            
      90.20 ┤    │ ││││ ││││               ││            
      60.10 ┤    │ ││││ ││││               ││            
      30.00 ┤    ╰─╯╰╯╰─╯╰╯╰───────────────╯╰─────────── 

 =============================================================== 

>> APP VARIABLES
REDIS_GET 45
REDIS_SET 10
DB_FETCHES 10
LRU_SET 0
LRU_GET 0

>> TEST OUTPUTS
TEST_RUN_TIME (s) 4
APP_EXECUTIONS_COUNT 45
APP_EXECUTION_TIME (ms) 30
AVERAGE(APP_EXECUTION_TIME) (ms) 85

>> CHART
     331.00 ┼╮                                            
     300.90 ┤│                                            
     270.80 ┤╰───╮ ╭╮╭╮ ╭╮╭╮               ╭╮             
     240.70 ┤    │ ││││ ││││               ││             
     210.60 ┤    │ ││││ ││││               ││             
     180.50 ┤    │ ││││ ││││               ││             
     150.40 ┤    │ ││││ ││││               ││             
     120.30 ┤    │ ││││ ││││               ││             
      90.20 ┤    │ ││││ ││││               ││             
      60.10 ┤    │ ││││ ││││               ││             
      30.00 ┤    ╰─╯╰╯╰─╯╰╯╰───────────────╯╰──────────── 

 =============================================================== 

>> APP VARIABLES
REDIS_GET 46
REDIS_SET 10
DB_FETCHES 10
LRU_SET 0
LRU_GET 0

>> TEST OUTPUTS
TEST_RUN_TIME (s) 4
APP_EXECUTIONS_COUNT 46
APP_EXECUTION_TIME (ms) 31
AVERAGE(APP_EXECUTION_TIME) (ms) 84

>> CHART
     331.00 ┼╮                                             
     300.90 ┤│                                             
     270.80 ┤╰───╮ ╭╮╭╮ ╭╮╭╮               ╭╮              
     240.70 ┤    │ ││││ ││││               ││              
     210.60 ┤    │ ││││ ││││               ││              
     180.50 ┤    │ ││││ ││││               ││              
     150.40 ┤    │ ││││ ││││               ││              
     120.30 ┤    │ ││││ ││││               ││              
      90.20 ┤    │ ││││ ││││               ││              
      60.10 ┤    │ ││││ ││││               ││              
      30.00 ┤    ╰─╯╰╯╰─╯╰╯╰───────────────╯╰───────────── 

 =============================================================== 

>> APP VARIABLES
REDIS_GET 47
REDIS_SET 10
DB_FETCHES 10
LRU_SET 0
LRU_GET 0

>> TEST OUTPUTS
TEST_RUN_TIME (s) 4
APP_EXECUTIONS_COUNT 47
APP_EXECUTION_TIME (ms) 31
AVERAGE(APP_EXECUTION_TIME) (ms) 82

>> CHART
     331.00 ┼╮                                              
     300.90 ┤│                                              
     270.80 ┤╰───╮ ╭╮╭╮ ╭╮╭╮               ╭╮               
     240.70 ┤    │ ││││ ││││               ││               
     210.60 ┤    │ ││││ ││││               ││               
     180.50 ┤    │ ││││ ││││               ││               
     150.40 ┤    │ ││││ ││││               ││               
     120.30 ┤    │ ││││ ││││               ││               
      90.20 ┤    │ ││││ ││││               ││               
      60.10 ┤    │ ││││ ││││               ││               
      30.00 ┤    ╰─╯╰╯╰─╯╰╯╰───────────────╯╰────────────── 

 =============================================================== 

>> APP VARIABLES
REDIS_GET 48
REDIS_SET 10
DB_FETCHES 10
LRU_SET 0
LRU_GET 0

>> TEST OUTPUTS
TEST_RUN_TIME (s) 4
APP_EXECUTIONS_COUNT 48
APP_EXECUTION_TIME (ms) 30
AVERAGE(APP_EXECUTION_TIME) (ms) 81

>> CHART
     331.00 ┼╮                                               
     300.90 ┤│                                               
     270.80 ┤╰───╮ ╭╮╭╮ ╭╮╭╮               ╭╮                
     240.70 ┤    │ ││││ ││││               ││                
     210.60 ┤    │ ││││ ││││               ││                
     180.50 ┤    │ ││││ ││││               ││                
     150.40 ┤    │ ││││ ││││               ││                
     120.30 ┤    │ ││││ ││││               ││                
      90.20 ┤    │ ││││ ││││               ││                
      60.10 ┤    │ ││││ ││││               ││                
      30.00 ┤    ╰─╯╰╯╰─╯╰╯╰───────────────╯╰─────────────── 

 =============================================================== 

>> APP VARIABLES
REDIS_GET 49
REDIS_SET 10
DB_FETCHES 10
LRU_SET 0
LRU_GET 0

>> TEST OUTPUTS
TEST_RUN_TIME (s) 4
APP_EXECUTIONS_COUNT 49
APP_EXECUTION_TIME (ms) 31
AVERAGE(APP_EXECUTION_TIME) (ms) 80

>> CHART
     331.00 ┼╮                                                
     300.90 ┤│                                                
     270.80 ┤╰───╮ ╭╮╭╮ ╭╮╭╮               ╭╮                 
     240.70 ┤    │ ││││ ││││               ││                 
     210.60 ┤    │ ││││ ││││               ││                 
     180.50 ┤    │ ││││ ││││               ││                 
     150.40 ┤    │ ││││ ││││               ││                 
     120.30 ┤    │ ││││ ││││               ││                 
      90.20 ┤    │ ││││ ││││               ││                 
      60.10 ┤    │ ││││ ││││               ││                 
      30.00 ┤    ╰─╯╰╯╰─╯╰╯╰───────────────╯╰──────────────── 

 =============================================================== 

>> APP VARIABLES
REDIS_GET 50
REDIS_SET 10
DB_FETCHES 10
LRU_SET 0
LRU_GET 0

>> TEST OUTPUTS
TEST_RUN_TIME (s) 4
APP_EXECUTIONS_COUNT 50
APP_EXECUTION_TIME (ms) 31
AVERAGE(APP_EXECUTION_TIME) (ms) 79

>> CHART
     331.00 ┼╮                                                 
     300.90 ┤│                                                 
     270.80 ┤╰───╮ ╭╮╭╮ ╭╮╭╮               ╭╮                  
     240.70 ┤    │ ││││ ││││               ││                  
     210.60 ┤    │ ││││ ││││               ││                  
     180.50 ┤    │ ││││ ││││               ││                  
     150.40 ┤    │ ││││ ││││               ││                  
     120.30 ┤    │ ││││ ││││               ││                  
      90.20 ┤    │ ││││ ││││               ││                  
      60.10 ┤    │ ││││ ││││               ││                  
      30.00 ┤    ╰─╯╰╯╰─╯╰╯╰───────────────╯╰───────────────── 

 =============================================================== 

>> APP VARIABLES
REDIS_GET 50
REDIS_SET 10
DB_FETCHES 11
LRU_SET 0
LRU_GET 0

>> TEST OUTPUTS
TEST_RUN_TIME (s) 4
APP_EXECUTIONS_COUNT 51
APP_EXECUTION_TIME (ms) 431
AVERAGE(APP_EXECUTION_TIME) (ms) 86

>> CHART
     431.00 ┤                                                 ╭ 
     390.90 ┤                                                 │ 
     350.80 ┤                                                 │ 
     310.70 ┼╮                                                │ 
     270.60 ┤╰───╮ ╭╮╭╮ ╭╮╭╮               ╭╮                 │ 
     230.50 ┤    │ ││││ ││││               ││                 │ 
     190.40 ┤    │ ││││ ││││               ││                 │ 
     150.30 ┤    │ ││││ ││││               ││                 │ 
     110.20 ┤    │ ││││ ││││               ││                 │ 
      70.10 ┤    │ ││││ ││││               ││                 │ 
      30.00 ┤    ╰─╯╰╯╰─╯╰╯╰───────────────╯╰─────────────────╯ 

 =============================================================== 

>> APP VARIABLES
REDIS_GET 50
REDIS_SET 10
DB_FETCHES 12
LRU_SET 0
LRU_GET 0

>> TEST OUTPUTS
TEST_RUN_TIME (s) 4
APP_EXECUTIONS_COUNT 52
APP_EXECUTION_TIME (ms) 204
AVERAGE(APP_EXECUTION_TIME) (ms) 88

>> CHART
     431.00 ┤                                                 ╭╮ 
     390.90 ┤                                                 ││ 
     350.80 ┤                                                 ││ 
     310.70 ┼╮                                                ││ 
     270.60 ┤╰───╮ ╭╮╭╮ ╭╮╭╮               ╭╮                 ││ 
     230.50 ┤    │ ││││ ││││               ││                 ││ 
     190.40 ┤    │ ││││ ││││               ││                 │╰ 
     150.30 ┤    │ ││││ ││││               ││                 │  
     110.20 ┤    │ ││││ ││││               ││                 │  
      70.10 ┤    │ ││││ ││││               ││                 │  
      30.00 ┤    ╰─╯╰╯╰─╯╰╯╰───────────────╯╰─────────────────╯  

 =============================================================== 

>> APP VARIABLES
REDIS_GET 50
REDIS_SET 10
DB_FETCHES 13
LRU_SET 0
LRU_GET 0

>> TEST OUTPUTS
TEST_RUN_TIME (s) 5
APP_EXECUTIONS_COUNT 53
APP_EXECUTION_TIME (ms) 204
AVERAGE(APP_EXECUTION_TIME) (ms) 91

>> CHART
     431.00 ┤                                                 ╭╮  
     390.90 ┤                                                 ││  
     350.80 ┤                                                 ││  
     310.70 ┼╮                                                ││  
     270.60 ┤╰───╮ ╭╮╭╮ ╭╮╭╮               ╭╮                 ││  
     230.50 ┤    │ ││││ ││││               ││                 ││  
     190.40 ┤    │ ││││ ││││               ││                 │╰─ 
     150.30 ┤    │ ││││ ││││               ││                 │   
     110.20 ┤    │ ││││ ││││               ││                 │   
      70.10 ┤    │ ││││ ││││               ││                 │   
      30.00 ┤    ╰─╯╰╯╰─╯╰╯╰───────────────╯╰─────────────────╯   

 =============================================================== 

>> APP VARIABLES
REDIS_GET 50
REDIS_SET 10
DB_FETCHES 14
LRU_SET 0
LRU_GET 0

>> TEST OUTPUTS
TEST_RUN_TIME (s) 5
APP_EXECUTIONS_COUNT 54
APP_EXECUTION_TIME (ms) 202
AVERAGE(APP_EXECUTION_TIME) (ms) 93

>> CHART
     431.00 ┤                                                 ╭╮   
     390.90 ┤                                                 ││   
     350.80 ┤                                                 ││   
     310.70 ┼╮                                                ││   
     270.60 ┤╰───╮ ╭╮╭╮ ╭╮╭╮               ╭╮                 ││   
     230.50 ┤    │ ││││ ││││               ││                 ││   
     190.40 ┤    │ ││││ ││││               ││                 │╰── 
     150.30 ┤    │ ││││ ││││               ││                 │    
     110.20 ┤    │ ││││ ││││               ││                 │    
      70.10 ┤    │ ││││ ││││               ││                 │    
      30.00 ┤    ╰─╯╰╯╰─╯╰╯╰───────────────╯╰─────────────────╯    

 =============================================================== 

>> APP VARIABLES
REDIS_GET 50
REDIS_SET 10
DB_FETCHES 15
LRU_SET 0
LRU_GET 0

>> TEST OUTPUTS
TEST_RUN_TIME (s) 5
APP_EXECUTIONS_COUNT 55
APP_EXECUTION_TIME (ms) 203
AVERAGE(APP_EXECUTION_TIME) (ms) 95

>> CHART
     431.00 ┤                                                 ╭╮    
     390.90 ┤                                                 ││    
     350.80 ┤                                                 ││    
     310.70 ┼╮                                                ││    
     270.60 ┤╰───╮ ╭╮╭╮ ╭╮╭╮               ╭╮                 ││    
     230.50 ┤    │ ││││ ││││               ││                 ││    
     190.40 ┤    │ ││││ ││││               ││                 │╰─── 
     150.30 ┤    │ ││││ ││││               ││                 │     
     110.20 ┤    │ ││││ ││││               ││                 │     
      70.10 ┤    │ ││││ ││││               ││                 │     
      30.00 ┤    ╰─╯╰╯╰─╯╰╯╰───────────────╯╰─────────────────╯     

 =============================================================== 

>> APP VARIABLES
REDIS_GET 50
REDIS_SET 10
DB_FETCHES 16
LRU_SET 0
LRU_GET 0

>> TEST OUTPUTS
TEST_RUN_TIME (s) 5
APP_EXECUTIONS_COUNT 56
APP_EXECUTION_TIME (ms) 210
AVERAGE(APP_EXECUTION_TIME) (ms) 97

>> CHART
     431.00 ┤                                                 ╭╮     
     390.90 ┤                                                 ││     
     350.80 ┤                                                 ││     
     310.70 ┼╮                                                ││     
     270.60 ┤╰───╮ ╭╮╭╮ ╭╮╭╮               ╭╮                 ││     
     230.50 ┤    │ ││││ ││││               ││                 ││     
     190.40 ┤    │ ││││ ││││               ││                 │╰──── 
     150.30 ┤    │ ││││ ││││               ││                 │      
     110.20 ┤    │ ││││ ││││               ││                 │      
      70.10 ┤    │ ││││ ││││               ││                 │      
      30.00 ┤    ╰─╯╰╯╰─╯╰╯╰───────────────╯╰─────────────────╯      

 =============================================================== 

>> APP VARIABLES
REDIS_GET 50
REDIS_SET 10
DB_FETCHES 17
LRU_SET 0
LRU_GET 0

>> TEST OUTPUTS
TEST_RUN_TIME (s) 5
APP_EXECUTIONS_COUNT 57
APP_EXECUTION_TIME (ms) 204
AVERAGE(APP_EXECUTION_TIME) (ms) 99

>> CHART
     431.00 ┤                                                 ╭╮      
     390.90 ┤                                                 ││      
     350.80 ┤                                                 ││      
     310.70 ┼╮                                                ││      
     270.60 ┤╰───╮ ╭╮╭╮ ╭╮╭╮               ╭╮                 ││      
     230.50 ┤    │ ││││ ││││               ││                 ││      
     190.40 ┤    │ ││││ ││││               ││                 │╰───── 
     150.30 ┤    │ ││││ ││││               ││                 │       
     110.20 ┤    │ ││││ ││││               ││                 │       
      70.10 ┤    │ ││││ ││││               ││                 │       
      30.00 ┤    ╰─╯╰╯╰─╯╰╯╰───────────────╯╰─────────────────╯       

 =============================================================== 

>> APP VARIABLES
REDIS_GET 50
REDIS_SET 10
DB_FETCHES 18
LRU_SET 0
LRU_GET 0

>> TEST OUTPUTS
TEST_RUN_TIME (s) 6
APP_EXECUTIONS_COUNT 58
APP_EXECUTION_TIME (ms) 203
AVERAGE(APP_EXECUTION_TIME) (ms) 100

>> CHART
     431.00 ┤                                                 ╭╮       
     390.90 ┤                                                 ││       
     350.80 ┤                                                 ││       
     310.70 ┼╮                                                ││       
     270.60 ┤╰───╮ ╭╮╭╮ ╭╮╭╮               ╭╮                 ││       
     230.50 ┤    │ ││││ ││││               ││                 ││       
     190.40 ┤    │ ││││ ││││               ││                 │╰────── 
     150.30 ┤    │ ││││ ││││               ││                 │        
     110.20 ┤    │ ││││ ││││               ││                 │        
      70.10 ┤    │ ││││ ││││               ││                 │        
      30.00 ┤    ╰─╯╰╯╰─╯╰╯╰───────────────╯╰─────────────────╯        

 =============================================================== 

>> APP VARIABLES
REDIS_GET 50
REDIS_SET 10
DB_FETCHES 19
LRU_SET 0
LRU_GET 0

>> TEST OUTPUTS
TEST_RUN_TIME (s) 6
APP_EXECUTIONS_COUNT 59
APP_EXECUTION_TIME (ms) 203
AVERAGE(APP_EXECUTION_TIME) (ms) 102

>> CHART
     431.00 ┤                                                 ╭╮        
     390.90 ┤                                                 ││        
     350.80 ┤                                                 ││        
     310.70 ┼╮                                                ││        
     270.60 ┤╰───╮ ╭╮╭╮ ╭╮╭╮               ╭╮                 ││        
     230.50 ┤    │ ││││ ││││               ││                 ││        
     190.40 ┤    │ ││││ ││││               ││                 │╰─────── 
     150.30 ┤    │ ││││ ││││               ││                 │         
     110.20 ┤    │ ││││ ││││               ││                 │         
      70.10 ┤    │ ││││ ││││               ││                 │         
      30.00 ┤    ╰─╯╰╯╰─╯╰╯╰───────────────╯╰─────────────────╯         

 =============================================================== 

>> APP VARIABLES
REDIS_GET 50
REDIS_SET 10
DB_FETCHES 20
LRU_SET 0
LRU_GET 0

>> TEST OUTPUTS
TEST_RUN_TIME (s) 6
APP_EXECUTIONS_COUNT 60
APP_EXECUTION_TIME (ms) 204
AVERAGE(APP_EXECUTION_TIME) (ms) 104

>> CHART
     431.00 ┤                                                 ╭╮         
     390.90 ┤                                                 ││         
     350.80 ┤                                                 ││         
     310.70 ┼╮                                                ││         
     270.60 ┤╰───╮ ╭╮╭╮ ╭╮╭╮               ╭╮                 ││         
     230.50 ┤    │ ││││ ││││               ││                 ││         
     190.40 ┤    │ ││││ ││││               ││                 │╰──────── 
     150.30 ┤    │ ││││ ││││               ││                 │          
     110.20 ┤    │ ││││ ││││               ││                 │          
      70.10 ┤    │ ││││ ││││               ││                 │          
      30.00 ┤    ╰─╯╰╯╰─╯╰╯╰───────────────╯╰─────────────────╯          

 =============================================================== 

>> APP VARIABLES
REDIS_GET 50
REDIS_SET 10
DB_FETCHES 21
LRU_SET 0
LRU_GET 0

>> TEST OUTPUTS
TEST_RUN_TIME (s) 6
APP_EXECUTIONS_COUNT 61
APP_EXECUTION_TIME (ms) 204
AVERAGE(APP_EXECUTION_TIME) (ms) 106

>> CHART
     431.00 ┤                                                 ╭╮          
     390.90 ┤                                                 ││          
     350.80 ┤                                                 ││          
     310.70 ┼╮                                                ││          
     270.60 ┤╰───╮ ╭╮╭╮ ╭╮╭╮               ╭╮                 ││          
     230.50 ┤    │ ││││ ││││               ││                 ││          
     190.40 ┤    │ ││││ ││││               ││                 │╰───────── 
     150.30 ┤    │ ││││ ││││               ││                 │           
     110.20 ┤    │ ││││ ││││               ││                 │           
      70.10 ┤    │ ││││ ││││               ││                 │           
      30.00 ┤    ╰─╯╰╯╰─╯╰╯╰───────────────╯╰─────────────────╯           

 =============================================================== 

>> APP VARIABLES
REDIS_GET 50
REDIS_SET 10
DB_FETCHES 22
LRU_SET 0
LRU_GET 0

>> TEST OUTPUTS
TEST_RUN_TIME (s) 6
APP_EXECUTIONS_COUNT 62
APP_EXECUTION_TIME (ms) 204
AVERAGE(APP_EXECUTION_TIME) (ms) 107

>> CHART
     431.00 ┤                                                 ╭╮           
     390.90 ┤                                                 ││           
     350.80 ┤                                                 ││           
     310.70 ┼╮                                                ││           
     270.60 ┤╰───╮ ╭╮╭╮ ╭╮╭╮               ╭╮                 ││           
     230.50 ┤    │ ││││ ││││               ││                 ││           
     190.40 ┤    │ ││││ ││││               ││                 │╰────────── 
     150.30 ┤    │ ││││ ││││               ││                 │            
     110.20 ┤    │ ││││ ││││               ││                 │            
      70.10 ┤    │ ││││ ││││               ││                 │            
      30.00 ┤    ╰─╯╰╯╰─╯╰╯╰───────────────╯╰─────────────────╯            

 =============================================================== 

>> APP VARIABLES
REDIS_GET 50
REDIS_SET 10
DB_FETCHES 23
LRU_SET 0
LRU_GET 0

>> TEST OUTPUTS
TEST_RUN_TIME (s) 7
APP_EXECUTIONS_COUNT 63
APP_EXECUTION_TIME (ms) 204
AVERAGE(APP_EXECUTION_TIME) (ms) 109

>> CHART
     431.00 ┤                                                 ╭╮            
     390.90 ┤                                                 ││            
     350.80 ┤                                                 ││            
     310.70 ┼╮                                                ││            
     270.60 ┤╰───╮ ╭╮╭╮ ╭╮╭╮               ╭╮                 ││            
     230.50 ┤    │ ││││ ││││               ││                 ││            
     190.40 ┤    │ ││││ ││││               ││                 │╰─────────── 
     150.30 ┤    │ ││││ ││││               ││                 │             
     110.20 ┤    │ ││││ ││││               ││                 │             
      70.10 ┤    │ ││││ ││││               ││                 │             
      30.00 ┤    ╰─╯╰╯╰─╯╰╯╰───────────────╯╰─────────────────╯             

 =============================================================== 

>> APP VARIABLES
REDIS_GET 50
REDIS_SET 10
DB_FETCHES 24
LRU_SET 0
LRU_GET 0

>> TEST OUTPUTS
TEST_RUN_TIME (s) 7
APP_EXECUTIONS_COUNT 64
APP_EXECUTION_TIME (ms) 204
AVERAGE(APP_EXECUTION_TIME) (ms) 110

>> CHART
     431.00 ┤                                                 ╭╮             
     390.90 ┤                                                 ││             
     350.80 ┤                                                 ││             
     310.70 ┼╮                                                ││             
     270.60 ┤╰───╮ ╭╮╭╮ ╭╮╭╮               ╭╮                 ││             
     230.50 ┤    │ ││││ ││││               ││                 ││             
     190.40 ┤    │ ││││ ││││               ││                 │╰──────────── 
     150.30 ┤    │ ││││ ││││               ││                 │              
     110.20 ┤    │ ││││ ││││               ││                 │              
      70.10 ┤    │ ││││ ││││               ││                 │              
      30.00 ┤    ╰─╯╰╯╰─╯╰╯╰───────────────╯╰─────────────────╯              

 =============================================================== 

>> APP VARIABLES
REDIS_GET 50
REDIS_SET 10
DB_FETCHES 25
LRU_SET 0
LRU_GET 0

>> TEST OUTPUTS
TEST_RUN_TIME (s) 7
APP_EXECUTIONS_COUNT 65
APP_EXECUTION_TIME (ms) 203
AVERAGE(APP_EXECUTION_TIME) (ms) 112

>> CHART
     431.00 ┤                                                 ╭╮              
     390.90 ┤                                                 ││              
     350.80 ┤                                                 ││              
     310.70 ┼╮                                                ││              
     270.60 ┤╰───╮ ╭╮╭╮ ╭╮╭╮               ╭╮                 ││              
     230.50 ┤    │ ││││ ││││               ││                 ││              
     190.40 ┤    │ ││││ ││││               ││                 │╰───────────── 
     150.30 ┤    │ ││││ ││││               ││                 │               
     110.20 ┤    │ ││││ ││││               ││                 │               
      70.10 ┤    │ ││││ ││││               ││                 │               
      30.00 ┤    ╰─╯╰╯╰─╯╰╯╰───────────────╯╰─────────────────╯               

 =============================================================== 

>> APP VARIABLES
REDIS_GET 50
REDIS_SET 10
DB_FETCHES 26
LRU_SET 0
LRU_GET 0

>> TEST OUTPUTS
TEST_RUN_TIME (s) 7
APP_EXECUTIONS_COUNT 66
APP_EXECUTION_TIME (ms) 204
AVERAGE(APP_EXECUTION_TIME) (ms) 113

>> CHART
     431.00 ┤                                                 ╭╮               
     390.90 ┤                                                 ││               
     350.80 ┤                                                 ││               
     310.70 ┼╮                                                ││               
     270.60 ┤╰───╮ ╭╮╭╮ ╭╮╭╮               ╭╮                 ││               
     230.50 ┤    │ ││││ ││││               ││                 ││               
     190.40 ┤    │ ││││ ││││               ││                 │╰────────────── 
     150.30 ┤    │ ││││ ││││               ││                 │                
     110.20 ┤    │ ││││ ││││               ││                 │                
      70.10 ┤    │ ││││ ││││               ││                 │                
      30.00 ┤    ╰─╯╰╯╰─╯╰╯╰───────────────╯╰─────────────────╯                

 =============================================================== 

>> APP VARIABLES
REDIS_GET 50
REDIS_SET 10
DB_FETCHES 27
LRU_SET 0
LRU_GET 0

>> TEST OUTPUTS
TEST_RUN_TIME (s) 8
APP_EXECUTIONS_COUNT 67
APP_EXECUTION_TIME (ms) 204
AVERAGE(APP_EXECUTION_TIME) (ms) 114

>> CHART
     431.00 ┤                                                 ╭╮                
     390.90 ┤                                                 ││                
     350.80 ┤                                                 ││                
     310.70 ┼╮                                                ││                
     270.60 ┤╰───╮ ╭╮╭╮ ╭╮╭╮               ╭╮                 ││                
     230.50 ┤    │ ││││ ││││               ││                 ││                
     190.40 ┤    │ ││││ ││││               ││                 │╰─────────────── 
     150.30 ┤    │ ││││ ││││               ││                 │                 
     110.20 ┤    │ ││││ ││││               ││                 │                 
      70.10 ┤    │ ││││ ││││               ││                 │                 
      30.00 ┤    ╰─╯╰╯╰─╯╰╯╰───────────────╯╰─────────────────╯                 

 =============================================================== 

>> APP VARIABLES
REDIS_GET 50
REDIS_SET 10
DB_FETCHES 28
LRU_SET 0
LRU_GET 0

>> TEST OUTPUTS
TEST_RUN_TIME (s) 8
APP_EXECUTIONS_COUNT 68
APP_EXECUTION_TIME (ms) 202
AVERAGE(APP_EXECUTION_TIME) (ms) 116

>> CHART
     431.00 ┤                                                 ╭╮                 
     390.90 ┤                                                 ││                 
     350.80 ┤                                                 ││                 
     310.70 ┼╮                                                ││                 
     270.60 ┤╰───╮ ╭╮╭╮ ╭╮╭╮               ╭╮                 ││                 
     230.50 ┤    │ ││││ ││││               ││                 ││                 
     190.40 ┤    │ ││││ ││││               ││                 │╰──────────────── 
     150.30 ┤    │ ││││ ││││               ││                 │                  
     110.20 ┤    │ ││││ ││││               ││                 │                  
      70.10 ┤    │ ││││ ││││               ││                 │                  
      30.00 ┤    ╰─╯╰╯╰─╯╰╯╰───────────────╯╰─────────────────╯                  

 =============================================================== 

>> APP VARIABLES
REDIS_GET 50
REDIS_SET 10
DB_FETCHES 29
LRU_SET 0
LRU_GET 0

>> TEST OUTPUTS
TEST_RUN_TIME (s) 8
APP_EXECUTIONS_COUNT 69
APP_EXECUTION_TIME (ms) 204
AVERAGE(APP_EXECUTION_TIME) (ms) 117

>> CHART
     431.00 ┤                                                 ╭╮                  
     390.90 ┤                                                 ││                  
     350.80 ┤                                                 ││                  
     310.70 ┼╮                                                ││                  
     270.60 ┤╰───╮ ╭╮╭╮ ╭╮╭╮               ╭╮                 ││                  
     230.50 ┤    │ ││││ ││││               ││                 ││                  
     190.40 ┤    │ ││││ ││││               ││                 │╰───────────────── 
     150.30 ┤    │ ││││ ││││               ││                 │                   
     110.20 ┤    │ ││││ ││││               ││                 │                   
      70.10 ┤    │ ││││ ││││               ││                 │                   
      30.00 ┤    ╰─╯╰╯╰─╯╰╯╰───────────────╯╰─────────────────╯                   

 =============================================================== 

>> APP VARIABLES
REDIS_GET 50
REDIS_SET 10
DB_FETCHES 30
LRU_SET 0
LRU_GET 0

>> TEST OUTPUTS
TEST_RUN_TIME (s) 8
APP_EXECUTIONS_COUNT 70
APP_EXECUTION_TIME (ms) 204
AVERAGE(APP_EXECUTION_TIME) (ms) 118

>> CHART
     431.00 ┤                                                 ╭╮                   
     390.90 ┤                                                 ││                   
     350.80 ┤                                                 ││                   
     310.70 ┼╮                                                ││                   
     270.60 ┤╰───╮ ╭╮╭╮ ╭╮╭╮               ╭╮                 ││                   
     230.50 ┤    │ ││││ ││││               ││                 ││                   
     190.40 ┤    │ ││││ ││││               ││                 │╰────────────────── 
     150.30 ┤    │ ││││ ││││               ││                 │                    
     110.20 ┤    │ ││││ ││││               ││                 │                    
      70.10 ┤    │ ││││ ││││               ││                 │                    
      30.00 ┤    ╰─╯╰╯╰─╯╰╯╰───────────────╯╰─────────────────╯                    

 =============================================================== 

>> APP VARIABLES
REDIS_GET 50
REDIS_SET 10
DB_FETCHES 31
LRU_SET 0
LRU_GET 0

>> TEST OUTPUTS
TEST_RUN_TIME (s) 8
APP_EXECUTIONS_COUNT 71
APP_EXECUTION_TIME (ms) 204
AVERAGE(APP_EXECUTION_TIME) (ms) 119

>> CHART
     431.00 ┤                                                 ╭╮                    
     390.90 ┤                                                 ││                    
     350.80 ┤                                                 ││                    
     310.70 ┼╮                                                ││                    
     270.60 ┤╰───╮ ╭╮╭╮ ╭╮╭╮               ╭╮                 ││                    
     230.50 ┤    │ ││││ ││││               ││                 ││                    
     190.40 ┤    │ ││││ ││││               ││                 │╰─────────────────── 
     150.30 ┤    │ ││││ ││││               ││                 │                     
     110.20 ┤    │ ││││ ││││               ││                 │                     
      70.10 ┤    │ ││││ ││││               ││                 │                     
      30.00 ┤    ╰─╯╰╯╰─╯╰╯╰───────────────╯╰─────────────────╯                     

 =============================================================== 

>> APP VARIABLES
REDIS_GET 50
REDIS_SET 10
DB_FETCHES 32
LRU_SET 0
LRU_GET 0

>> TEST OUTPUTS
TEST_RUN_TIME (s) 9
APP_EXECUTIONS_COUNT 72
APP_EXECUTION_TIME (ms) 203
AVERAGE(APP_EXECUTION_TIME) (ms) 121

>> CHART
     431.00 ┤                                                 ╭╮                     
     390.90 ┤                                                 ││                     
     350.80 ┤                                                 ││                     
     310.70 ┼╮                                                ││                     
     270.60 ┤╰───╮ ╭╮╭╮ ╭╮╭╮               ╭╮                 ││                     
     230.50 ┤    │ ││││ ││││               ││                 ││                     
     190.40 ┤    │ ││││ ││││               ││                 │╰──────────────────── 
     150.30 ┤    │ ││││ ││││               ││                 │                      
     110.20 ┤    │ ││││ ││││               ││                 │                      
      70.10 ┤    │ ││││ ││││               ││                 │                      
      30.00 ┤    ╰─╯╰╯╰─╯╰╯╰───────────────╯╰─────────────────╯                      

 =============================================================== 

>> APP VARIABLES
REDIS_GET 50
REDIS_SET 10
DB_FETCHES 33
LRU_SET 0
LRU_GET 0

>> TEST OUTPUTS
TEST_RUN_TIME (s) 9
APP_EXECUTIONS_COUNT 73
APP_EXECUTION_TIME (ms) 205
AVERAGE(APP_EXECUTION_TIME) (ms) 122

>> CHART
     431.00 ┤                                                 ╭╮                      
     390.90 ┤                                                 ││                      
     350.80 ┤                                                 ││                      
     310.70 ┼╮                                                ││                      
     270.60 ┤╰───╮ ╭╮╭╮ ╭╮╭╮               ╭╮                 ││                      
     230.50 ┤    │ ││││ ││││               ││                 ││                      
     190.40 ┤    │ ││││ ││││               ││                 │╰───────────────────── 
     150.30 ┤    │ ││││ ││││               ││                 │                       
     110.20 ┤    │ ││││ ││││               ││                 │                       
      70.10 ┤    │ ││││ ││││               ││                 │                       
      30.00 ┤    ╰─╯╰╯╰─╯╰╯╰───────────────╯╰─────────────────╯                       

 =============================================================== 

>> APP VARIABLES
REDIS_GET 50
REDIS_SET 10
DB_FETCHES 34
LRU_SET 0
LRU_GET 0

>> TEST OUTPUTS
TEST_RUN_TIME (s) 9
APP_EXECUTIONS_COUNT 74
APP_EXECUTION_TIME (ms) 204
AVERAGE(APP_EXECUTION_TIME) (ms) 123

>> CHART
     431.00 ┤                                                 ╭╮                       
     390.90 ┤                                                 ││                       
     350.80 ┤                                                 ││                       
     310.70 ┼╮                                                ││                       
     270.60 ┤╰───╮ ╭╮╭╮ ╭╮╭╮               ╭╮                 ││                       
     230.50 ┤    │ ││││ ││││               ││                 ││                       
     190.40 ┤    │ ││││ ││││               ││                 │╰────────────────────── 
     150.30 ┤    │ ││││ ││││               ││                 │                        
     110.20 ┤    │ ││││ ││││               ││                 │                        
      70.10 ┤    │ ││││ ││││               ││                 │                        
      30.00 ┤    ╰─╯╰╯╰─╯╰╯╰───────────────╯╰─────────────────╯                        

 =============================================================== 

>> APP VARIABLES
REDIS_GET 50
REDIS_SET 10
DB_FETCHES 35
LRU_SET 0
LRU_GET 0

>> TEST OUTPUTS
TEST_RUN_TIME (s) 9
APP_EXECUTIONS_COUNT 75
APP_EXECUTION_TIME (ms) 204
AVERAGE(APP_EXECUTION_TIME) (ms) 124

>> CHART
     431.00 ┤                                                 ╭╮                        
     390.90 ┤                                                 ││                        
     350.80 ┤                                                 ││                        
     310.70 ┼╮                                                ││                        
     270.60 ┤╰───╮ ╭╮╭╮ ╭╮╭╮               ╭╮                 ││                        
     230.50 ┤    │ ││││ ││││               ││                 ││                        
     190.40 ┤    │ ││││ ││││               ││                 │╰─────────────────────── 
     150.30 ┤    │ ││││ ││││               ││                 │                         
     110.20 ┤    │ ││││ ││││               ││                 │                         
      70.10 ┤    │ ││││ ││││               ││                 │                         
      30.00 ┤    ╰─╯╰╯╰─╯╰╯╰───────────────╯╰─────────────────╯                         

 =============================================================== 

>> APP VARIABLES
REDIS_GET 50
REDIS_SET 10
DB_FETCHES 36
LRU_SET 0
LRU_GET 0

>> TEST OUTPUTS
TEST_RUN_TIME (s) 9
APP_EXECUTIONS_COUNT 76
APP_EXECUTION_TIME (ms) 205
AVERAGE(APP_EXECUTION_TIME) (ms) 125

>> CHART
     431.00 ┤                                                 ╭╮                         
     390.90 ┤                                                 ││                         
     350.80 ┤                                                 ││                         
     310.70 ┼╮                                                ││                         
     270.60 ┤╰───╮ ╭╮╭╮ ╭╮╭╮               ╭╮                 ││                         
     230.50 ┤    │ ││││ ││││               ││                 ││                         
     190.40 ┤    │ ││││ ││││               ││                 │╰──────────────────────── 
     150.30 ┤    │ ││││ ││││               ││                 │                          
     110.20 ┤    │ ││││ ││││               ││                 │                          
      70.10 ┤    │ ││││ ││││               ││                 │                          
      30.00 ┤    ╰─╯╰╯╰─╯╰╯╰───────────────╯╰─────────────────╯                          

 =============================================================== 

>> APP VARIABLES
REDIS_GET 50
REDIS_SET 10
DB_FETCHES 37
LRU_SET 0
LRU_GET 0

>> TEST OUTPUTS
TEST_RUN_TIME (s) 10
APP_EXECUTIONS_COUNT 77
APP_EXECUTION_TIME (ms) 204
AVERAGE(APP_EXECUTION_TIME) (ms) 126

>> CHART
     431.00 ┤                                                 ╭╮                          
     390.90 ┤                                                 ││                          
     350.80 ┤                                                 ││                          
     310.70 ┼╮                                                ││                          
     270.60 ┤╰───╮ ╭╮╭╮ ╭╮╭╮               ╭╮                 ││                          
     230.50 ┤    │ ││││ ││││               ││                 ││                          
     190.40 ┤    │ ││││ ││││               ││                 │╰───────────────────────── 
     150.30 ┤    │ ││││ ││││               ││                 │                           
     110.20 ┤    │ ││││ ││││               ││                 │                           
      70.10 ┤    │ ││││ ││││               ││                 │                           
      30.00 ┤    ╰─╯╰╯╰─╯╰╯╰───────────────╯╰─────────────────╯                           

 =============================================================== 

>> APP VARIABLES
REDIS_GET 50
REDIS_SET 10
DB_FETCHES 38
LRU_SET 0
LRU_GET 0

>> TEST OUTPUTS
TEST_RUN_TIME (s) 10
APP_EXECUTIONS_COUNT 78
APP_EXECUTION_TIME (ms) 204
AVERAGE(APP_EXECUTION_TIME) (ms) 127

>> CHART
     431.00 ┤                                                 ╭╮                           
     390.90 ┤                                                 ││                           
     350.80 ┤                                                 ││                           
     310.70 ┼╮                                                ││                           
     270.60 ┤╰───╮ ╭╮╭╮ ╭╮╭╮               ╭╮                 ││                           
     230.50 ┤    │ ││││ ││││               ││                 ││                           
     190.40 ┤    │ ││││ ││││               ││                 │╰────────────────────────── 
     150.30 ┤    │ ││││ ││││               ││                 │                            
     110.20 ┤    │ ││││ ││││               ││                 │                            
      70.10 ┤    │ ││││ ││││               ││                 │                            
      30.00 ┤    ╰─╯╰╯╰─╯╰╯╰───────────────╯╰─────────────────╯                            

 =============================================================== 

>> APP VARIABLES
REDIS_GET 50
REDIS_SET 10
DB_FETCHES 39
LRU_SET 0
LRU_GET 0

>> TEST OUTPUTS
TEST_RUN_TIME (s) 10
APP_EXECUTIONS_COUNT 79
APP_EXECUTION_TIME (ms) 203
AVERAGE(APP_EXECUTION_TIME) (ms) 128

>> CHART
     431.00 ┤                                                 ╭╮                            
     390.90 ┤                                                 ││                            
     350.80 ┤                                                 ││                            
     310.70 ┼╮                                                ││                            
     270.60 ┤╰───╮ ╭╮╭╮ ╭╮╭╮               ╭╮                 ││                            
     230.50 ┤    │ ││││ ││││               ││                 ││                            
     190.40 ┤    │ ││││ ││││               ││                 │╰─────────────────────────── 
     150.30 ┤    │ ││││ ││││               ││                 │                             
     110.20 ┤    │ ││││ ││││               ││                 │                             
      70.10 ┤    │ ││││ ││││               ││                 │                             
      30.00 ┤    ╰─╯╰╯╰─╯╰╯╰───────────────╯╰─────────────────╯                             

 =============================================================== 

>> APP VARIABLES
REDIS_GET 50
REDIS_SET 10
DB_FETCHES 40
LRU_SET 0
LRU_GET 0

>> TEST OUTPUTS
TEST_RUN_TIME (s) 10
APP_EXECUTIONS_COUNT 80
APP_EXECUTION_TIME (ms) 202
AVERAGE(APP_EXECUTION_TIME) (ms) 129

>> CHART
     431.00 ┤                                                 ╭╮                             
     390.90 ┤                                                 ││                             
     350.80 ┤                                                 ││                             
     310.70 ┼╮                                                ││                             
     270.60 ┤╰───╮ ╭╮╭╮ ╭╮╭╮               ╭╮                 ││                             
     230.50 ┤    │ ││││ ││││               ││                 ││                             
     190.40 ┤    │ ││││ ││││               ││                 │╰──────────────────────────── 
     150.30 ┤    │ ││││ ││││               ││                 │                              
     110.20 ┤    │ ││││ ││││               ││                 │                              
      70.10 ┤    │ ││││ ││││               ││                 │                              
      30.00 ┤    ╰─╯╰╯╰─╯╰╯╰───────────────╯╰─────────────────╯                              

 =============================================================== 

>> APP VARIABLES
REDIS_GET 50
REDIS_SET 10
DB_FETCHES 41
LRU_SET 0
LRU_GET 0

>> TEST OUTPUTS
TEST_RUN_TIME (s) 10
APP_EXECUTIONS_COUNT 81
APP_EXECUTION_TIME (ms) 204
AVERAGE(APP_EXECUTION_TIME) (ms) 130

>> CHART
     431.00 ┤                                                 ╭╮                              
     390.90 ┤                                                 ││                              
     350.80 ┤                                                 ││                              
     310.70 ┼╮                                                ││                              
     270.60 ┤╰───╮ ╭╮╭╮ ╭╮╭╮               ╭╮                 ││                              
     230.50 ┤    │ ││││ ││││               ││                 ││                              
     190.40 ┤    │ ││││ ││││               ││                 │╰───────────────────────────── 
     150.30 ┤    │ ││││ ││││               ││                 │                               
     110.20 ┤    │ ││││ ││││               ││                 │                               
      70.10 ┤    │ ││││ ││││               ││                 │                               
      30.00 ┤    ╰─╯╰╯╰─╯╰╯╰───────────────╯╰─────────────────╯                               

 =============================================================== 

>> APP VARIABLES
REDIS_GET 50
REDIS_SET 10
DB_FETCHES 42
LRU_SET 0
LRU_GET 0

>> TEST OUTPUTS
TEST_RUN_TIME (s) 11
APP_EXECUTIONS_COUNT 82
APP_EXECUTION_TIME (ms) 205
AVERAGE(APP_EXECUTION_TIME) (ms) 131

>> CHART
     431.00 ┤                                                 ╭╮                               
     390.90 ┤                                                 ││                               
     350.80 ┤                                                 ││                               
     310.70 ┼╮                                                ││                               
     270.60 ┤╰───╮ ╭╮╭╮ ╭╮╭╮               ╭╮                 ││                               
     230.50 ┤    │ ││││ ││││               ││                 ││                               
     190.40 ┤    │ ││││ ││││               ││                 │╰────────────────────────────── 
     150.30 ┤    │ ││││ ││││               ││                 │                                
     110.20 ┤    │ ││││ ││││               ││                 │                                
      70.10 ┤    │ ││││ ││││               ││                 │                                
      30.00 ┤    ╰─╯╰╯╰─╯╰╯╰───────────────╯╰─────────────────╯                                

 =============================================================== 

>> APP VARIABLES
REDIS_GET 50
REDIS_SET 10
DB_FETCHES 43
LRU_SET 0
LRU_GET 0

>> TEST OUTPUTS
TEST_RUN_TIME (s) 11
APP_EXECUTIONS_COUNT 83
APP_EXECUTION_TIME (ms) 204
AVERAGE(APP_EXECUTION_TIME) (ms) 132

>> CHART
     431.00 ┤                                                 ╭╮                                
     390.90 ┤                                                 ││                                
     350.80 ┤                                                 ││                                
     310.70 ┼╮                                                ││                                
     270.60 ┤╰───╮ ╭╮╭╮ ╭╮╭╮               ╭╮                 ││                                
     230.50 ┤    │ ││││ ││││               ││                 ││                                
     190.40 ┤    │ ││││ ││││               ││                 │╰─────────────────────────────── 
     150.30 ┤    │ ││││ ││││               ││                 │                                 
     110.20 ┤    │ ││││ ││││               ││                 │                                 
      70.10 ┤    │ ││││ ││││               ││                 │                                 
      30.00 ┤    ╰─╯╰╯╰─╯╰╯╰───────────────╯╰─────────────────╯                                 

 =============================================================== 

>> APP VARIABLES
REDIS_GET 50
REDIS_SET 10
DB_FETCHES 44
LRU_SET 0
LRU_GET 0

>> TEST OUTPUTS
TEST_RUN_TIME (s) 11
APP_EXECUTIONS_COUNT 84
APP_EXECUTION_TIME (ms) 204
AVERAGE(APP_EXECUTION_TIME) (ms) 132

>> CHART
     431.00 ┤                                                 ╭╮                                 
     390.90 ┤                                                 ││                                 
     350.80 ┤                                                 ││                                 
     310.70 ┼╮                                                ││                                 
     270.60 ┤╰───╮ ╭╮╭╮ ╭╮╭╮               ╭╮                 ││                                 
     230.50 ┤    │ ││││ ││││               ││                 ││                                 
     190.40 ┤    │ ││││ ││││               ││                 │╰──────────────────────────────── 
     150.30 ┤    │ ││││ ││││               ││                 │                                  
     110.20 ┤    │ ││││ ││││               ││                 │                                  
      70.10 ┤    │ ││││ ││││               ││                 │                                  
      30.00 ┤    ╰─╯╰╯╰─╯╰╯╰───────────────╯╰─────────────────╯                                  

 =============================================================== 

>> APP VARIABLES
REDIS_GET 50
REDIS_SET 10
DB_FETCHES 45
LRU_SET 0
LRU_GET 0

>> TEST OUTPUTS
TEST_RUN_TIME (s) 11
APP_EXECUTIONS_COUNT 85
APP_EXECUTION_TIME (ms) 204
AVERAGE(APP_EXECUTION_TIME) (ms) 133

>> CHART
     431.00 ┤                                                 ╭╮                                  
     390.90 ┤                                                 ││                                  
     350.80 ┤                                                 ││                                  
     310.70 ┼╮                                                ││                                  
     270.60 ┤╰───╮ ╭╮╭╮ ╭╮╭╮               ╭╮                 ││                                  
     230.50 ┤    │ ││││ ││││               ││                 ││                                  
     190.40 ┤    │ ││││ ││││               ││                 │╰───────────────────────────────── 
     150.30 ┤    │ ││││ ││││               ││                 │                                   
     110.20 ┤    │ ││││ ││││               ││                 │                                   
      70.10 ┤    │ ││││ ││││               ││                 │                                   
      30.00 ┤    ╰─╯╰╯╰─╯╰╯╰───────────────╯╰─────────────────╯                                   

 =============================================================== 

>> APP VARIABLES
REDIS_GET 50
REDIS_SET 10
DB_FETCHES 46
LRU_SET 0
LRU_GET 0

>> TEST OUTPUTS
TEST_RUN_TIME (s) 11
APP_EXECUTIONS_COUNT 86
APP_EXECUTION_TIME (ms) 204
AVERAGE(APP_EXECUTION_TIME) (ms) 134

>> CHART
     431.00 ┤                                                 ╭╮                                   
     390.90 ┤                                                 ││                                   
     350.80 ┤                                                 ││                                   
     310.70 ┼╮                                                ││                                   
     270.60 ┤╰───╮ ╭╮╭╮ ╭╮╭╮               ╭╮                 ││                                   
     230.50 ┤    │ ││││ ││││               ││                 ││                                   
     190.40 ┤    │ ││││ ││││               ││                 │╰────────────────────────────────── 
     150.30 ┤    │ ││││ ││││               ││                 │                                    
     110.20 ┤    │ ││││ ││││               ││                 │                                    
      70.10 ┤    │ ││││ ││││               ││                 │                                    
      30.00 ┤    ╰─╯╰╯╰─╯╰╯╰───────────────╯╰─────────────────╯                                    

 =============================================================== 

>> APP VARIABLES
REDIS_GET 50
REDIS_SET 10
DB_FETCHES 47
LRU_SET 0
LRU_GET 0

>> TEST OUTPUTS
TEST_RUN_TIME (s) 12
APP_EXECUTIONS_COUNT 87
APP_EXECUTION_TIME (ms) 203
AVERAGE(APP_EXECUTION_TIME) (ms) 135

>> CHART
     431.00 ┤                                                 ╭╮                                    
     390.90 ┤                                                 ││                                    
     350.80 ┤                                                 ││                                    
     310.70 ┼╮                                                ││                                    
     270.60 ┤╰───╮ ╭╮╭╮ ╭╮╭╮               ╭╮                 ││                                    
     230.50 ┤    │ ││││ ││││               ││                 ││                                    
     190.40 ┤    │ ││││ ││││               ││                 │╰─────────────────────────────────── 
     150.30 ┤    │ ││││ ││││               ││                 │                                     
     110.20 ┤    │ ││││ ││││               ││                 │                                     
      70.10 ┤    │ ││││ ││││               ││                 │                                     
      30.00 ┤    ╰─╯╰╯╰─╯╰╯╰───────────────╯╰─────────────────╯                                     

 =============================================================== 

>> APP VARIABLES
REDIS_GET 50
REDIS_SET 10
DB_FETCHES 48
LRU_SET 0
LRU_GET 0

>> TEST OUTPUTS
TEST_RUN_TIME (s) 12
APP_EXECUTIONS_COUNT 88
APP_EXECUTION_TIME (ms) 203
AVERAGE(APP_EXECUTION_TIME) (ms) 136

>> CHART
     431.00 ┤                                                 ╭╮                                     
     390.90 ┤                                                 ││                                     
     350.80 ┤                                                 ││                                     
     310.70 ┼╮                                                ││                                     
     270.60 ┤╰───╮ ╭╮╭╮ ╭╮╭╮               ╭╮                 ││                                     
     230.50 ┤    │ ││││ ││││               ││                 ││                                     
     190.40 ┤    │ ││││ ││││               ││                 │╰──────────────────────────────────── 
     150.30 ┤    │ ││││ ││││               ││                 │                                      
     110.20 ┤    │ ││││ ││││               ││                 │                                      
      70.10 ┤    │ ││││ ││││               ││                 │                                      
      30.00 ┤    ╰─╯╰╯╰─╯╰╯╰───────────────╯╰─────────────────╯                                      

 =============================================================== 

>> APP VARIABLES
REDIS_GET 50
REDIS_SET 10
DB_FETCHES 49
LRU_SET 0
LRU_GET 0

>> TEST OUTPUTS
TEST_RUN_TIME (s) 12
APP_EXECUTIONS_COUNT 89
APP_EXECUTION_TIME (ms) 204
AVERAGE(APP_EXECUTION_TIME) (ms) 136

>> CHART
     431.00 ┤                                                 ╭╮                                      
     390.90 ┤                                                 ││                                      
     350.80 ┤                                                 ││                                      
     310.70 ┼╮                                                ││                                      
     270.60 ┤╰───╮ ╭╮╭╮ ╭╮╭╮               ╭╮                 ││                                      
     230.50 ┤    │ ││││ ││││               ││                 ││                                      
     190.40 ┤    │ ││││ ││││               ││                 │╰───────────────────────────────────── 
     150.30 ┤    │ ││││ ││││               ││                 │                                       
     110.20 ┤    │ ││││ ││││               ││                 │                                       
      70.10 ┤    │ ││││ ││││               ││                 │                                       
      30.00 ┤    ╰─╯╰╯╰─╯╰╯╰───────────────╯╰─────────────────╯                                       

 =============================================================== 

>> APP VARIABLES
REDIS_GET 50
REDIS_SET 10
DB_FETCHES 50
LRU_SET 0
LRU_GET 0

>> TEST OUTPUTS
TEST_RUN_TIME (s) 12
APP_EXECUTIONS_COUNT 90
APP_EXECUTION_TIME (ms) 205
AVERAGE(APP_EXECUTION_TIME) (ms) 137

>> CHART
     431.00 ┤                                                 ╭╮                                       
     390.90 ┤                                                 ││                                       
     350.80 ┤                                                 ││                                       
     310.70 ┼╮                                                ││                                       
     270.60 ┤╰───╮ ╭╮╭╮ ╭╮╭╮               ╭╮                 ││                                       
     230.50 ┤    │ ││││ ││││               ││                 ││                                       
     190.40 ┤    │ ││││ ││││               ││                 │╰────────────────────────────────────── 
     150.30 ┤    │ ││││ ││││               ││                 │                                        
     110.20 ┤    │ ││││ ││││               ││                 │                                        
      70.10 ┤    │ ││││ ││││               ││                 │                                        
      30.00 ┤    ╰─╯╰╯╰─╯╰╯╰───────────────╯╰─────────────────╯                                        

 =============================================================== 

>> APP VARIABLES
REDIS_GET 50
REDIS_SET 10
DB_FETCHES 51
LRU_SET 0
LRU_GET 0

>> TEST OUTPUTS
TEST_RUN_TIME (s) 12
APP_EXECUTIONS_COUNT 91
APP_EXECUTION_TIME (ms) 205
AVERAGE(APP_EXECUTION_TIME) (ms) 138

>> CHART
     431.00 ┤                                                 ╭╮                                        
     390.90 ┤                                                 ││                                        
     350.80 ┤                                                 ││                                        
     310.70 ┼╮                                                ││                                        
     270.60 ┤╰───╮ ╭╮╭╮ ╭╮╭╮               ╭╮                 ││                                        
     230.50 ┤    │ ││││ ││││               ││                 ││                                        
     190.40 ┤    │ ││││ ││││               ││                 │╰─────────────────────────────────────── 
     150.30 ┤    │ ││││ ││││               ││                 │                                         
     110.20 ┤    │ ││││ ││││               ││                 │                                         
      70.10 ┤    │ ││││ ││││               ││                 │                                         
      30.00 ┤    ╰─╯╰╯╰─╯╰╯╰───────────────╯╰─────────────────╯                                         

 =============================================================== 

>> APP VARIABLES
REDIS_GET 50
REDIS_SET 10
DB_FETCHES 52
LRU_SET 0
LRU_GET 0

>> TEST OUTPUTS
TEST_RUN_TIME (s) 13
APP_EXECUTIONS_COUNT 92
APP_EXECUTION_TIME (ms) 204
AVERAGE(APP_EXECUTION_TIME) (ms) 139

>> CHART
     431.00 ┤                                                 ╭╮                                         
     390.90 ┤                                                 ││                                         
     350.80 ┤                                                 ││                                         
     310.70 ┼╮                                                ││                                         
     270.60 ┤╰───╮ ╭╮╭╮ ╭╮╭╮               ╭╮                 ││                                         
     230.50 ┤    │ ││││ ││││               ││                 ││                                         
     190.40 ┤    │ ││││ ││││               ││                 │╰──────────────────────────────────────── 
     150.30 ┤    │ ││││ ││││               ││                 │                                          
     110.20 ┤    │ ││││ ││││               ││                 │                                          
      70.10 ┤    │ ││││ ││││               ││                 │                                          
      30.00 ┤    ╰─╯╰╯╰─╯╰╯╰───────────────╯╰─────────────────╯                                          

 =============================================================== 

>> APP VARIABLES
REDIS_GET 50
REDIS_SET 10
DB_FETCHES 53
LRU_SET 0
LRU_GET 0

>> TEST OUTPUTS
TEST_RUN_TIME (s) 13
APP_EXECUTIONS_COUNT 93
APP_EXECUTION_TIME (ms) 204
AVERAGE(APP_EXECUTION_TIME) (ms) 139

>> CHART
     431.00 ┤                                                 ╭╮                                          
     390.90 ┤                                                 ││                                          
     350.80 ┤                                                 ││                                          
     310.70 ┼╮                                                ││                                          
     270.60 ┤╰───╮ ╭╮╭╮ ╭╮╭╮               ╭╮                 ││                                          
     230.50 ┤    │ ││││ ││││               ││                 ││                                          
     190.40 ┤    │ ││││ ││││               ││                 │╰───────────────────────────────────────── 
     150.30 ┤    │ ││││ ││││               ││                 │                                           
     110.20 ┤    │ ││││ ││││               ││                 │                                           
      70.10 ┤    │ ││││ ││││               ││                 │                                           
      30.00 ┤    ╰─╯╰╯╰─╯╰╯╰───────────────╯╰─────────────────╯                                           

 =============================================================== 

>> APP VARIABLES
REDIS_GET 50
REDIS_SET 10
DB_FETCHES 54
LRU_SET 0
LRU_GET 0

>> TEST OUTPUTS
TEST_RUN_TIME (s) 13
APP_EXECUTIONS_COUNT 94
APP_EXECUTION_TIME (ms) 204
AVERAGE(APP_EXECUTION_TIME) (ms) 140

>> CHART
     431.00 ┤                                                 ╭╮                                           
     390.90 ┤                                                 ││                                           
     350.80 ┤                                                 ││                                           
     310.70 ┼╮                                                ││                                           
     270.60 ┤╰───╮ ╭╮╭╮ ╭╮╭╮               ╭╮                 ││                                           
     230.50 ┤    │ ││││ ││││               ││                 ││                                           
     190.40 ┤    │ ││││ ││││               ││                 │╰────────────────────────────────────────── 
     150.30 ┤    │ ││││ ││││               ││                 │                                            
     110.20 ┤    │ ││││ ││││               ││                 │                                            
      70.10 ┤    │ ││││ ││││               ││                 │                                            
      30.00 ┤    ╰─╯╰╯╰─╯╰╯╰───────────────╯╰─────────────────╯                                            

 =============================================================== 

>> APP VARIABLES
REDIS_GET 50
REDIS_SET 10
DB_FETCHES 55
LRU_SET 0
LRU_GET 0

>> TEST OUTPUTS
TEST_RUN_TIME (s) 13
APP_EXECUTIONS_COUNT 95
APP_EXECUTION_TIME (ms) 205
AVERAGE(APP_EXECUTION_TIME) (ms) 141

>> CHART
     431.00 ┤                                                 ╭╮                                            
     390.90 ┤                                                 ││                                            
     350.80 ┤                                                 ││                                            
     310.70 ┼╮                                                ││                                            
     270.60 ┤╰───╮ ╭╮╭╮ ╭╮╭╮               ╭╮                 ││                                            
     230.50 ┤    │ ││││ ││││               ││                 ││                                            
     190.40 ┤    │ ││││ ││││               ││                 │╰─────────────────────────────────────────── 
     150.30 ┤    │ ││││ ││││               ││                 │                                             
     110.20 ┤    │ ││││ ││││               ││                 │                                             
      70.10 ┤    │ ││││ ││││               ││                 │                                             
      30.00 ┤    ╰─╯╰╯╰─╯╰╯╰───────────────╯╰─────────────────╯                                             

 =============================================================== 

>> APP VARIABLES
REDIS_GET 50
REDIS_SET 10
DB_FETCHES 56
LRU_SET 0
LRU_GET 0

>> TEST OUTPUTS
TEST_RUN_TIME (s) 13
APP_EXECUTIONS_COUNT 96
APP_EXECUTION_TIME (ms) 205
AVERAGE(APP_EXECUTION_TIME) (ms) 141

>> CHART
     431.00 ┤                                                 ╭╮                                             
     390.90 ┤                                                 ││                                             
     350.80 ┤                                                 ││                                             
     310.70 ┼╮                                                ││                                             
     270.60 ┤╰───╮ ╭╮╭╮ ╭╮╭╮               ╭╮                 ││                                             
     230.50 ┤    │ ││││ ││││               ││                 ││                                             
     190.40 ┤    │ ││││ ││││               ││                 │╰──────────────────────────────────────────── 
     150.30 ┤    │ ││││ ││││               ││                 │                                              
     110.20 ┤    │ ││││ ││││               ││                 │                                              
      70.10 ┤    │ ││││ ││││               ││                 │                                              
      30.00 ┤    ╰─╯╰╯╰─╯╰╯╰───────────────╯╰─────────────────╯                                              

 =============================================================== 

>> APP VARIABLES
REDIS_GET 50
REDIS_SET 10
DB_FETCHES 57
LRU_SET 0
LRU_GET 0

>> TEST OUTPUTS
TEST_RUN_TIME (s) 14
APP_EXECUTIONS_COUNT 97
APP_EXECUTION_TIME (ms) 205
AVERAGE(APP_EXECUTION_TIME) (ms) 142

>> CHART
     431.00 ┤                                                 ╭╮                                              
     390.90 ┤                                                 ││                                              
     350.80 ┤                                                 ││                                              
     310.70 ┼╮                                                ││                                              
     270.60 ┤╰───╮ ╭╮╭╮ ╭╮╭╮               ╭╮                 ││                                              
     230.50 ┤    │ ││││ ││││               ││                 ││                                              
     190.40 ┤    │ ││││ ││││               ││                 │╰───────────────────────────────────────────── 
     150.30 ┤    │ ││││ ││││               ││                 │                                               
     110.20 ┤    │ ││││ ││││               ││                 │                                               
      70.10 ┤    │ ││││ ││││               ││                 │                                               
      30.00 ┤    ╰─╯╰╯╰─╯╰╯╰───────────────╯╰─────────────────╯                                               

 =============================================================== 

>> APP VARIABLES
REDIS_GET 50
REDIS_SET 10
DB_FETCHES 58
LRU_SET 0
LRU_GET 0

>> TEST OUTPUTS
TEST_RUN_TIME (s) 14
APP_EXECUTIONS_COUNT 98
APP_EXECUTION_TIME (ms) 204
AVERAGE(APP_EXECUTION_TIME) (ms) 143

>> CHART
     431.00 ┤                                                 ╭╮                                               
     390.90 ┤                                                 ││                                               
     350.80 ┤                                                 ││                                               
     310.70 ┼╮                                                ││                                               
     270.60 ┤╰───╮ ╭╮╭╮ ╭╮╭╮               ╭╮                 ││                                               
     230.50 ┤    │ ││││ ││││               ││                 ││                                               
     190.40 ┤    │ ││││ ││││               ││                 │╰────────────────────────────────────────────── 
     150.30 ┤    │ ││││ ││││               ││                 │                                                
     110.20 ┤    │ ││││ ││││               ││                 │                                                
      70.10 ┤    │ ││││ ││││               ││                 │                                                
      30.00 ┤    ╰─╯╰╯╰─╯╰╯╰───────────────╯╰─────────────────╯                                                

 =============================================================== 

>> APP VARIABLES
REDIS_GET 50
REDIS_SET 10
DB_FETCHES 59
LRU_SET 0
LRU_GET 0

>> TEST OUTPUTS
TEST_RUN_TIME (s) 14
APP_EXECUTIONS_COUNT 99
APP_EXECUTION_TIME (ms) 205
AVERAGE(APP_EXECUTION_TIME) (ms) 143

>> CHART
     431.00 ┤                                                 ╭╮                                                
     390.90 ┤                                                 ││                                                
     350.80 ┤                                                 ││                                                
     310.70 ┼╮                                                ││                                                
     270.60 ┤╰───╮ ╭╮╭╮ ╭╮╭╮               ╭╮                 ││                                                
     230.50 ┤    │ ││││ ││││               ││                 ││                                                
     190.40 ┤    │ ││││ ││││               ││                 │╰─────────────────────────────────────────────── 
     150.30 ┤    │ ││││ ││││               ││                 │                                                 
     110.20 ┤    │ ││││ ││││               ││                 │                                                 
      70.10 ┤    │ ││││ ││││               ││                 │                                                 
      30.00 ┤    ╰─╯╰╯╰─╯╰╯╰───────────────╯╰─────────────────╯                                                 

 =============================================================== 

>> APP VARIABLES
REDIS_GET 50
REDIS_SET 10
DB_FETCHES 60
LRU_SET 0
LRU_GET 0

>> TEST OUTPUTS
TEST_RUN_TIME (s) 14
APP_EXECUTIONS_COUNT 100
APP_EXECUTION_TIME (ms) 394
AVERAGE(APP_EXECUTION_TIME) (ms) 146

>> CHART
     431.00 ┤                                                 ╭╮                                                 
     390.90 ┤                                                 ││                                               ╭ 
     350.80 ┤                                                 ││                                               │ 
     310.70 ┼╮                                                ││                                               │ 
     270.60 ┤╰───╮ ╭╮╭╮ ╭╮╭╮               ╭╮                 ││                                               │ 
     230.50 ┤    │ ││││ ││││               ││                 ││                                               │ 
     190.40 ┤    │ ││││ ││││               ││                 │╰───────────────────────────────────────────────╯ 
     150.30 ┤    │ ││││ ││││               ││                 │                                                  
     110.20 ┤    │ ││││ ││││               ││                 │                                                  
      70.10 ┤    │ ││││ ││││               ││                 │                                                  
      30.00 ┤    ╰─╯╰╯╰─╯╰╯╰───────────────╯╰─────────────────╯                                                  

 =============================================================== 
